#
# There is insufficient memory for the Java Runtime Environment to continue.
# Native memory allocation (malloc) failed to allocate 745552 bytes for Chunk::new
# Possible reasons:
#   The system is out of physical RAM or swap space
#   The process is running with CompressedOops enabled, and the Java Heap may be blocking the growth of the native heap
# Possible solutions:
#   Reduce memory load on the system
#   Increase physical memory or swap space
#   Check if swap backing store is full
#   Decrease Java heap size (-Xmx/-Xms)
#   Decrease number of Java threads
#   Decrease Java thread stack sizes (-Xss)
#   Set larger code cache with -XX:ReservedCodeCacheSize=
#   JVM is running with Unscaled Compressed Oops mode in which the Java heap is
#     placed in the first 4GB address space. The Java Heap base address is the
#     maximum limit for the native heap growth. Please use -XX:HeapBaseMinAddress
#     to set the Java Heap base and to place the Java Heap above 4GB virtual address.
# This output file may be truncated or incomplete.
#
#  Out of Memory Error (arena.cpp:189), pid=44720, tid=34532
#
# JRE version: Java(TM) SE Runtime Environment (17.0.2+8) (build 17.0.2+8-LTS-86)
# Java VM: Java HotSpot(TM) 64-Bit Server VM (17.0.2+8-LTS-86, mixed mode, sharing, tiered, compressed oops, compressed class ptrs, g1 gc, windows-amd64)
# No core dump will be written. Minidumps are not enabled by default on client versions of Windows
#

---------------  S U M M A R Y ------------

Command Line: --add-opens=java.base/java.util=ALL-UNNAMED --add-opens=java.base/java.lang=ALL-UNNAMED --add-opens=java.base/java.lang.invoke=ALL-UNNAMED --add-opens=java.prefs/java.util.prefs=ALL-UNNAMED --add-exports=jdk.compiler/com.sun.tools.javac.api=ALL-UNNAMED --add-exports=jdk.compiler/com.sun.tools.javac.util=ALL-UNNAMED --add-opens=java.base/java.nio.charset=ALL-UNNAMED --add-opens=java.base/java.net=ALL-UNNAMED --add-opens=java.base/java.util.concurrent.atomic=ALL-UNNAMED -XX:MaxMetaspaceSize=384m -XX:+HeapDumpOnOutOfMemoryError -Xms256m -Xmx512m -Dfile.encoding=UTF-8 -Duser.country=KR -Duser.language=ko -Duser.variant -javaagent:C:\Users\s5763\.gradle\wrapper\dists\gradle-8.10.1-bin\e90i968nv55tch01zkse4avv3\gradle-8.10.1\lib\agents\gradle-instrumentation-agent-8.10.1.jar org.gradle.launcher.daemon.bootstrap.GradleDaemon 8.10.1

Host: 11th Gen Intel(R) Core(TM) i5-1135G7 @ 2.40GHz, 8 cores, 15G,  Windows 11 , 64 bit Build 22621 (10.0.22621.3958)
Time: Thu Oct 17 20:33:13 2024  Windows 11 , 64 bit Build 22621 (10.0.22621.3958) elapsed time: 301.691209 seconds (0d 0h 5m 1s)

---------------  T H R E A D  ---------------

Current thread (0x000001ed9dd04310):  JavaThread "C2 CompilerThread0" daemon [_thread_in_native, id=34532, stack(0x0000004ce0300000,0x0000004ce0400000)]


Current CompileTask:
C2: 301703 3390       4       jdk.internal.org.objectweb.asm.SymbolTable::addConstantMemberReference (147 bytes)

Stack: [0x0000004ce0300000,0x0000004ce0400000]
Native frames: (J=compiled Java code, j=interpreted, Vv=VM code, C=native code)
V  [jvm.dll+0x670baa]
V  [jvm.dll+0x7cfcb4]
V  [jvm.dll+0x7d145e]
V  [jvm.dll+0x7d1ac3]
V  [jvm.dll+0x242bc5]
V  [jvm.dll+0xaa57b]
V  [jvm.dll+0xaab0c]
V  [jvm.dll+0x35fd07]
V  [jvm.dll+0x32a331]
V  [jvm.dll+0x3297da]
V  [jvm.dll+0x215c91]
V  [jvm.dll+0x2150b1]
V  [jvm.dll+0x1a1bbd]
V  [jvm.dll+0x224908]
V  [jvm.dll+0x222a6c]
V  [jvm.dll+0x7859bb]
V  [jvm.dll+0x77ff7a]
V  [jvm.dll+0x66fa35]
C  [ucrtbase.dll+0x29333]
C  [KERNEL32.DLL+0x1257d]
C  [ntdll.dll+0x5af08]


---------------  P R O C E S S  ---------------

Threads class SMR info:
_java_thread_list=0x000001eda2371d20, length=34, elements={
0x000001ed81518620, 0x000001ed9dce00d0, 0x000001ed9dce0c80, 0x000001ed9dcfd150,
0x000001ed9dcfdd00, 0x000001ed9dd007c0, 0x000001ed9dd03580, 0x000001ed9dd04310,
0x000001ed9dd05960, 0x000001ed9dd31f00, 0x000001ed9dcce470, 0x000001ed9e921df0,
0x000001ed9ef05820, 0x000001ed9ff28420, 0x000001eda01d9010, 0x000001eda0075d50,
0x000001ed9fc4d580, 0x000001ed9fd60e40, 0x000001ed9fd39ce0, 0x000001ed9f207130,
0x000001ed9f208940, 0x000001ed9f2092e0, 0x000001ed9f207600, 0x000001ed9f20aaf0,
0x000001ed9f2097b0, 0x000001ed9f207fa0, 0x000001ed9f208e10, 0x000001ed9f207ad0,
0x000001ed9f208470, 0x000001ed9f20a150, 0x000001eda158fa40, 0x000001eda1589060,
0x000001eda15908b0, 0x000001eda158e700
}

Java Threads: ( => current thread )
  0x000001ed81518620 JavaThread "main" [_thread_blocked, id=52796, stack(0x0000004cdf600000,0x0000004cdf700000)]
  0x000001ed9dce00d0 JavaThread "Reference Handler" daemon [_thread_blocked, id=1840, stack(0x0000004cdfd00000,0x0000004cdfe00000)]
  0x000001ed9dce0c80 JavaThread "Finalizer" daemon [_thread_blocked, id=3412, stack(0x0000004cdfe00000,0x0000004cdff00000)]
  0x000001ed9dcfd150 JavaThread "Signal Dispatcher" daemon [_thread_blocked, id=41808, stack(0x0000004cdff00000,0x0000004ce0000000)]
  0x000001ed9dcfdd00 JavaThread "Attach Listener" daemon [_thread_blocked, id=49792, stack(0x0000004ce0000000,0x0000004ce0100000)]
  0x000001ed9dd007c0 JavaThread "Service Thread" daemon [_thread_blocked, id=48580, stack(0x0000004ce0100000,0x0000004ce0200000)]
  0x000001ed9dd03580 JavaThread "Monitor Deflation Thread" daemon [_thread_blocked, id=36568, stack(0x0000004ce0200000,0x0000004ce0300000)]
=>0x000001ed9dd04310 JavaThread "C2 CompilerThread0" daemon [_thread_in_native, id=34532, stack(0x0000004ce0300000,0x0000004ce0400000)]
  0x000001ed9dd05960 JavaThread "C1 CompilerThread0" daemon [_thread_blocked, id=46232, stack(0x0000004ce0400000,0x0000004ce0500000)]
  0x000001ed9dd31f00 JavaThread "Sweeper thread" daemon [_thread_blocked, id=31628, stack(0x0000004ce0500000,0x0000004ce0600000)]
  0x000001ed9dcce470 JavaThread "Common-Cleaner" daemon [_thread_blocked, id=31648, stack(0x0000004ce0600000,0x0000004ce0700000)]
  0x000001ed9e921df0 JavaThread "Notification Thread" daemon [_thread_blocked, id=41864, stack(0x0000004ce0700000,0x0000004ce0800000)]
  0x000001ed9ef05820 JavaThread "Daemon health stats" [_thread_blocked, id=43256, stack(0x0000004ce0b00000,0x0000004ce0c00000)]
  0x000001ed9ff28420 JavaThread "Incoming local TCP Connector on port 50534" [_thread_in_native, id=26004, stack(0x0000004ce0e00000,0x0000004ce0f00000)]
  0x000001eda01d9010 JavaThread "Daemon periodic checks" [_thread_blocked, id=53324, stack(0x0000004ce0f00000,0x0000004ce1000000)]
  0x000001eda0075d50 JavaThread "Daemon" [_thread_blocked, id=41472, stack(0x0000004ce1000000,0x0000004ce1100000)]
  0x000001ed9fc4d580 JavaThread "Handler for socket connection from /127.0.0.1:50534 to /127.0.0.1:50540" [_thread_in_native, id=4464, stack(0x0000004ce1100000,0x0000004ce1200000)]
  0x000001ed9fd60e40 JavaThread "Cancel handler" [_thread_blocked, id=51204, stack(0x0000004ce1400000,0x0000004ce1500000)]
  0x000001ed9fd39ce0 JavaThread "Daemon worker" [_thread_in_native, id=47308, stack(0x0000004ce1500000,0x0000004ce1600000)]
  0x000001ed9f207130 JavaThread "Asynchronous log dispatcher for DefaultDaemonConnection: socket connection from /127.0.0.1:50534 to /127.0.0.1:50540" [_thread_blocked, id=37836, stack(0x0000004ce1600000,0x0000004ce1700000)]
  0x000001ed9f208940 JavaThread "Stdin handler" [_thread_blocked, id=27924, stack(0x0000004ce1700000,0x0000004ce1800000)]
  0x000001ed9f2092e0 JavaThread "Daemon client event forwarder" [_thread_blocked, id=4532, stack(0x0000004ce1800000,0x0000004ce1900000)]
  0x000001ed9f207600 JavaThread "Cache worker for journal cache (C:\Users\s5763\.gradle\caches\journal-1)" [_thread_blocked, id=54740, stack(0x0000004ce0c00000,0x0000004ce0d00000)]
  0x000001ed9f20aaf0 JavaThread "File lock request listener" [_thread_in_native, id=54780, stack(0x0000004ce0d00000,0x0000004ce0e00000)]
  0x000001ed9f2097b0 JavaThread "Cache worker for file hash cache (C:\Users\s5763\.gradle\caches\8.10.1\fileHashes)" [_thread_blocked, id=54796, stack(0x0000004ce1900000,0x0000004ce1a00000)]
  0x000001ed9f207fa0 JavaThread "File lock release action executor" [_thread_blocked, id=54816, stack(0x0000004ce1a00000,0x0000004ce1b00000)]
  0x000001ed9f208e10 JavaThread "Cache worker for file hash cache (F:\bootcamp\DaeChamSa\msa_\with-the-developer-post-service\.gradle\8.10.1\fileHashes)" [_thread_blocked, id=55244, stack(0x0000004ce1b00000,0x0000004ce1c00000)]
  0x000001ed9f207ad0 JavaThread "Cache worker for Build Output Cleanup Cache (F:\bootcamp\DaeChamSa\msa_\with-the-developer-post-service\.gradle\buildOutputCleanup)" [_thread_blocked, id=50776, stack(0x0000004ce1c00000,0x0000004ce1d00000)]
  0x000001ed9f208470 JavaThread "File watcher server" daemon [_thread_in_native, id=36744, stack(0x0000004ce2000000,0x0000004ce2100000)]
  0x000001ed9f20a150 JavaThread "File watcher consumer" daemon [_thread_blocked, id=54644, stack(0x0000004ce2100000,0x0000004ce2200000)]
  0x000001eda158fa40 JavaThread "Cache worker for checksums cache (F:\bootcamp\DaeChamSa\msa_\with-the-developer-post-service\.gradle\8.10.1\checksums)" [_thread_blocked, id=55000, stack(0x0000004ce2300000,0x0000004ce2400000)]
  0x000001eda1589060 JavaThread "Cache worker for file content cache (C:\Users\s5763\.gradle\caches\8.10.1\fileContent)" [_thread_blocked, id=54756, stack(0x0000004ce2200000,0x0000004ce2300000)]
  0x000001eda15908b0 JavaThread "Cache worker for cache directory md-rule (C:\Users\s5763\.gradle\caches\8.10.1\md-rule)" [_thread_blocked, id=55216, stack(0x0000004ce2500000,0x0000004ce2600000)]
  0x000001eda158e700 JavaThread "Cache worker for cache directory md-supplier (C:\Users\s5763\.gradle\caches\8.10.1\md-supplier)" [_thread_blocked, id=54380, stack(0x0000004ce2400000,0x0000004ce2500000)]

Other Threads:
  0x000001ed9dcdaa90 VMThread "VM Thread" [stack: 0x0000004cdfc00000,0x0000004cdfd00000] [id=40096]
  0x000001ed9ea0bd10 WatcherThread [stack: 0x0000004ce0800000,0x0000004ce0900000] [id=29868]
  0x000001ed815415a0 GCTaskThread "GC Thread#0" [stack: 0x0000004cdf700000,0x0000004cdf800000] [id=31868]
  0x000001ed9ea5e600 GCTaskThread "GC Thread#1" [stack: 0x0000004cdf300000,0x0000004cdf400000] [id=51056]
  0x000001ed9eb37470 GCTaskThread "GC Thread#2" [stack: 0x0000004cdf400000,0x0000004cdf500000] [id=40644]
  0x000001ed9eb37720 GCTaskThread "GC Thread#3" [stack: 0x0000004cdf500000,0x0000004cdf600000] [id=14456]
  0x000001ed9ecaa040 GCTaskThread "GC Thread#4" [stack: 0x0000004ce0900000,0x0000004ce0a00000] [id=40160]
  0x000001ed9ecaa2f0 GCTaskThread "GC Thread#5" [stack: 0x0000004ce0a00000,0x0000004ce0b00000] [id=21872]
  0x000001eda236b050 GCTaskThread "GC Thread#6" [stack: 0x0000004ce1d00000,0x0000004ce1e00000] [id=44200]
  0x000001eda236bdc0 GCTaskThread "GC Thread#7" [stack: 0x0000004ce1e00000,0x0000004ce1f00000] [id=36504]
  0x000001ed815464e0 ConcurrentGCThread "G1 Main Marker" [stack: 0x0000004cdf800000,0x0000004cdf900000] [id=39508]
  0x000001ed81546ef0 ConcurrentGCThread "G1 Conc#0" [stack: 0x0000004cdf900000,0x0000004cdfa00000] [id=44016]
  0x000001eda236bb10 ConcurrentGCThread "G1 Conc#1" [stack: 0x0000004ce1f00000,0x0000004ce2000000] [id=39052]
  0x000001ed9dba20d0 ConcurrentGCThread "G1 Refine#0" [stack: 0x0000004cdfa00000,0x0000004cdfb00000] [id=42572]
  0x000001ed9dba2af0 ConcurrentGCThread "G1 Service" [stack: 0x0000004cdfb00000,0x0000004cdfc00000] [id=31484]

Threads with active compile tasks:
C2 CompilerThread0   307599 3390       4       jdk.internal.org.objectweb.asm.SymbolTable::addConstantMemberReference (147 bytes)

VM state: not at safepoint (normal execution)

VM Mutex/Monitor currently owned by a thread: None

Heap address: 0x00000000e0000000, size: 512 MB, Compressed Oops mode: 32-bit

CDS archive(s) mapped at: [0x0000000800000000-0x0000000800bc0000-0x0000000800bc0000), size 12320768, SharedBaseAddress: 0x0000000800000000, ArchiveRelocationMode: 0.
Compressed class space mapped at: 0x0000000800c00000-0x0000000814000000, reserved size: 322961408
Narrow klass base: 0x0000000800000000, Narrow klass shift: 0, Narrow klass range: 0x100000000

GC Precious Log:
 CPUs: 8 total, 8 available
 Memory: 16057M
 Large Page Support: Disabled
 NUMA Support: Disabled
 Compressed Oops: Enabled (32-bit)
 Heap Region Size: 1M
 Heap Min Capacity: 256M
 Heap Initial Capacity: 256M
 Heap Max Capacity: 512M
 Pre-touch: Disabled
 Parallel Workers: 8
 Concurrent Workers: 2
 Concurrent Refinement Workers: 8
 Periodic GC: Disabled

Heap:
 garbage-first heap   total 262144K, used 72909K [0x00000000e0000000, 0x0000000100000000)
  region size 1024K, 60 young (61440K), 12 survivors (12288K)
 Metaspace       used 26788K, committed 27200K, reserved 339968K
  class space    used 3969K, committed 4160K, reserved 315392K

Heap Regions: E=young(eden), S=young(survivor), O=old, HS=humongous(starts), HC=humongous(continues), CS=collection set, F=free, OA=open archive, CA=closed archive, TAMS=top-at-mark-start (previous, next)
|   0|0x00000000e0000000, 0x00000000e0100000, 0x00000000e0100000|100%| O|  |TAMS 0x00000000e0100000, 0x00000000e0000000| Untracked 
|   1|0x00000000e0100000, 0x00000000e0200000, 0x00000000e0200000|100%| O|  |TAMS 0x00000000e0200000, 0x00000000e0100000| Untracked 
|   2|0x00000000e0200000, 0x00000000e0300000, 0x00000000e0300000|100%|HS|  |TAMS 0x00000000e0300000, 0x00000000e0200000| Complete 
|   3|0x00000000e0300000, 0x00000000e0400000, 0x00000000e0400000|100%|HC|  |TAMS 0x00000000e0400000, 0x00000000e0300000| Complete 
|   4|0x00000000e0400000, 0x00000000e0500000, 0x00000000e0500000|100%|HC|  |TAMS 0x00000000e0500000, 0x00000000e0400000| Complete 
|   5|0x00000000e0500000, 0x00000000e0600000, 0x00000000e0600000|100%|HC|  |TAMS 0x00000000e0600000, 0x00000000e0500000| Complete 
|   6|0x00000000e0600000, 0x00000000e0700000, 0x00000000e0700000|100%| O|  |TAMS 0x00000000e0700000, 0x00000000e0600000| Untracked 
|   7|0x00000000e0700000, 0x00000000e0800000, 0x00000000e0800000|100%| O|  |TAMS 0x00000000e0800000, 0x00000000e0700000| Untracked 
|   8|0x00000000e0800000, 0x00000000e0900000, 0x00000000e0900000|100%| O|  |TAMS 0x00000000e0900000, 0x00000000e0800000| Untracked 
|   9|0x00000000e0900000, 0x00000000e0a00000, 0x00000000e0a00000|100%|HS|  |TAMS 0x00000000e0a00000, 0x00000000e0900000| Complete 
|  10|0x00000000e0a00000, 0x00000000e0a00000, 0x00000000e0b00000|  0%| F|  |TAMS 0x00000000e0a00000, 0x00000000e0a00000| Untracked 
|  11|0x00000000e0b00000, 0x00000000e0c00000, 0x00000000e0c00000|100%| O|  |TAMS 0x00000000e0c00000, 0x00000000e0b00000| Untracked 
|  12|0x00000000e0c00000, 0x00000000e0d00000, 0x00000000e0d00000|100%| O|  |TAMS 0x00000000e0d00000, 0x00000000e0c00000| Untracked 
|  13|0x00000000e0d00000, 0x00000000e0dcf400, 0x00000000e0e00000| 80%| O|  |TAMS 0x00000000e0dcf400, 0x00000000e0d00000| Untracked 
|  14|0x00000000e0e00000, 0x00000000e0e00000, 0x00000000e0f00000|  0%| F|  |TAMS 0x00000000e0e00000, 0x00000000e0e00000| Untracked 
|  15|0x00000000e0f00000, 0x00000000e0f00000, 0x00000000e1000000|  0%| F|  |TAMS 0x00000000e0f00000, 0x00000000e0f00000| Untracked 
|  16|0x00000000e1000000, 0x00000000e1000000, 0x00000000e1100000|  0%| F|  |TAMS 0x00000000e1000000, 0x00000000e1000000| Untracked 
|  17|0x00000000e1100000, 0x00000000e1100000, 0x00000000e1200000|  0%| F|  |TAMS 0x00000000e1100000, 0x00000000e1100000| Untracked 
|  18|0x00000000e1200000, 0x00000000e1200000, 0x00000000e1300000|  0%| F|  |TAMS 0x00000000e1200000, 0x00000000e1200000| Untracked 
|  19|0x00000000e1300000, 0x00000000e1300000, 0x00000000e1400000|  0%| F|  |TAMS 0x00000000e1300000, 0x00000000e1300000| Untracked 
|  20|0x00000000e1400000, 0x00000000e1400000, 0x00000000e1500000|  0%| F|  |TAMS 0x00000000e1400000, 0x00000000e1400000| Untracked 
|  21|0x00000000e1500000, 0x00000000e1500000, 0x00000000e1600000|  0%| F|  |TAMS 0x00000000e1500000, 0x00000000e1500000| Untracked 
|  22|0x00000000e1600000, 0x00000000e1600000, 0x00000000e1700000|  0%| F|  |TAMS 0x00000000e1600000, 0x00000000e1600000| Untracked 
|  23|0x00000000e1700000, 0x00000000e1700000, 0x00000000e1800000|  0%| F|  |TAMS 0x00000000e1700000, 0x00000000e1700000| Untracked 
|  24|0x00000000e1800000, 0x00000000e1800000, 0x00000000e1900000|  0%| F|  |TAMS 0x00000000e1800000, 0x00000000e1800000| Untracked 
|  25|0x00000000e1900000, 0x00000000e1900000, 0x00000000e1a00000|  0%| F|  |TAMS 0x00000000e1900000, 0x00000000e1900000| Untracked 
|  26|0x00000000e1a00000, 0x00000000e1a00000, 0x00000000e1b00000|  0%| F|  |TAMS 0x00000000e1a00000, 0x00000000e1a00000| Untracked 
|  27|0x00000000e1b00000, 0x00000000e1b00000, 0x00000000e1c00000|  0%| F|  |TAMS 0x00000000e1b00000, 0x00000000e1b00000| Untracked 
|  28|0x00000000e1c00000, 0x00000000e1c00000, 0x00000000e1d00000|  0%| F|  |TAMS 0x00000000e1c00000, 0x00000000e1c00000| Untracked 
|  29|0x00000000e1d00000, 0x00000000e1d00000, 0x00000000e1e00000|  0%| F|  |TAMS 0x00000000e1d00000, 0x00000000e1d00000| Untracked 
|  30|0x00000000e1e00000, 0x00000000e1e00000, 0x00000000e1f00000|  0%| F|  |TAMS 0x00000000e1e00000, 0x00000000e1e00000| Untracked 
|  31|0x00000000e1f00000, 0x00000000e1f00000, 0x00000000e2000000|  0%| F|  |TAMS 0x00000000e1f00000, 0x00000000e1f00000| Untracked 
|  32|0x00000000e2000000, 0x00000000e2000000, 0x00000000e2100000|  0%| F|  |TAMS 0x00000000e2000000, 0x00000000e2000000| Untracked 
|  33|0x00000000e2100000, 0x00000000e2100000, 0x00000000e2200000|  0%| F|  |TAMS 0x00000000e2100000, 0x00000000e2100000| Untracked 
|  34|0x00000000e2200000, 0x00000000e2200000, 0x00000000e2300000|  0%| F|  |TAMS 0x00000000e2200000, 0x00000000e2200000| Untracked 
|  35|0x00000000e2300000, 0x00000000e2300000, 0x00000000e2400000|  0%| F|  |TAMS 0x00000000e2300000, 0x00000000e2300000| Untracked 
|  36|0x00000000e2400000, 0x00000000e2400000, 0x00000000e2500000|  0%| F|  |TAMS 0x00000000e2400000, 0x00000000e2400000| Untracked 
|  37|0x00000000e2500000, 0x00000000e2500000, 0x00000000e2600000|  0%| F|  |TAMS 0x00000000e2500000, 0x00000000e2500000| Untracked 
|  38|0x00000000e2600000, 0x00000000e2600000, 0x00000000e2700000|  0%| F|  |TAMS 0x00000000e2600000, 0x00000000e2600000| Untracked 
|  39|0x00000000e2700000, 0x00000000e2700000, 0x00000000e2800000|  0%| F|  |TAMS 0x00000000e2700000, 0x00000000e2700000| Untracked 
|  40|0x00000000e2800000, 0x00000000e2800000, 0x00000000e2900000|  0%| F|  |TAMS 0x00000000e2800000, 0x00000000e2800000| Untracked 
|  41|0x00000000e2900000, 0x00000000e2900000, 0x00000000e2a00000|  0%| F|  |TAMS 0x00000000e2900000, 0x00000000e2900000| Untracked 
|  42|0x00000000e2a00000, 0x00000000e2a00000, 0x00000000e2b00000|  0%| F|  |TAMS 0x00000000e2a00000, 0x00000000e2a00000| Untracked 
|  43|0x00000000e2b00000, 0x00000000e2b00000, 0x00000000e2c00000|  0%| F|  |TAMS 0x00000000e2b00000, 0x00000000e2b00000| Untracked 
|  44|0x00000000e2c00000, 0x00000000e2c00000, 0x00000000e2d00000|  0%| F|  |TAMS 0x00000000e2c00000, 0x00000000e2c00000| Untracked 
|  45|0x00000000e2d00000, 0x00000000e2d00000, 0x00000000e2e00000|  0%| F|  |TAMS 0x00000000e2d00000, 0x00000000e2d00000| Untracked 
|  46|0x00000000e2e00000, 0x00000000e2e00000, 0x00000000e2f00000|  0%| F|  |TAMS 0x00000000e2e00000, 0x00000000e2e00000| Untracked 
|  47|0x00000000e2f00000, 0x00000000e2f00000, 0x00000000e3000000|  0%| F|  |TAMS 0x00000000e2f00000, 0x00000000e2f00000| Untracked 
|  48|0x00000000e3000000, 0x00000000e3000000, 0x00000000e3100000|  0%| F|  |TAMS 0x00000000e3000000, 0x00000000e3000000| Untracked 
|  49|0x00000000e3100000, 0x00000000e3100000, 0x00000000e3200000|  0%| F|  |TAMS 0x00000000e3100000, 0x00000000e3100000| Untracked 
|  50|0x00000000e3200000, 0x00000000e3200000, 0x00000000e3300000|  0%| F|  |TAMS 0x00000000e3200000, 0x00000000e3200000| Untracked 
|  51|0x00000000e3300000, 0x00000000e3300000, 0x00000000e3400000|  0%| F|  |TAMS 0x00000000e3300000, 0x00000000e3300000| Untracked 
|  52|0x00000000e3400000, 0x00000000e3400000, 0x00000000e3500000|  0%| F|  |TAMS 0x00000000e3400000, 0x00000000e3400000| Untracked 
|  53|0x00000000e3500000, 0x00000000e3500000, 0x00000000e3600000|  0%| F|  |TAMS 0x00000000e3500000, 0x00000000e3500000| Untracked 
|  54|0x00000000e3600000, 0x00000000e3600000, 0x00000000e3700000|  0%| F|  |TAMS 0x00000000e3600000, 0x00000000e3600000| Untracked 
|  55|0x00000000e3700000, 0x00000000e3700000, 0x00000000e3800000|  0%| F|  |TAMS 0x00000000e3700000, 0x00000000e3700000| Untracked 
|  56|0x00000000e3800000, 0x00000000e3800000, 0x00000000e3900000|  0%| F|  |TAMS 0x00000000e3800000, 0x00000000e3800000| Untracked 
|  57|0x00000000e3900000, 0x00000000e3900000, 0x00000000e3a00000|  0%| F|  |TAMS 0x00000000e3900000, 0x00000000e3900000| Untracked 
|  58|0x00000000e3a00000, 0x00000000e3a00000, 0x00000000e3b00000|  0%| F|  |TAMS 0x00000000e3a00000, 0x00000000e3a00000| Untracked 
|  59|0x00000000e3b00000, 0x00000000e3b00000, 0x00000000e3c00000|  0%| F|  |TAMS 0x00000000e3b00000, 0x00000000e3b00000| Untracked 
|  60|0x00000000e3c00000, 0x00000000e3c00000, 0x00000000e3d00000|  0%| F|  |TAMS 0x00000000e3c00000, 0x00000000e3c00000| Untracked 
|  61|0x00000000e3d00000, 0x00000000e3d00000, 0x00000000e3e00000|  0%| F|  |TAMS 0x00000000e3d00000, 0x00000000e3d00000| Untracked 
|  62|0x00000000e3e00000, 0x00000000e3e00000, 0x00000000e3f00000|  0%| F|  |TAMS 0x00000000e3e00000, 0x00000000e3e00000| Untracked 
|  63|0x00000000e3f00000, 0x00000000e3f00000, 0x00000000e4000000|  0%| F|  |TAMS 0x00000000e3f00000, 0x00000000e3f00000| Untracked 
|  64|0x00000000e4000000, 0x00000000e4000000, 0x00000000e4100000|  0%| F|  |TAMS 0x00000000e4000000, 0x00000000e4000000| Untracked 
|  65|0x00000000e4100000, 0x00000000e4100000, 0x00000000e4200000|  0%| F|  |TAMS 0x00000000e4100000, 0x00000000e4100000| Untracked 
|  66|0x00000000e4200000, 0x00000000e4200000, 0x00000000e4300000|  0%| F|  |TAMS 0x00000000e4200000, 0x00000000e4200000| Untracked 
|  67|0x00000000e4300000, 0x00000000e4300000, 0x00000000e4400000|  0%| F|  |TAMS 0x00000000e4300000, 0x00000000e4300000| Untracked 
|  68|0x00000000e4400000, 0x00000000e4400000, 0x00000000e4500000|  0%| F|  |TAMS 0x00000000e4400000, 0x00000000e4400000| Untracked 
|  69|0x00000000e4500000, 0x00000000e4500000, 0x00000000e4600000|  0%| F|  |TAMS 0x00000000e4500000, 0x00000000e4500000| Untracked 
|  70|0x00000000e4600000, 0x00000000e4600000, 0x00000000e4700000|  0%| F|  |TAMS 0x00000000e4600000, 0x00000000e4600000| Untracked 
|  71|0x00000000e4700000, 0x00000000e4700000, 0x00000000e4800000|  0%| F|  |TAMS 0x00000000e4700000, 0x00000000e4700000| Untracked 
|  72|0x00000000e4800000, 0x00000000e4800000, 0x00000000e4900000|  0%| F|  |TAMS 0x00000000e4800000, 0x00000000e4800000| Untracked 
|  73|0x00000000e4900000, 0x00000000e4900000, 0x00000000e4a00000|  0%| F|  |TAMS 0x00000000e4900000, 0x00000000e4900000| Untracked 
|  74|0x00000000e4a00000, 0x00000000e4a00000, 0x00000000e4b00000|  0%| F|  |TAMS 0x00000000e4a00000, 0x00000000e4a00000| Untracked 
|  75|0x00000000e4b00000, 0x00000000e4b00000, 0x00000000e4c00000|  0%| F|  |TAMS 0x00000000e4b00000, 0x00000000e4b00000| Untracked 
|  76|0x00000000e4c00000, 0x00000000e4c00000, 0x00000000e4d00000|  0%| F|  |TAMS 0x00000000e4c00000, 0x00000000e4c00000| Untracked 
|  77|0x00000000e4d00000, 0x00000000e4d00000, 0x00000000e4e00000|  0%| F|  |TAMS 0x00000000e4d00000, 0x00000000e4d00000| Untracked 
|  78|0x00000000e4e00000, 0x00000000e4e00000, 0x00000000e4f00000|  0%| F|  |TAMS 0x00000000e4e00000, 0x00000000e4e00000| Untracked 
|  79|0x00000000e4f00000, 0x00000000e4f00000, 0x00000000e5000000|  0%| F|  |TAMS 0x00000000e4f00000, 0x00000000e4f00000| Untracked 
|  80|0x00000000e5000000, 0x00000000e5000000, 0x00000000e5100000|  0%| F|  |TAMS 0x00000000e5000000, 0x00000000e5000000| Untracked 
|  81|0x00000000e5100000, 0x00000000e5100000, 0x00000000e5200000|  0%| F|  |TAMS 0x00000000e5100000, 0x00000000e5100000| Untracked 
|  82|0x00000000e5200000, 0x00000000e5200000, 0x00000000e5300000|  0%| F|  |TAMS 0x00000000e5200000, 0x00000000e5200000| Untracked 
|  83|0x00000000e5300000, 0x00000000e5300000, 0x00000000e5400000|  0%| F|  |TAMS 0x00000000e5300000, 0x00000000e5300000| Untracked 
|  84|0x00000000e5400000, 0x00000000e5400000, 0x00000000e5500000|  0%| F|  |TAMS 0x00000000e5400000, 0x00000000e5400000| Untracked 
|  85|0x00000000e5500000, 0x00000000e5500000, 0x00000000e5600000|  0%| F|  |TAMS 0x00000000e5500000, 0x00000000e5500000| Untracked 
|  86|0x00000000e5600000, 0x00000000e5600000, 0x00000000e5700000|  0%| F|  |TAMS 0x00000000e5600000, 0x00000000e5600000| Untracked 
|  87|0x00000000e5700000, 0x00000000e5700000, 0x00000000e5800000|  0%| F|  |TAMS 0x00000000e5700000, 0x00000000e5700000| Untracked 
|  88|0x00000000e5800000, 0x00000000e5800000, 0x00000000e5900000|  0%| F|  |TAMS 0x00000000e5800000, 0x00000000e5800000| Untracked 
|  89|0x00000000e5900000, 0x00000000e5900000, 0x00000000e5a00000|  0%| F|  |TAMS 0x00000000e5900000, 0x00000000e5900000| Untracked 
|  90|0x00000000e5a00000, 0x00000000e5a00000, 0x00000000e5b00000|  0%| F|  |TAMS 0x00000000e5a00000, 0x00000000e5a00000| Untracked 
|  91|0x00000000e5b00000, 0x00000000e5b00000, 0x00000000e5c00000|  0%| F|  |TAMS 0x00000000e5b00000, 0x00000000e5b00000| Untracked 
|  92|0x00000000e5c00000, 0x00000000e5c00000, 0x00000000e5d00000|  0%| F|  |TAMS 0x00000000e5c00000, 0x00000000e5c00000| Untracked 
|  93|0x00000000e5d00000, 0x00000000e5d00000, 0x00000000e5e00000|  0%| F|  |TAMS 0x00000000e5d00000, 0x00000000e5d00000| Untracked 
|  94|0x00000000e5e00000, 0x00000000e5e00000, 0x00000000e5f00000|  0%| F|  |TAMS 0x00000000e5e00000, 0x00000000e5e00000| Untracked 
|  95|0x00000000e5f00000, 0x00000000e5f00000, 0x00000000e6000000|  0%| F|  |TAMS 0x00000000e5f00000, 0x00000000e5f00000| Untracked 
|  96|0x00000000e6000000, 0x00000000e6000000, 0x00000000e6100000|  0%| F|  |TAMS 0x00000000e6000000, 0x00000000e6000000| Untracked 
|  97|0x00000000e6100000, 0x00000000e6100000, 0x00000000e6200000|  0%| F|  |TAMS 0x00000000e6100000, 0x00000000e6100000| Untracked 
|  98|0x00000000e6200000, 0x00000000e6200000, 0x00000000e6300000|  0%| F|  |TAMS 0x00000000e6200000, 0x00000000e6200000| Untracked 
|  99|0x00000000e6300000, 0x00000000e6300000, 0x00000000e6400000|  0%| F|  |TAMS 0x00000000e6300000, 0x00000000e6300000| Untracked 
| 100|0x00000000e6400000, 0x00000000e6400000, 0x00000000e6500000|  0%| F|  |TAMS 0x00000000e6400000, 0x00000000e6400000| Untracked 
| 101|0x00000000e6500000, 0x00000000e6500000, 0x00000000e6600000|  0%| F|  |TAMS 0x00000000e6500000, 0x00000000e6500000| Untracked 
| 102|0x00000000e6600000, 0x00000000e6600000, 0x00000000e6700000|  0%| F|  |TAMS 0x00000000e6600000, 0x00000000e6600000| Untracked 
| 103|0x00000000e6700000, 0x00000000e6700000, 0x00000000e6800000|  0%| F|  |TAMS 0x00000000e6700000, 0x00000000e6700000| Untracked 
| 104|0x00000000e6800000, 0x00000000e6800000, 0x00000000e6900000|  0%| F|  |TAMS 0x00000000e6800000, 0x00000000e6800000| Untracked 
| 105|0x00000000e6900000, 0x00000000e6900000, 0x00000000e6a00000|  0%| F|  |TAMS 0x00000000e6900000, 0x00000000e6900000| Untracked 
| 106|0x00000000e6a00000, 0x00000000e6a00000, 0x00000000e6b00000|  0%| F|  |TAMS 0x00000000e6a00000, 0x00000000e6a00000| Untracked 
| 107|0x00000000e6b00000, 0x00000000e6b00000, 0x00000000e6c00000|  0%| F|  |TAMS 0x00000000e6b00000, 0x00000000e6b00000| Untracked 
| 108|0x00000000e6c00000, 0x00000000e6c00000, 0x00000000e6d00000|  0%| F|  |TAMS 0x00000000e6c00000, 0x00000000e6c00000| Untracked 
| 109|0x00000000e6d00000, 0x00000000e6d00000, 0x00000000e6e00000|  0%| F|  |TAMS 0x00000000e6d00000, 0x00000000e6d00000| Untracked 
| 110|0x00000000e6e00000, 0x00000000e6e00000, 0x00000000e6f00000|  0%| F|  |TAMS 0x00000000e6e00000, 0x00000000e6e00000| Untracked 
| 111|0x00000000e6f00000, 0x00000000e6f00000, 0x00000000e7000000|  0%| F|  |TAMS 0x00000000e6f00000, 0x00000000e6f00000| Untracked 
| 112|0x00000000e7000000, 0x00000000e7000000, 0x00000000e7100000|  0%| F|  |TAMS 0x00000000e7000000, 0x00000000e7000000| Untracked 
| 113|0x00000000e7100000, 0x00000000e7100000, 0x00000000e7200000|  0%| F|  |TAMS 0x00000000e7100000, 0x00000000e7100000| Untracked 
| 114|0x00000000e7200000, 0x00000000e7200000, 0x00000000e7300000|  0%| F|  |TAMS 0x00000000e7200000, 0x00000000e7200000| Untracked 
| 115|0x00000000e7300000, 0x00000000e7300000, 0x00000000e7400000|  0%| F|  |TAMS 0x00000000e7300000, 0x00000000e7300000| Untracked 
| 116|0x00000000e7400000, 0x00000000e7400000, 0x00000000e7500000|  0%| F|  |TAMS 0x00000000e7400000, 0x00000000e7400000| Untracked 
| 117|0x00000000e7500000, 0x00000000e7500000, 0x00000000e7600000|  0%| F|  |TAMS 0x00000000e7500000, 0x00000000e7500000| Untracked 
| 118|0x00000000e7600000, 0x00000000e7600000, 0x00000000e7700000|  0%| F|  |TAMS 0x00000000e7600000, 0x00000000e7600000| Untracked 
| 119|0x00000000e7700000, 0x00000000e7700000, 0x00000000e7800000|  0%| F|  |TAMS 0x00000000e7700000, 0x00000000e7700000| Untracked 
| 120|0x00000000e7800000, 0x00000000e7800000, 0x00000000e7900000|  0%| F|  |TAMS 0x00000000e7800000, 0x00000000e7800000| Untracked 
| 121|0x00000000e7900000, 0x00000000e7900000, 0x00000000e7a00000|  0%| F|  |TAMS 0x00000000e7900000, 0x00000000e7900000| Untracked 
| 122|0x00000000e7a00000, 0x00000000e7a00000, 0x00000000e7b00000|  0%| F|  |TAMS 0x00000000e7a00000, 0x00000000e7a00000| Untracked 
| 123|0x00000000e7b00000, 0x00000000e7b00000, 0x00000000e7c00000|  0%| F|  |TAMS 0x00000000e7b00000, 0x00000000e7b00000| Untracked 
| 124|0x00000000e7c00000, 0x00000000e7c00000, 0x00000000e7d00000|  0%| F|  |TAMS 0x00000000e7c00000, 0x00000000e7c00000| Untracked 
| 125|0x00000000e7d00000, 0x00000000e7d00000, 0x00000000e7e00000|  0%| F|  |TAMS 0x00000000e7d00000, 0x00000000e7d00000| Untracked 
| 126|0x00000000e7e00000, 0x00000000e7e00000, 0x00000000e7f00000|  0%| F|  |TAMS 0x00000000e7e00000, 0x00000000e7e00000| Untracked 
| 127|0x00000000e7f00000, 0x00000000e7f00000, 0x00000000e8000000|  0%| F|  |TAMS 0x00000000e7f00000, 0x00000000e7f00000| Untracked 
| 128|0x00000000e8000000, 0x00000000e8064300, 0x00000000e8100000| 39%| S|CS|TAMS 0x00000000e8000000, 0x00000000e8000000| Complete 
| 129|0x00000000e8100000, 0x00000000e8200000, 0x00000000e8200000|100%| S|CS|TAMS 0x00000000e8100000, 0x00000000e8100000| Complete 
| 130|0x00000000e8200000, 0x00000000e8300000, 0x00000000e8300000|100%| S|CS|TAMS 0x00000000e8200000, 0x00000000e8200000| Complete 
| 131|0x00000000e8300000, 0x00000000e8400000, 0x00000000e8400000|100%| S|CS|TAMS 0x00000000e8300000, 0x00000000e8300000| Complete 
| 132|0x00000000e8400000, 0x00000000e8500000, 0x00000000e8500000|100%| S|CS|TAMS 0x00000000e8400000, 0x00000000e8400000| Complete 
| 133|0x00000000e8500000, 0x00000000e8600000, 0x00000000e8600000|100%| S|CS|TAMS 0x00000000e8500000, 0x00000000e8500000| Complete 
| 134|0x00000000e8600000, 0x00000000e8700000, 0x00000000e8700000|100%| S|CS|TAMS 0x00000000e8600000, 0x00000000e8600000| Complete 
| 135|0x00000000e8700000, 0x00000000e8800000, 0x00000000e8800000|100%| S|CS|TAMS 0x00000000e8700000, 0x00000000e8700000| Complete 
| 136|0x00000000e8800000, 0x00000000e8900000, 0x00000000e8900000|100%| S|CS|TAMS 0x00000000e8800000, 0x00000000e8800000| Complete 
| 137|0x00000000e8900000, 0x00000000e8a00000, 0x00000000e8a00000|100%| S|CS|TAMS 0x00000000e8900000, 0x00000000e8900000| Complete 
| 138|0x00000000e8a00000, 0x00000000e8b00000, 0x00000000e8b00000|100%| S|CS|TAMS 0x00000000e8a00000, 0x00000000e8a00000| Complete 
| 139|0x00000000e8b00000, 0x00000000e8c00000, 0x00000000e8c00000|100%| S|CS|TAMS 0x00000000e8b00000, 0x00000000e8b00000| Complete 
| 140|0x00000000e8c00000, 0x00000000e8c00000, 0x00000000e8d00000|  0%| F|  |TAMS 0x00000000e8c00000, 0x00000000e8c00000| Untracked 
| 141|0x00000000e8d00000, 0x00000000e8d00000, 0x00000000e8e00000|  0%| F|  |TAMS 0x00000000e8d00000, 0x00000000e8d00000| Untracked 
| 142|0x00000000e8e00000, 0x00000000e8e00000, 0x00000000e8f00000|  0%| F|  |TAMS 0x00000000e8e00000, 0x00000000e8e00000| Untracked 
| 143|0x00000000e8f00000, 0x00000000e8f00000, 0x00000000e9000000|  0%| F|  |TAMS 0x00000000e8f00000, 0x00000000e8f00000| Untracked 
| 144|0x00000000e9000000, 0x00000000e9000000, 0x00000000e9100000|  0%| F|  |TAMS 0x00000000e9000000, 0x00000000e9000000| Untracked 
| 145|0x00000000e9100000, 0x00000000e9100000, 0x00000000e9200000|  0%| F|  |TAMS 0x00000000e9100000, 0x00000000e9100000| Untracked 
| 146|0x00000000e9200000, 0x00000000e9200000, 0x00000000e9300000|  0%| F|  |TAMS 0x00000000e9200000, 0x00000000e9200000| Untracked 
| 147|0x00000000e9300000, 0x00000000e9300000, 0x00000000e9400000|  0%| F|  |TAMS 0x00000000e9300000, 0x00000000e9300000| Untracked 
| 148|0x00000000e9400000, 0x00000000e9400000, 0x00000000e9500000|  0%| F|  |TAMS 0x00000000e9400000, 0x00000000e9400000| Untracked 
| 149|0x00000000e9500000, 0x00000000e9500000, 0x00000000e9600000|  0%| F|  |TAMS 0x00000000e9500000, 0x00000000e9500000| Untracked 
| 150|0x00000000e9600000, 0x00000000e9600000, 0x00000000e9700000|  0%| F|  |TAMS 0x00000000e9600000, 0x00000000e9600000| Untracked 
| 151|0x00000000e9700000, 0x00000000e9700000, 0x00000000e9800000|  0%| F|  |TAMS 0x00000000e9700000, 0x00000000e9700000| Untracked 
| 152|0x00000000e9800000, 0x00000000e9800000, 0x00000000e9900000|  0%| F|  |TAMS 0x00000000e9800000, 0x00000000e9800000| Untracked 
| 153|0x00000000e9900000, 0x00000000e9900000, 0x00000000e9a00000|  0%| F|  |TAMS 0x00000000e9900000, 0x00000000e9900000| Untracked 
| 154|0x00000000e9a00000, 0x00000000e9a00000, 0x00000000e9b00000|  0%| F|  |TAMS 0x00000000e9a00000, 0x00000000e9a00000| Untracked 
| 155|0x00000000e9b00000, 0x00000000e9b00000, 0x00000000e9c00000|  0%| F|  |TAMS 0x00000000e9b00000, 0x00000000e9b00000| Untracked 
| 156|0x00000000e9c00000, 0x00000000e9c00000, 0x00000000e9d00000|  0%| F|  |TAMS 0x00000000e9c00000, 0x00000000e9c00000| Untracked 
| 157|0x00000000e9d00000, 0x00000000e9d00000, 0x00000000e9e00000|  0%| F|  |TAMS 0x00000000e9d00000, 0x00000000e9d00000| Untracked 
| 158|0x00000000e9e00000, 0x00000000e9e00000, 0x00000000e9f00000|  0%| F|  |TAMS 0x00000000e9e00000, 0x00000000e9e00000| Untracked 
| 159|0x00000000e9f00000, 0x00000000e9f00000, 0x00000000ea000000|  0%| F|  |TAMS 0x00000000e9f00000, 0x00000000e9f00000| Untracked 
| 160|0x00000000ea000000, 0x00000000ea000000, 0x00000000ea100000|  0%| F|  |TAMS 0x00000000ea000000, 0x00000000ea000000| Untracked 
| 161|0x00000000ea100000, 0x00000000ea100000, 0x00000000ea200000|  0%| F|  |TAMS 0x00000000ea100000, 0x00000000ea100000| Untracked 
| 162|0x00000000ea200000, 0x00000000ea200000, 0x00000000ea300000|  0%| F|  |TAMS 0x00000000ea200000, 0x00000000ea200000| Untracked 
| 163|0x00000000ea300000, 0x00000000ea300000, 0x00000000ea400000|  0%| F|  |TAMS 0x00000000ea300000, 0x00000000ea300000| Untracked 
| 164|0x00000000ea400000, 0x00000000ea400000, 0x00000000ea500000|  0%| F|  |TAMS 0x00000000ea400000, 0x00000000ea400000| Untracked 
| 165|0x00000000ea500000, 0x00000000ea500000, 0x00000000ea600000|  0%| F|  |TAMS 0x00000000ea500000, 0x00000000ea500000| Untracked 
| 166|0x00000000ea600000, 0x00000000ea600000, 0x00000000ea700000|  0%| F|  |TAMS 0x00000000ea600000, 0x00000000ea600000| Untracked 
| 167|0x00000000ea700000, 0x00000000ea700000, 0x00000000ea800000|  0%| F|  |TAMS 0x00000000ea700000, 0x00000000ea700000| Untracked 
| 168|0x00000000ea800000, 0x00000000ea800000, 0x00000000ea900000|  0%| F|  |TAMS 0x00000000ea800000, 0x00000000ea800000| Untracked 
| 169|0x00000000ea900000, 0x00000000ea900000, 0x00000000eaa00000|  0%| F|  |TAMS 0x00000000ea900000, 0x00000000ea900000| Untracked 
| 170|0x00000000eaa00000, 0x00000000eaa00000, 0x00000000eab00000|  0%| F|  |TAMS 0x00000000eaa00000, 0x00000000eaa00000| Untracked 
| 171|0x00000000eab00000, 0x00000000eab00000, 0x00000000eac00000|  0%| F|  |TAMS 0x00000000eab00000, 0x00000000eab00000| Untracked 
| 172|0x00000000eac00000, 0x00000000eac00000, 0x00000000ead00000|  0%| F|  |TAMS 0x00000000eac00000, 0x00000000eac00000| Untracked 
| 173|0x00000000ead00000, 0x00000000ead00000, 0x00000000eae00000|  0%| F|  |TAMS 0x00000000ead00000, 0x00000000ead00000| Untracked 
| 174|0x00000000eae00000, 0x00000000eae00000, 0x00000000eaf00000|  0%| F|  |TAMS 0x00000000eae00000, 0x00000000eae00000| Untracked 
| 175|0x00000000eaf00000, 0x00000000eaf00000, 0x00000000eb000000|  0%| F|  |TAMS 0x00000000eaf00000, 0x00000000eaf00000| Untracked 
| 176|0x00000000eb000000, 0x00000000eb000000, 0x00000000eb100000|  0%| F|  |TAMS 0x00000000eb000000, 0x00000000eb000000| Untracked 
| 177|0x00000000eb100000, 0x00000000eb100000, 0x00000000eb200000|  0%| F|  |TAMS 0x00000000eb100000, 0x00000000eb100000| Untracked 
| 178|0x00000000eb200000, 0x00000000eb200000, 0x00000000eb300000|  0%| F|  |TAMS 0x00000000eb200000, 0x00000000eb200000| Untracked 
| 179|0x00000000eb300000, 0x00000000eb300000, 0x00000000eb400000|  0%| F|  |TAMS 0x00000000eb300000, 0x00000000eb300000| Untracked 
| 180|0x00000000eb400000, 0x00000000eb400000, 0x00000000eb500000|  0%| F|  |TAMS 0x00000000eb400000, 0x00000000eb400000| Untracked 
| 181|0x00000000eb500000, 0x00000000eb500000, 0x00000000eb600000|  0%| F|  |TAMS 0x00000000eb500000, 0x00000000eb500000| Untracked 
| 182|0x00000000eb600000, 0x00000000eb600000, 0x00000000eb700000|  0%| F|  |TAMS 0x00000000eb600000, 0x00000000eb600000| Untracked 
| 183|0x00000000eb700000, 0x00000000eb700000, 0x00000000eb800000|  0%| F|  |TAMS 0x00000000eb700000, 0x00000000eb700000| Untracked 
| 184|0x00000000eb800000, 0x00000000eb800000, 0x00000000eb900000|  0%| F|  |TAMS 0x00000000eb800000, 0x00000000eb800000| Untracked 
| 185|0x00000000eb900000, 0x00000000eb900000, 0x00000000eba00000|  0%| F|  |TAMS 0x00000000eb900000, 0x00000000eb900000| Untracked 
| 186|0x00000000eba00000, 0x00000000eba00000, 0x00000000ebb00000|  0%| F|  |TAMS 0x00000000eba00000, 0x00000000eba00000| Untracked 
| 187|0x00000000ebb00000, 0x00000000ebb00000, 0x00000000ebc00000|  0%| F|  |TAMS 0x00000000ebb00000, 0x00000000ebb00000| Untracked 
| 188|0x00000000ebc00000, 0x00000000ebc00000, 0x00000000ebd00000|  0%| F|  |TAMS 0x00000000ebc00000, 0x00000000ebc00000| Untracked 
| 189|0x00000000ebd00000, 0x00000000ebd00000, 0x00000000ebe00000|  0%| F|  |TAMS 0x00000000ebd00000, 0x00000000ebd00000| Untracked 
| 190|0x00000000ebe00000, 0x00000000ebe00000, 0x00000000ebf00000|  0%| F|  |TAMS 0x00000000ebe00000, 0x00000000ebe00000| Untracked 
| 191|0x00000000ebf00000, 0x00000000ebf00000, 0x00000000ec000000|  0%| F|  |TAMS 0x00000000ebf00000, 0x00000000ebf00000| Untracked 
| 192|0x00000000ec000000, 0x00000000ec000000, 0x00000000ec100000|  0%| F|  |TAMS 0x00000000ec000000, 0x00000000ec000000| Untracked 
| 193|0x00000000ec100000, 0x00000000ec100000, 0x00000000ec200000|  0%| F|  |TAMS 0x00000000ec100000, 0x00000000ec100000| Untracked 
| 194|0x00000000ec200000, 0x00000000ec200000, 0x00000000ec300000|  0%| F|  |TAMS 0x00000000ec200000, 0x00000000ec200000| Untracked 
| 195|0x00000000ec300000, 0x00000000ec300000, 0x00000000ec400000|  0%| F|  |TAMS 0x00000000ec300000, 0x00000000ec300000| Untracked 
| 196|0x00000000ec400000, 0x00000000ec400000, 0x00000000ec500000|  0%| F|  |TAMS 0x00000000ec400000, 0x00000000ec400000| Untracked 
| 197|0x00000000ec500000, 0x00000000ec500000, 0x00000000ec600000|  0%| F|  |TAMS 0x00000000ec500000, 0x00000000ec500000| Untracked 
| 198|0x00000000ec600000, 0x00000000ec600000, 0x00000000ec700000|  0%| F|  |TAMS 0x00000000ec600000, 0x00000000ec600000| Untracked 
| 199|0x00000000ec700000, 0x00000000ec700000, 0x00000000ec800000|  0%| F|  |TAMS 0x00000000ec700000, 0x00000000ec700000| Untracked 
| 200|0x00000000ec800000, 0x00000000ec800000, 0x00000000ec900000|  0%| F|  |TAMS 0x00000000ec800000, 0x00000000ec800000| Untracked 
| 201|0x00000000ec900000, 0x00000000ec900000, 0x00000000eca00000|  0%| F|  |TAMS 0x00000000ec900000, 0x00000000ec900000| Untracked 
| 202|0x00000000eca00000, 0x00000000eca00000, 0x00000000ecb00000|  0%| F|  |TAMS 0x00000000eca00000, 0x00000000eca00000| Untracked 
| 203|0x00000000ecb00000, 0x00000000ecb00000, 0x00000000ecc00000|  0%| F|  |TAMS 0x00000000ecb00000, 0x00000000ecb00000| Untracked 
| 204|0x00000000ecc00000, 0x00000000ecc00000, 0x00000000ecd00000|  0%| F|  |TAMS 0x00000000ecc00000, 0x00000000ecc00000| Untracked 
| 205|0x00000000ecd00000, 0x00000000ecd00000, 0x00000000ece00000|  0%| F|  |TAMS 0x00000000ecd00000, 0x00000000ecd00000| Untracked 
| 206|0x00000000ece00000, 0x00000000ece00000, 0x00000000ecf00000|  0%| F|  |TAMS 0x00000000ece00000, 0x00000000ece00000| Untracked 
| 207|0x00000000ecf00000, 0x00000000ecf00000, 0x00000000ed000000|  0%| F|  |TAMS 0x00000000ecf00000, 0x00000000ecf00000| Untracked 
| 208|0x00000000ed000000, 0x00000000ed100000, 0x00000000ed100000|100%| E|  |TAMS 0x00000000ed000000, 0x00000000ed000000| Complete 
| 209|0x00000000ed100000, 0x00000000ed200000, 0x00000000ed200000|100%| E|CS|TAMS 0x00000000ed100000, 0x00000000ed100000| Complete 
| 210|0x00000000ed200000, 0x00000000ed300000, 0x00000000ed300000|100%| E|CS|TAMS 0x00000000ed200000, 0x00000000ed200000| Complete 
| 211|0x00000000ed300000, 0x00000000ed400000, 0x00000000ed400000|100%| E|CS|TAMS 0x00000000ed300000, 0x00000000ed300000| Complete 
| 212|0x00000000ed400000, 0x00000000ed500000, 0x00000000ed500000|100%| E|CS|TAMS 0x00000000ed400000, 0x00000000ed400000| Complete 
| 213|0x00000000ed500000, 0x00000000ed600000, 0x00000000ed600000|100%| E|CS|TAMS 0x00000000ed500000, 0x00000000ed500000| Complete 
| 214|0x00000000ed600000, 0x00000000ed700000, 0x00000000ed700000|100%| E|CS|TAMS 0x00000000ed600000, 0x00000000ed600000| Complete 
| 215|0x00000000ed700000, 0x00000000ed800000, 0x00000000ed800000|100%| E|CS|TAMS 0x00000000ed700000, 0x00000000ed700000| Complete 
| 216|0x00000000ed800000, 0x00000000ed900000, 0x00000000ed900000|100%| E|CS|TAMS 0x00000000ed800000, 0x00000000ed800000| Complete 
| 217|0x00000000ed900000, 0x00000000eda00000, 0x00000000eda00000|100%| E|CS|TAMS 0x00000000ed900000, 0x00000000ed900000| Complete 
| 218|0x00000000eda00000, 0x00000000edb00000, 0x00000000edb00000|100%| E|CS|TAMS 0x00000000eda00000, 0x00000000eda00000| Complete 
| 219|0x00000000edb00000, 0x00000000edc00000, 0x00000000edc00000|100%| E|CS|TAMS 0x00000000edb00000, 0x00000000edb00000| Complete 
| 220|0x00000000edc00000, 0x00000000edd00000, 0x00000000edd00000|100%| E|CS|TAMS 0x00000000edc00000, 0x00000000edc00000| Complete 
| 221|0x00000000edd00000, 0x00000000ede00000, 0x00000000ede00000|100%| E|CS|TAMS 0x00000000edd00000, 0x00000000edd00000| Complete 
| 222|0x00000000ede00000, 0x00000000edf00000, 0x00000000edf00000|100%| E|CS|TAMS 0x00000000ede00000, 0x00000000ede00000| Complete 
| 223|0x00000000edf00000, 0x00000000ee000000, 0x00000000ee000000|100%| E|CS|TAMS 0x00000000edf00000, 0x00000000edf00000| Complete 
| 224|0x00000000ee000000, 0x00000000ee100000, 0x00000000ee100000|100%| E|CS|TAMS 0x00000000ee000000, 0x00000000ee000000| Complete 
| 225|0x00000000ee100000, 0x00000000ee200000, 0x00000000ee200000|100%| E|CS|TAMS 0x00000000ee100000, 0x00000000ee100000| Complete 
| 226|0x00000000ee200000, 0x00000000ee300000, 0x00000000ee300000|100%| E|CS|TAMS 0x00000000ee200000, 0x00000000ee200000| Complete 
| 227|0x00000000ee300000, 0x00000000ee400000, 0x00000000ee400000|100%| E|CS|TAMS 0x00000000ee300000, 0x00000000ee300000| Complete 
| 228|0x00000000ee400000, 0x00000000ee500000, 0x00000000ee500000|100%| E|CS|TAMS 0x00000000ee400000, 0x00000000ee400000| Complete 
| 229|0x00000000ee500000, 0x00000000ee600000, 0x00000000ee600000|100%| E|CS|TAMS 0x00000000ee500000, 0x00000000ee500000| Complete 
| 230|0x00000000ee600000, 0x00000000ee700000, 0x00000000ee700000|100%| E|CS|TAMS 0x00000000ee600000, 0x00000000ee600000| Complete 
| 231|0x00000000ee700000, 0x00000000ee800000, 0x00000000ee800000|100%| E|CS|TAMS 0x00000000ee700000, 0x00000000ee700000| Complete 
| 232|0x00000000ee800000, 0x00000000ee900000, 0x00000000ee900000|100%| E|CS|TAMS 0x00000000ee800000, 0x00000000ee800000| Complete 
| 233|0x00000000ee900000, 0x00000000eea00000, 0x00000000eea00000|100%| E|CS|TAMS 0x00000000ee900000, 0x00000000ee900000| Complete 
| 234|0x00000000eea00000, 0x00000000eeb00000, 0x00000000eeb00000|100%| E|CS|TAMS 0x00000000eea00000, 0x00000000eea00000| Complete 
| 235|0x00000000eeb00000, 0x00000000eec00000, 0x00000000eec00000|100%| E|CS|TAMS 0x00000000eeb00000, 0x00000000eeb00000| Complete 
| 236|0x00000000eec00000, 0x00000000eed00000, 0x00000000eed00000|100%| E|CS|TAMS 0x00000000eec00000, 0x00000000eec00000| Complete 
| 237|0x00000000eed00000, 0x00000000eee00000, 0x00000000eee00000|100%| E|CS|TAMS 0x00000000eed00000, 0x00000000eed00000| Complete 
| 238|0x00000000eee00000, 0x00000000eef00000, 0x00000000eef00000|100%| E|CS|TAMS 0x00000000eee00000, 0x00000000eee00000| Complete 
| 239|0x00000000eef00000, 0x00000000ef000000, 0x00000000ef000000|100%| E|CS|TAMS 0x00000000eef00000, 0x00000000eef00000| Complete 
| 240|0x00000000ef000000, 0x00000000ef100000, 0x00000000ef100000|100%| E|CS|TAMS 0x00000000ef000000, 0x00000000ef000000| Complete 
| 241|0x00000000ef100000, 0x00000000ef200000, 0x00000000ef200000|100%| E|CS|TAMS 0x00000000ef100000, 0x00000000ef100000| Complete 
| 242|0x00000000ef200000, 0x00000000ef300000, 0x00000000ef300000|100%| E|CS|TAMS 0x00000000ef200000, 0x00000000ef200000| Complete 
| 243|0x00000000ef300000, 0x00000000ef400000, 0x00000000ef400000|100%| E|CS|TAMS 0x00000000ef300000, 0x00000000ef300000| Complete 
| 244|0x00000000ef400000, 0x00000000ef500000, 0x00000000ef500000|100%| E|CS|TAMS 0x00000000ef400000, 0x00000000ef400000| Complete 
| 245|0x00000000ef500000, 0x00000000ef600000, 0x00000000ef600000|100%| E|CS|TAMS 0x00000000ef500000, 0x00000000ef500000| Complete 
| 246|0x00000000ef600000, 0x00000000ef700000, 0x00000000ef700000|100%| E|CS|TAMS 0x00000000ef600000, 0x00000000ef600000| Complete 
| 247|0x00000000ef700000, 0x00000000ef800000, 0x00000000ef800000|100%| E|CS|TAMS 0x00000000ef700000, 0x00000000ef700000| Complete 
| 248|0x00000000ef800000, 0x00000000ef900000, 0x00000000ef900000|100%| E|CS|TAMS 0x00000000ef800000, 0x00000000ef800000| Complete 
| 249|0x00000000ef900000, 0x00000000efa00000, 0x00000000efa00000|100%| E|CS|TAMS 0x00000000ef900000, 0x00000000ef900000| Complete 
| 250|0x00000000efa00000, 0x00000000efb00000, 0x00000000efb00000|100%| E|CS|TAMS 0x00000000efa00000, 0x00000000efa00000| Complete 
| 251|0x00000000efb00000, 0x00000000efc00000, 0x00000000efc00000|100%| E|CS|TAMS 0x00000000efb00000, 0x00000000efb00000| Complete 
| 252|0x00000000efc00000, 0x00000000efd00000, 0x00000000efd00000|100%| E|CS|TAMS 0x00000000efc00000, 0x00000000efc00000| Complete 
| 253|0x00000000efd00000, 0x00000000efe00000, 0x00000000efe00000|100%| E|CS|TAMS 0x00000000efd00000, 0x00000000efd00000| Complete 
| 254|0x00000000efe00000, 0x00000000eff00000, 0x00000000eff00000|100%| E|CS|TAMS 0x00000000efe00000, 0x00000000efe00000| Complete 
| 255|0x00000000eff00000, 0x00000000f0000000, 0x00000000f0000000|100%| E|CS|TAMS 0x00000000eff00000, 0x00000000eff00000| Complete 

Card table byte_map: [0x000001ed9a0d0000,0x000001ed9a1d0000] _byte_map_base: 0x000001ed999d0000

Marking Bits (Prev, Next): (CMBitMap*) 0x000001ed81541bf0, (CMBitMap*) 0x000001ed81541bb0
 Prev Bits: [0x000001ed9aad0000, 0x000001ed9b2d0000)
 Next Bits: [0x000001ed9a2d0000, 0x000001ed9aad0000)

Polling page: 0x000001ed815e0000

Metaspace:

Usage:
  Non-class:     22.28 MB used.
      Class:      3.88 MB used.
       Both:     26.16 MB used.

Virtual space:
  Non-class space:       24.00 MB reserved,      22.50 MB ( 94%) committed,  3 nodes.
      Class space:      308.00 MB reserved,       4.06 MB (  1%) committed,  1 nodes.
             Both:      332.00 MB reserved,      26.56 MB (  8%) committed. 

Chunk freelists:
   Non-Class:  944.00 KB
       Class:  3.97 MB
        Both:  4.89 MB

MaxMetaspaceSize: 384.00 MB
CompressedClassSpaceSize: 308.00 MB
Initial GC threshold: 21.00 MB
Current GC threshold: 35.25 MB
CDS: on
MetaspaceReclaimPolicy: balanced
 - commit_granule_bytes: 65536.
 - commit_granule_words: 8192.
 - virtual_space_node_default_size: 1048576.
 - enlarge_chunks_in_place: 1.
 - new_chunks_are_fully_committed: 0.
 - uncommit_free_chunks: 1.
 - use_allocation_guard: 0.
 - handle_deallocations: 1.


Internal statistics:

num_allocs_failed_limit: 3.
num_arena_births: 332.
num_arena_deaths: 0.
num_vsnodes_births: 4.
num_vsnodes_deaths: 0.
num_space_committed: 425.
num_space_uncommitted: 0.
num_chunks_returned_to_freelist: 3.
num_chunks_taken_from_freelist: 1373.
num_chunk_merges: 3.
num_chunk_splits: 891.
num_chunks_enlarged: 617.
num_purges: 0.
num_inconsistent_stats: 0.

CodeHeap 'non-profiled nmethods': size=120000Kb used=2005Kb max_used=2005Kb free=117994Kb
 bounds [0x000001ed92040000, 0x000001ed922b0000, 0x000001ed99570000]
CodeHeap 'profiled nmethods': size=120000Kb used=7349Kb max_used=7349Kb free=112650Kb
 bounds [0x000001ed8ab10000, 0x000001ed8b240000, 0x000001ed92040000]
CodeHeap 'non-nmethods': size=5760Kb used=1260Kb max_used=1295Kb free=4499Kb
 bounds [0x000001ed8a570000, 0x000001ed8a7e0000, 0x000001ed8ab10000]
 total_blobs=4128 nmethods=3570 adapters=470
 compilation: enabled
              stopped_count=0, restarted_count=0
 full_count=0

Compilation events (20 events):
Event: 301.432 Thread 0x000001ed9dd05960 nmethod 3384 0x000001ed8b1c9990 code [0x000001ed8b1c9b40, 0x000001ed8b1c9d78]
Event: 301.432 Thread 0x000001ed9dd05960 3385       3       com.google.common.cache.Striped64::<init> (5 bytes)
Event: 301.432 Thread 0x000001ed9dd05960 nmethod 3385 0x000001ed8b1c9e90 code [0x000001ed8b1ca040, 0x000001ed8b1ca1f8]
Event: 301.432 Thread 0x000001ed9dd05960 3386       3       com.google.common.cache.LongAddables::create (12 bytes)
Event: 301.432 Thread 0x000001ed9dd05960 nmethod 3386 0x000001ed8b1ca310 code [0x000001ed8b1ca4e0, 0x000001ed8b1ca898]
Event: 301.432 Thread 0x000001ed9dd05960 3387       1       com.google.common.cache.CacheBuilder::getStatsCounterSupplier (5 bytes)
Event: 301.433 Thread 0x000001ed9dd05960 nmethod 3387 0x000001ed92217e10 code [0x000001ed92217fa0, 0x000001ed92218078]
Event: 301.433 Thread 0x000001ed9dd04310 3388       4       java.lang.ClassLoader::loadClass (7 bytes)
Event: 301.434 Thread 0x000001ed9dd04310 nmethod 3388 0x000001ed92218110 code [0x000001ed92218280, 0x000001ed92218318]
Event: 301.437 Thread 0x000001ed9dd04310 3389   !   4       java.util.zip.ZipFile$CleanableResource::getInflater (47 bytes)
Event: 301.446 Thread 0x000001ed9dd05960 3391       3       java.lang.invoke.MethodHandles$Lookup::getDirectConstructorCommon (69 bytes)
Event: 301.448 Thread 0x000001ed9dd05960 nmethod 3391 0x000001ed8b1caa10 code [0x000001ed8b1cac80, 0x000001ed8b1cb7b8]
Event: 301.448 Thread 0x000001ed9dd05960 3392       3       java.lang.invoke.MemberName::asConstructor (58 bytes)
Event: 301.449 Thread 0x000001ed9dd05960 nmethod 3392 0x000001ed8b1cbb90 code [0x000001ed8b1cbda0, 0x000001ed8b1cc3a8]
Event: 301.449 Thread 0x000001ed9dd04310 nmethod 3389 0x000001ed92218410 code [0x000001ed922185c0, 0x000001ed92218c78]
Event: 301.449 Thread 0x000001ed9dd04310 3390       4       jdk.internal.org.objectweb.asm.SymbolTable::addConstantMemberReference (147 bytes)
Event: 301.459 Thread 0x000001ed9dd05960 3394       3       java.lang.invoke.MethodHandle::asTypeUncached (59 bytes)
Event: 301.461 Thread 0x000001ed9dd05960 nmethod 3394 0x000001ed8b1cc610 code [0x000001ed8b1cc8e0, 0x000001ed8b1cd458]
Event: 301.461 Thread 0x000001ed9dd05960 3395       3       java.lang.invoke.MethodType::isConvertibleTo (164 bytes)
Event: 301.462 Thread 0x000001ed9dd05960 nmethod 3395 0x000001ed8b1cd910 code [0x000001ed8b1cdb60, 0x000001ed8b1ce4e8]

GC Heap History (8 events):
Event: 62.555 GC heap before
{Heap before GC invocations=0 (full 0):
 garbage-first heap   total 262144K, used 22528K [0x00000000e0000000, 0x0000000100000000)
  region size 1024K, 23 young (23552K), 0 survivors (0K)
 Metaspace       used 1122K, committed 1280K, reserved 323584K
  class space    used 77K, committed 128K, reserved 315392K
}
Event: 66.299 GC heap after
{Heap after GC invocations=1 (full 0):
 garbage-first heap   total 262144K, used 4224K [0x00000000e0000000, 0x0000000100000000)
  region size 1024K, 3 young (3072K), 3 survivors (3072K)
 Metaspace       used 1122K, committed 1280K, reserved 323584K
  class space    used 77K, committed 128K, reserved 315392K
}
Event: 123.761 GC heap before
{Heap before GC invocations=1 (full 0):
 garbage-first heap   total 262144K, used 36992K [0x00000000e0000000, 0x0000000100000000)
  region size 1024K, 32 young (32768K), 3 survivors (3072K)
 Metaspace       used 4401K, committed 4608K, reserved 323584K
  class space    used 546K, committed 640K, reserved 315392K
}
Event: 123.779 GC heap after
{Heap after GC invocations=2 (full 0):
 garbage-first heap   total 262144K, used 12057K [0x00000000e0000000, 0x0000000100000000)
  region size 1024K, 4 young (4096K), 4 survivors (4096K)
 Metaspace       used 4401K, committed 4608K, reserved 323584K
  class space    used 546K, committed 640K, reserved 315392K
}
Event: 195.207 GC heap before
{Heap before GC invocations=2 (full 0):
 garbage-first heap   total 262144K, used 56089K [0x00000000e0000000, 0x0000000100000000)
  region size 1024K, 45 young (46080K), 4 survivors (4096K)
 Metaspace       used 4536K, committed 4672K, reserved 323584K
  class space    used 552K, committed 640K, reserved 315392K
}
Event: 195.214 GC heap after
{Heap after GC invocations=3 (full 0):
 garbage-first heap   total 262144K, used 17321K [0x00000000e0000000, 0x0000000100000000)
  region size 1024K, 5 young (5120K), 5 survivors (5120K)
 Metaspace       used 4536K, committed 4672K, reserved 323584K
  class space    used 552K, committed 640K, reserved 315392K
}
Event: 294.053 GC heap before
{Heap before GC invocations=3 (full 0):
 garbage-first heap   total 262144K, used 129961K [0x00000000e0000000, 0x0000000100000000)
  region size 1024K, 116 young (118784K), 5 survivors (5120K)
 Metaspace       used 21117K, committed 21504K, reserved 339968K
  class space    used 3065K, committed 3264K, reserved 315392K
}
Event: 294.087 GC heap after
{Heap after GC invocations=4 (full 0):
 garbage-first heap   total 262144K, used 24781K [0x00000000e0000000, 0x0000000100000000)
  region size 1024K, 12 young (12288K), 12 survivors (12288K)
 Metaspace       used 21117K, committed 21504K, reserved 339968K
  class space    used 3065K, committed 3264K, reserved 315392K
}

Deoptimization events (20 events):
Event: 282.099 Thread 0x000001ed9fd39ce0 Uncommon trap: trap_request=0xffffff45 fr.pc=0x000001ed921b5614 relative=0x00000000000003d4
Event: 282.099 Thread 0x000001ed9fd39ce0 Uncommon trap: reason=unstable_if action=reinterpret pc=0x000001ed921b5614 method=java.util.HashMap.getNode(Ljava/lang/Object;)Ljava/util/HashMap$Node; @ 131 c2
Event: 282.099 Thread 0x000001ed9fd39ce0 DEOPT PACKING pc=0x000001ed921b5614 sp=0x0000004ce15facd0
Event: 282.099 Thread 0x000001ed9fd39ce0 DEOPT UNPACKING pc=0x000001ed8a5c5c23 sp=0x0000004ce15fabf0 mode 2
Event: 282.099 Thread 0x000001ed9fd39ce0 Uncommon trap: trap_request=0xffffff45 fr.pc=0x000001ed921b1c74 relative=0x0000000000000534
Event: 282.099 Thread 0x000001ed9fd39ce0 Uncommon trap: reason=unstable_if action=reinterpret pc=0x000001ed921b1c74 method=java.util.HashMap.getNode(Ljava/lang/Object;)Ljava/util/HashMap$Node; @ 131 c2
Event: 282.099 Thread 0x000001ed9fd39ce0 DEOPT PACKING pc=0x000001ed921b1c74 sp=0x0000004ce15fac60
Event: 282.099 Thread 0x000001ed9fd39ce0 DEOPT UNPACKING pc=0x000001ed8a5c5c23 sp=0x0000004ce15fabf0 mode 2
Event: 291.211 Thread 0x000001ed9fd39ce0 Uncommon trap: trap_request=0xffffff45 fr.pc=0x000001ed92170880 relative=0x00000000000075a0
Event: 291.211 Thread 0x000001ed9fd39ce0 Uncommon trap: reason=unstable_if action=reinterpret pc=0x000001ed92170880 method=jdk.internal.org.objectweb.asm.Frame.execute(IILjdk/internal/org/objectweb/asm/Symbol;Ljdk/internal/org/objectweb/asm/SymbolTable;)V @ 1 c2
Event: 291.211 Thread 0x000001ed9fd39ce0 DEOPT PACKING pc=0x000001ed92170880 sp=0x0000004ce15f98e0
Event: 291.211 Thread 0x000001ed9fd39ce0 DEOPT UNPACKING pc=0x000001ed8a5c5c23 sp=0x0000004ce15f9898 mode 2
Event: 291.219 Thread 0x000001ed9fd39ce0 Uncommon trap: trap_request=0xffffffcc fr.pc=0x000001ed921d41ec relative=0x000000000000034c
Event: 291.220 Thread 0x000001ed9fd39ce0 Uncommon trap: reason=intrinsic_or_type_checked_inlining action=make_not_entrant pc=0x000001ed921d41ec method=java.util.Arrays.copyOf([Ljava/lang/Object;ILjava/lang/Class;)[Ljava/lang/Object; @ 35 c2
Event: 291.220 Thread 0x000001ed9fd39ce0 DEOPT PACKING pc=0x000001ed921d41ec sp=0x0000004ce15f9d40
Event: 291.220 Thread 0x000001ed9fd39ce0 DEOPT UNPACKING pc=0x000001ed8a5c5c23 sp=0x0000004ce15f9cd0 mode 2
Event: 296.324 Thread 0x000001ed9fd39ce0 Uncommon trap: trap_request=0xffffff76 fr.pc=0x000001ed921c8c74 relative=0x0000000000000154
Event: 296.324 Thread 0x000001ed9fd39ce0 Uncommon trap: reason=predicate action=maybe_recompile pc=0x000001ed921c8c74 method=com.google.common.base.CharMatcher.indexIn(Ljava/lang/CharSequence;I)I @ 19 c2
Event: 296.324 Thread 0x000001ed9fd39ce0 DEOPT PACKING pc=0x000001ed921c8c74 sp=0x0000004ce15fa3e0
Event: 296.324 Thread 0x000001ed9fd39ce0 DEOPT UNPACKING pc=0x000001ed8a5c5c23 sp=0x0000004ce15fa370 mode 2

Classes unloaded (0 events):
No events

Classes redefined (0 events):
No events

Internal exceptions (20 events):
Event: 291.370 Thread 0x000001ed9fd39ce0 Exception <a 'java/lang/NoSuchMethodError'{0x00000000e9305bd8}: 'java.lang.Object java.lang.invoke.DirectMethodHandle$Holder.invokeStatic(java.lang.Object, java.lang.Object, java.lang.Object, java.lang.Object, java.lang.Object, java.lang.Object, java.lang.Object, java.lang.Object, java.lang.Object, java.lang.Object, java.lang.Object, java.lang.Object, java.lang.Object, java.lang.Object, java.lang.Object, java.lang.Object, java.lang.Object, java.lang.Object)'> (0x00000000e9305bd8) 
thrown [t:\workspace\open
Event: 291.374 Thread 0x000001ed9fd39ce0 Exception <a 'java/lang/NoSuchMethodError'{0x00000000e9330140}: 'java.lang.Object java.lang.invoke.DirectMethodHandle$Holder.invokeStatic(java.lang.Object, java.lang.Object, java.lang.Object, java.lang.Object, java.lang.Object, java.lang.Object, java.lang.Object, java.lang.Object, java.lang.Object, java.lang.Object, java.lang.Object, java.lang.Object, java.lang.Object, java.lang.Object, java.lang.Object, java.lang.Object, java.lang.Object, java.lang.Object, java.lang.Object)'> (0x00000000e9330140) 
thrown 
Event: 291.389 Thread 0x000001ed9fd39ce0 Exception <a 'java/lang/NoSuchMethodError'{0x00000000e935bb60}: 'java.lang.Object java.lang.invoke.DirectMethodHandle$Holder.invokeStatic(java.lang.Object, java.lang.Object, java.lang.Object, java.lang.Object, java.lang.Object, java.lang.Object, java.lang.Object, java.lang.Object, java.lang.Object, java.lang.Object, java.lang.Object, java.lang.Object, java.lang.Object, java.lang.Object, java.lang.Object, java.lang.Object, java.lang.Object, java.lang.Object, java.lang.Object, java.lang.Object)'> (0x00000000
Event: 291.397 Thread 0x000001ed9fd39ce0 Exception <a 'java/lang/NoSuchMethodError'{0x00000000e9389380}: 'java.lang.Object java.lang.invoke.DirectMethodHandle$Holder.invokeStatic(java.lang.Object, java.lang.Object, java.lang.Object, java.lang.Object, java.lang.Object, java.lang.Object, java.lang.Object, java.lang.Object, java.lang.Object, java.lang.Object, java.lang.Object, java.lang.Object, java.lang.Object, java.lang.Object, java.lang.Object, java.lang.Object, java.lang.Object, java.lang.Object, java.lang.Object, java.lang.Object, java.lang.Obj
Event: 291.404 Thread 0x000001ed9fd39ce0 Exception <a 'java/lang/NoSuchMethodError'{0x00000000e93b6890}: 'java.lang.Object java.lang.invoke.DirectMethodHandle$Holder.invokeStatic(java.lang.Object, java.lang.Object, java.lang.Object, java.lang.Object, java.lang.Object, java.lang.Object, java.lang.Object, java.lang.Object, java.lang.Object, java.lang.Object, java.lang.Object, java.lang.Object, java.lang.Object, java.lang.Object, java.lang.Object, java.lang.Object, java.lang.Object, java.lang.Object, java.lang.Object, java.lang.Object, java.lang.Obj
Event: 291.412 Thread 0x000001ed9fd39ce0 Exception <a 'java/lang/NoSuchMethodError'{0x00000000e93e4e10}: 'java.lang.Object java.lang.invoke.DirectMethodHandle$Holder.invokeStatic(java.lang.Object, java.lang.Object, java.lang.Object, java.lang.Object, java.lang.Object, java.lang.Object, java.lang.Object, java.lang.Object, java.lang.Object, java.lang.Object, java.lang.Object, java.lang.Object, java.lang.Object, java.lang.Object, java.lang.Object, java.lang.Object, java.lang.Object, java.lang.Object, java.lang.Object, java.lang.Object, java.lang.Obj
Event: 291.422 Thread 0x000001ed9fd39ce0 Exception <a 'java/lang/NoSuchMethodError'{0x00000000e9214320}: 'java.lang.Object java.lang.invoke.DirectMethodHandle$Holder.invokeStatic(java.lang.Object, java.lang.Object, java.lang.Object, java.lang.Object, java.lang.Object, java.lang.Object, java.lang.Object, java.lang.Object, java.lang.Object, java.lang.Object, java.lang.Object, java.lang.Object, java.lang.Object, java.lang.Object, java.lang.Object, java.lang.Object, java.lang.Object, java.lang.Object, java.lang.Object, java.lang.Object, java.lang.Obj
Event: 291.431 Thread 0x000001ed9fd39ce0 Exception <a 'java/lang/NoSuchMethodError'{0x00000000e9245118}: 'java.lang.Object java.lang.invoke.DirectMethodHandle$Holder.invokeStatic(java.lang.Object, java.lang.Object, java.lang.Object, java.lang.Object, java.lang.Object, java.lang.Object, java.lang.Object, java.lang.Object, java.lang.Object, java.lang.Object, java.lang.Object, java.lang.Object, java.lang.Object, java.lang.Object, java.lang.Object, java.lang.Object, java.lang.Object, java.lang.Object, java.lang.Object, java.lang.Object, java.lang.Obj
Event: 292.211 Thread 0x000001ed9fd39ce0 Exception <a 'java/lang/NoSuchMethodError'{0x00000000e92775e0}: 'java.lang.Object java.lang.invoke.DirectMethodHandle$Holder.invokeStatic(java.lang.Object, java.lang.Object, java.lang.Object, java.lang.Object, java.lang.Object, java.lang.Object, java.lang.Object, java.lang.Object, java.lang.Object, java.lang.Object, java.lang.Object, java.lang.Object, java.lang.Object, java.lang.Object, java.lang.Object, java.lang.Object, java.lang.Object, java.lang.Object, java.lang.Object, java.lang.Object, java.lang.Obj
Event: 292.333 Thread 0x000001ed9fd39ce0 Exception <a 'java/lang/NoSuchMethodError'{0x00000000e901ef70}: 'java.lang.Object java.lang.invoke.DirectMethodHandle$Holder.invokeStaticInit(java.lang.Object, java.lang.Object, java.lang.Object, java.lang.Object)'> (0x00000000e901ef70) 
thrown [t:\workspace\open\src\hotspot\share\interpreter\linkResolver.cpp, line 766]
Event: 293.817 Thread 0x000001ed9fd39ce0 Exception <a 'java/lang/NoSuchMethodError'{0x00000000e8fc9668}: 'java.lang.Object java.lang.invoke.DirectMethodHandle$Holder.newInvokeSpecial(java.lang.Object, java.lang.Object, java.lang.Object, java.lang.Object, java.lang.Object, java.lang.Object, java.lang.Object, java.lang.Object)'> (0x00000000e8fc9668) 
thrown [t:\workspace\open\src\hotspot\share\interpreter\linkResolver.cpp, line 766]
Event: 293.818 Thread 0x000001ed9fd39ce0 Exception <a 'java/lang/NoSuchMethodError'{0x00000000e8fcf070}: 'java.lang.Object java.lang.invoke.DirectMethodHandle$Holder.invokeSpecial(java.lang.Object, java.lang.Object, java.lang.Object, java.lang.Object, java.lang.Object, java.lang.Object, java.lang.Object, java.lang.Object, java.lang.Object)'> (0x00000000e8fcf070) 
thrown [t:\workspace\open\src\hotspot\share\interpreter\linkResolver.cpp, line 766]
Event: 293.818 Thread 0x000001ed9fd39ce0 Exception <a 'java/lang/NoSuchMethodError'{0x00000000e8fd4420}: 'java.lang.Object java.lang.invoke.Invokers$Holder.linkToTargetMethod(java.lang.Object, java.lang.Object, java.lang.Object, java.lang.Object, java.lang.Object, java.lang.Object, java.lang.Object, java.lang.Object)'> (0x00000000e8fd4420) 
thrown [t:\workspace\open\src\hotspot\share\interpreter\linkResolver.cpp, line 766]
Event: 293.843 Thread 0x000001ed9fd39ce0 Exception <a 'java/lang/NoSuchMethodError'{0x00000000e8e20690}: 'void java.lang.invoke.DirectMethodHandle$Holder.invokeStatic(java.lang.Object, java.lang.Object, java.lang.Object, java.lang.Object)'> (0x00000000e8e20690) 
thrown [t:\workspace\open\src\hotspot\share\interpreter\linkResolver.cpp, line 766]
Event: 296.866 Thread 0x000001ed9fd39ce0 Exception <a 'java/lang/NoSuchMethodError'{0x00000000ef94ddf0}: 'int java.lang.invoke.DirectMethodHandle$Holder.invokeVirtual(java.lang.Object, java.lang.Object)'> (0x00000000ef94ddf0) 
thrown [t:\workspace\open\src\hotspot\share\interpreter\linkResolver.cpp, line 766]
Event: 299.460 Thread 0x000001ed9fd39ce0 Exception <a 'java/lang/NoSuchMethodError'{0x00000000ef5c8618}: 'void java.lang.invoke.DirectMethodHandle$Holder.invokeStatic(java.lang.Object, java.lang.Object, java.lang.Object, java.lang.Object, java.lang.Object, java.lang.Object, java.lang.Object)'> (0x00000000ef5c8618) 
thrown [t:\workspace\open\src\hotspot\share\interpreter\linkResolver.cpp, line 766]
Event: 300.385 Thread 0x000001ed9fd39ce0 Exception <a 'java/lang/NoSuchMethodError'{0x00000000eed03dd8}: 'java.lang.Object java.lang.invoke.DirectMethodHandle$Holder.newInvokeSpecial(java.lang.Object, java.lang.Object, int, int)'> (0x00000000eed03dd8) 
thrown [t:\workspace\open\src\hotspot\share\interpreter\linkResolver.cpp, line 766]
Event: 301.439 Thread 0x000001ed9fd39ce0 Exception <a 'java/lang/NoSuchMethodError'{0x00000000ee774d50}: 'java.lang.Object java.lang.invoke.DirectMethodHandle$Holder.invokeSpecialIFC(java.lang.Object, java.lang.Object, java.lang.Object, java.lang.Object)'> (0x00000000ee774d50) 
thrown [t:\workspace\open\src\hotspot\share\interpreter\linkResolver.cpp, line 766]
Event: 301.451 Thread 0x000001ed9fd39ce0 Exception <a 'java/lang/NoSuchMethodError'{0x00000000ee61fa00}: 'java.lang.Object java.lang.invoke.DirectMethodHandle$Holder.newInvokeSpecial(java.lang.Object, java.lang.Object, java.lang.Object, java.lang.Object, java.lang.Object, java.lang.Object, java.lang.Object, java.lang.Object, java.lang.Object, java.lang.Object)'> (0x00000000ee61fa00) 
thrown [t:\workspace\open\src\hotspot\share\interpreter\linkResolver.cpp, line 766]
Event: 301.452 Thread 0x000001ed9fd39ce0 Exception <a 'java/lang/NoSuchMethodError'{0x00000000ee6248e8}: 'java.lang.Object java.lang.invoke.Invokers$Holder.linkToTargetMethod(java.lang.Object, java.lang.Object, java.lang.Object, java.lang.Object, java.lang.Object, java.lang.Object, java.lang.Object, java.lang.Object, java.lang.Object, java.lang.Object)'> (0x00000000ee6248e8) 
thrown [t:\workspace\open\src\hotspot\share\interpreter\linkResolver.cpp, line 766]

VM Operations (20 events):
Event: 292.462 Executing VM operation: Cleanup
Event: 292.462 Executing VM operation: Cleanup done
Event: 294.053 Executing VM operation: CollectForMetadataAllocation
Event: 294.087 Executing VM operation: CollectForMetadataAllocation done
Event: 294.190 Executing VM operation: G1Concurrent
Event: 294.213 Executing VM operation: G1Concurrent done
Event: 294.217 Executing VM operation: G1Concurrent
Event: 294.218 Executing VM operation: G1Concurrent done
Event: 295.226 Executing VM operation: Cleanup
Event: 295.226 Executing VM operation: Cleanup done
Event: 297.237 Executing VM operation: Cleanup
Event: 297.256 Executing VM operation: Cleanup done
Event: 298.583 Executing VM operation: HandshakeAllThreads
Event: 298.583 Executing VM operation: HandshakeAllThreads done
Event: 298.583 Executing VM operation: Cleanup
Event: 298.583 Executing VM operation: Cleanup done
Event: 299.593 Executing VM operation: Cleanup
Event: 299.636 Executing VM operation: Cleanup done
Event: 300.647 Executing VM operation: Cleanup
Event: 300.680 Executing VM operation: Cleanup done

Events (20 events):
Event: 292.011 loading class java/lang/invoke/BoundMethodHandle$Species_LLLLLLLLLLLLLLLLLLLLLLL done
Event: 294.421 loading class java/util/function/UnaryOperator
Event: 294.422 loading class java/util/function/UnaryOperator done
Event: 296.308 loading class java/util/concurrent/TimeoutException
Event: 296.308 loading class java/util/concurrent/TimeoutException done
Event: 296.308 loading class java/util/concurrent/CancellationException
Event: 296.308 loading class java/util/concurrent/CancellationException done
Event: 296.484 Thread 0x000001ed9f208470 Thread added: 0x000001ed9f208470
Event: 296.484 loading class java/util/concurrent/locks/AbstractQueuedSynchronizer$SharedNode
Event: 296.484 loading class java/util/concurrent/locks/AbstractQueuedSynchronizer$SharedNode done
Event: 296.839 loading class java/io/InterruptedIOException
Event: 296.840 loading class java/io/InterruptedIOException done
Event: 296.846 Thread 0x000001ed9f20a150 Thread added: 0x000001ed9f20a150
Event: 296.876 loading class java/util/ArrayDeque$DeqSpliterator
Event: 296.876 loading class java/util/ArrayDeque$DeqSpliterator done
Event: 300.419 loading class jdk/internal/reflect/UnsafeStaticIntegerFieldAccessorImpl
Event: 300.419 loading class jdk/internal/reflect/UnsafeStaticIntegerFieldAccessorImpl done
Event: 300.597 Thread 0x000001eda001d960 Thread added: 0x000001eda001d960
Event: 301.061 Thread 0x000001eda158fa40 Thread added: 0x000001eda158fa40
Event: 301.390 Thread 0x000001eda001d960 Thread exited: 0x000001eda001d960


Dynamic libraries:
0x00007ff6a07c0000 - 0x00007ff6a07d0000 	C:\Program Files\Java\jdk-17.0.2\bin\java.exe
0x00007ffeb10f0000 - 0x00007ffeb1307000 	C:\WINDOWS\SYSTEM32\ntdll.dll
0x00007ffeafa20000 - 0x00007ffeafae4000 	C:\WINDOWS\System32\KERNEL32.DLL
0x00007ffeae4d0000 - 0x00007ffeae887000 	C:\WINDOWS\System32\KERNELBASE.dll
0x00007ffeae9d0000 - 0x00007ffeaeae1000 	C:\WINDOWS\System32\ucrtbase.dll
0x00007ffdd9550000 - 0x00007ffdd9568000 	C:\Program Files\Java\jdk-17.0.2\bin\jli.dll
0x00007ffeaf440000 - 0x00007ffeaf4f2000 	C:\WINDOWS\System32\ADVAPI32.dll
0x00007ffeaf960000 - 0x00007ffeafa07000 	C:\WINDOWS\System32\msvcrt.dll
0x00007ffeb0410000 - 0x00007ffeb04b8000 	C:\WINDOWS\System32\sechost.dll
0x00007ffeae4a0000 - 0x00007ffeae4c8000 	C:\WINDOWS\System32\bcrypt.dll
0x00007ffeb0f90000 - 0x00007ffeb10a4000 	C:\WINDOWS\System32\RPCRT4.dll
0x00007ffeaf230000 - 0x00007ffeaf3df000 	C:\WINDOWS\System32\USER32.dll
0x00007ffeae400000 - 0x00007ffeae426000 	C:\WINDOWS\System32\win32u.dll
0x00007ffeb0250000 - 0x00007ffeb0279000 	C:\WINDOWS\System32\GDI32.dll
0x00007ffeaed00000 - 0x00007ffeaee18000 	C:\WINDOWS\System32\gdi32full.dll
0x00007ffeaec60000 - 0x00007ffeaecfa000 	C:\WINDOWS\System32\msvcp_win.dll
0x00007ffdc2c90000 - 0x00007ffdc2caa000 	C:\Program Files\Java\jdk-17.0.2\bin\VCRUNTIME140.dll
0x00007ffea0eb0000 - 0x00007ffea0eba000 	C:\WINDOWS\SYSTEM32\VERSION.dll
0x00007ffea2020000 - 0x00007ffea22b3000 	C:\WINDOWS\WinSxS\amd64_microsoft.windows.common-controls_6595b64144ccf1df_6.0.22621.3672_none_2713b9d173822955\COMCTL32.dll
0x00007ffeaf870000 - 0x00007ffeaf8a1000 	C:\WINDOWS\System32\IMM32.DLL
0x00007ffe766f0000 - 0x00007ffe766fc000 	C:\Program Files\Java\jdk-17.0.2\bin\vcruntime140_1.dll
0x00007ffdc2c00000 - 0x00007ffdc2c8d000 	C:\Program Files\Java\jdk-17.0.2\bin\msvcp140.dll
0x00007ffdc2030000 - 0x00007ffdc2bf1000 	C:\Program Files\Java\jdk-17.0.2\bin\server\jvm.dll
0x00007ffeafa10000 - 0x00007ffeafa18000 	C:\WINDOWS\System32\PSAPI.DLL
0x00007ffe77c60000 - 0x00007ffe77c69000 	C:\WINDOWS\SYSTEM32\WSOCK32.dll
0x00007ffeafd30000 - 0x00007ffeafda1000 	C:\WINDOWS\System32\WS2_32.dll
0x00007ffea1180000 - 0x00007ffea11b4000 	C:\WINDOWS\SYSTEM32\WINMM.dll
0x00007ffead490000 - 0x00007ffead4a8000 	C:\WINDOWS\SYSTEM32\kernel.appcore.dll
0x00007ffe76640000 - 0x00007ffe7664a000 	C:\Program Files\Java\jdk-17.0.2\bin\jimage.dll
0x00007ffeabcc0000 - 0x00007ffeabef2000 	C:\WINDOWS\SYSTEM32\DBGHELP.DLL
0x00007ffeaee20000 - 0x00007ffeaf1ae000 	C:\WINDOWS\System32\combase.dll
0x00007ffeafc50000 - 0x00007ffeafd27000 	C:\WINDOWS\System32\OLEAUT32.dll
0x00007ffe9e270000 - 0x00007ffe9e2a2000 	C:\WINDOWS\SYSTEM32\dbgcore.DLL
0x00007ffeae950000 - 0x00007ffeae9cb000 	C:\WINDOWS\System32\bcryptPrimitives.dll
0x00007ffe72440000 - 0x00007ffe7244e000 	C:\Program Files\Java\jdk-17.0.2\bin\instrument.dll
0x00007ffdc2000000 - 0x00007ffdc2025000 	C:\Program Files\Java\jdk-17.0.2\bin\java.dll
0x00007ffdc1f20000 - 0x00007ffdc1ff6000 	C:\Program Files\Java\jdk-17.0.2\bin\jsvml.dll
0x00007ffeb0680000 - 0x00007ffeb0ee9000 	C:\WINDOWS\System32\SHELL32.dll
0x00007ffeac320000 - 0x00007ffeacc1f000 	C:\WINDOWS\SYSTEM32\windows.storage.dll
0x00007ffeac070000 - 0x00007ffeac1af000 	C:\WINDOWS\SYSTEM32\wintypes.dll
0x00007ffeb0580000 - 0x00007ffeb0679000 	C:\WINDOWS\System32\SHCORE.dll
0x00007ffeaf1b0000 - 0x00007ffeaf20e000 	C:\WINDOWS\System32\shlwapi.dll
0x00007ffeae330000 - 0x00007ffeae357000 	C:\WINDOWS\SYSTEM32\profapi.dll
0x00007ffdc1f00000 - 0x00007ffdc1f18000 	C:\Program Files\Java\jdk-17.0.2\bin\zip.dll
0x00007ffdc1ee0000 - 0x00007ffdc1ef9000 	C:\Program Files\Java\jdk-17.0.2\bin\net.dll
0x00007ffea4690000 - 0x00007ffea47c6000 	C:\WINDOWS\SYSTEM32\WINHTTP.dll
0x00007ffead990000 - 0x00007ffead9f9000 	C:\WINDOWS\system32\mswsock.dll
0x00007ffdc1ec0000 - 0x00007ffdc1ed6000 	C:\Program Files\Java\jdk-17.0.2\bin\nio.dll
0x00007ffe64bd0000 - 0x00007ffe64be0000 	C:\Program Files\Java\jdk-17.0.2\bin\verify.dll
0x00007ffea6a50000 - 0x00007ffea6a77000 	C:\Users\s5763\.gradle\native\c067742578af261105cb4f569cf0c3c89f3d7b1fecec35dd04571415982c5e48\windows-amd64\native-platform.dll
0x00007ffe0fae0000 - 0x00007ffe0fc24000 	C:\Users\s5763\.gradle\native\100fb08df4bc3b14c8652ba06237920a3bd2aa13389f12d3474272988ae205f9\windows-amd64\native-platform-file-events.dll
0x00007ffe9a570000 - 0x00007ffe9a579000 	C:\Program Files\Java\jdk-17.0.2\bin\management.dll
0x00007ffe919e0000 - 0x00007ffe919eb000 	C:\Program Files\Java\jdk-17.0.2\bin\management_ext.dll
0x00007ffeadc00000 - 0x00007ffeadc1b000 	C:\WINDOWS\SYSTEM32\CRYPTSP.dll
0x00007ffead3f0000 - 0x00007ffead425000 	C:\WINDOWS\system32\rsaenh.dll
0x00007ffeada80000 - 0x00007ffeadaa8000 	C:\WINDOWS\SYSTEM32\USERENV.dll
0x00007ffeadc20000 - 0x00007ffeadc2c000 	C:\WINDOWS\SYSTEM32\CRYPTBASE.dll
0x00007ffeace70000 - 0x00007ffeace9d000 	C:\WINDOWS\SYSTEM32\IPHLPAPI.DLL
0x00007ffeb0520000 - 0x00007ffeb0529000 	C:\WINDOWS\System32\NSI.dll
0x00007ffea45b0000 - 0x00007ffea45c9000 	C:\WINDOWS\SYSTEM32\dhcpcsvc6.DLL
0x00007ffea4590000 - 0x00007ffea45af000 	C:\WINDOWS\SYSTEM32\dhcpcsvc.DLL
0x00007ffeacee0000 - 0x00007ffeacfe2000 	C:\WINDOWS\SYSTEM32\DNSAPI.dll
0x00007ffe9a890000 - 0x00007ffe9a89e000 	C:\Program Files\Java\jdk-17.0.2\bin\sunmscapi.dll
0x00007ffeaeaf0000 - 0x00007ffeaec56000 	C:\WINDOWS\System32\CRYPT32.dll
0x00007ffeadda0000 - 0x00007ffeaddcd000 	C:\WINDOWS\SYSTEM32\ncrypt.dll
0x00007ffeadd60000 - 0x00007ffeadd97000 	C:\WINDOWS\SYSTEM32\NTASN1.dll
0x00007ffe19190000 - 0x00007ffe19198000 	C:\WINDOWS\system32\wshunix.dll

dbghelp: loaded successfully - version: 4.0.5 - missing functions: none
symbol engine: initialized successfully - sym options: 0x614 - pdb path: .;C:\Program Files\Java\jdk-17.0.2\bin;C:\WINDOWS\SYSTEM32;C:\WINDOWS\WinSxS\amd64_microsoft.windows.common-controls_6595b64144ccf1df_6.0.22621.3672_none_2713b9d173822955;C:\Program Files\Java\jdk-17.0.2\bin\server;C:\Users\s5763\.gradle\native\c067742578af261105cb4f569cf0c3c89f3d7b1fecec35dd04571415982c5e48\windows-amd64;C:\Users\s5763\.gradle\native\100fb08df4bc3b14c8652ba06237920a3bd2aa13389f12d3474272988ae205f9\windows-amd64

VM Arguments:
jvm_args: --add-opens=java.base/java.util=ALL-UNNAMED --add-opens=java.base/java.lang=ALL-UNNAMED --add-opens=java.base/java.lang.invoke=ALL-UNNAMED --add-opens=java.prefs/java.util.prefs=ALL-UNNAMED --add-exports=jdk.compiler/com.sun.tools.javac.api=ALL-UNNAMED --add-exports=jdk.compiler/com.sun.tools.javac.util=ALL-UNNAMED --add-opens=java.base/java.nio.charset=ALL-UNNAMED --add-opens=java.base/java.net=ALL-UNNAMED --add-opens=java.base/java.util.concurrent.atomic=ALL-UNNAMED -XX:MaxMetaspaceSize=384m -XX:+HeapDumpOnOutOfMemoryError -Xms256m -Xmx512m -Dfile.encoding=UTF-8 -Duser.country=KR -Duser.language=ko -Duser.variant -javaagent:C:\Users\s5763\.gradle\wrapper\dists\gradle-8.10.1-bin\e90i968nv55tch01zkse4avv3\gradle-8.10.1\lib\agents\gradle-instrumentation-agent-8.10.1.jar 
java_command: org.gradle.launcher.daemon.bootstrap.GradleDaemon 8.10.1
java_class_path (initial): C:\Users\s5763\.gradle\wrapper\dists\gradle-8.10.1-bin\e90i968nv55tch01zkse4avv3\gradle-8.10.1\lib\gradle-daemon-main-8.10.1.jar
Launcher Type: SUN_STANDARD

[Global flags]
     intx CICompilerCount                          = 4                                         {product} {ergonomic}
   size_t CompressedClassSpaceSize                 = 322961408                                 {product} {ergonomic}
     uint ConcGCThreads                            = 2                                         {product} {ergonomic}
     uint G1ConcRefinementThreads                  = 8                                         {product} {ergonomic}
   size_t G1HeapRegionSize                         = 1048576                                   {product} {ergonomic}
    uintx GCDrainStackTargetSize                   = 64                                        {product} {ergonomic}
     bool HeapDumpOnOutOfMemoryError               = true                                   {manageable} {command line}
   size_t InitialHeapSize                          = 268435456                                 {product} {command line}
   size_t MarkStackSize                            = 4194304                                   {product} {ergonomic}
   size_t MaxHeapSize                              = 536870912                                 {product} {command line}
   size_t MaxMetaspaceSize                         = 402653184                                 {product} {command line}
   size_t MaxNewSize                               = 321912832                                 {product} {ergonomic}
   size_t MinHeapDeltaBytes                        = 1048576                                   {product} {ergonomic}
   size_t MinHeapSize                              = 268435456                                 {product} {command line}
    uintx NonNMethodCodeHeapSize                   = 5839372                                {pd product} {ergonomic}
    uintx NonProfiledCodeHeapSize                  = 122909434                              {pd product} {ergonomic}
    uintx ProfiledCodeHeapSize                     = 122909434                              {pd product} {ergonomic}
    uintx ReservedCodeCacheSize                    = 251658240                              {pd product} {ergonomic}
     bool SegmentedCodeCache                       = true                                      {product} {ergonomic}
   size_t SoftMaxHeapSize                          = 536870912                              {manageable} {ergonomic}
     bool UseCompressedClassPointers               = true                           {product lp64_product} {ergonomic}
     bool UseCompressedOops                        = true                           {product lp64_product} {ergonomic}
     bool UseG1GC                                  = true                                      {product} {ergonomic}
     bool UseLargePagesIndividualAllocation        = false                                  {pd product} {ergonomic}

Logging:
Log output configuration:
 #0: stdout all=warning uptime,level,tags
 #1: stderr all=off uptime,level,tags

Environment Variables:
JAVA_HOME=C:\Program Files\Java\jdk-17.0.2
CLASSPATH=C:\Program Files\Java\jdk-17.0.2\lib
PATH=C:\Program Files\Eclipse Adoptium\jdk-17.0.12.7-hotspot\bin;C:\Program Files\Java\jdk-17.0.2\bin;C:\Program Files\nodejs\;C:\Users\s5763\AppData\Local\Programs\Python\Python39\Scripts\;C:\Users\s5763\AppData\Local\Programs\Python\Python39\;C:\Users\s5763\AppData\Local\Microsoft\WindowsApps;C:\Users\s5763\AppData\Local\Programs\Microsoft VS Code\bin;C:\Program Files (x86)\Dev-Cpp\MinGW64\bin;C:\Users\s5763\AppData\Roaming\TinyTeX\bin\windows;C:\Program Files\JetBrains\IntelliJ IDEA Community Edition 2024.1.4\bin;;C:\Program Files\Java\jdk-22;C:\Windows\System32\WindowsPowerShell\v1.0;;C:\Program Files\JetBrains\IntelliJ IDEA 2024.1.4\bin;;C:\Users\s5763\AppData\Roaming\npm
USERNAME=s5763
OS=Windows_NT
PROCESSOR_IDENTIFIER=Intel64 Family 6 Model 140 Stepping 1, GenuineIntel



---------------  S Y S T E M  ---------------

OS:
 Windows 11 , 64 bit Build 22621 (10.0.22621.3958)
OS uptime: 0 days 5:20 hours
Hyper-V role detected

CPU: total 8 (initial active 8) (4 cores per cpu, 2 threads per core) family 6 model 140 stepping 1 microcode 0xb4, cx8, cmov, fxsr, ht, mmx, 3dnowpref, sse, sse2, sse3, ssse3, sse4.1, sse4.2, popcnt, lzcnt, tsc, tscinvbit, avx, avx2, aes, erms, clmul, bmi1, bmi2, adx, avx512f, avx512dq, avx512cd, avx512bw, avx512vl, sha, fma, vzeroupper, avx512_vpopcntdq, avx512_vpclmulqdq, avx512_vaes, avx512_vnni, clflush, clflushopt, clwb, avx512_vbmi2, avx512_vbmi, hv

Memory: 4k page, system-wide physical 16057M (545M free)
TotalPageFile size 65209M (AvailPageFile size 54M)
current process WorkingSet (physical memory assigned to process): 224M, peak: 225M
current process commit charge ("private bytes"): 419M, peak: 420M

vm_info: Java HotSpot(TM) 64-Bit Server VM (17.0.2+8-LTS-86) for windows-amd64 JRE (17.0.2+8-LTS-86), built on Dec  7 2021 21:51:03 by "mach5one" with MS VC++ 16.8 / 16.9 (VS2019)

END.
