#
# There is insufficient memory for the Java Runtime Environment to continue.
# Native memory allocation (malloc) failed to allocate 557584 bytes for Chunk::new
# Possible reasons:
#   The system is out of physical RAM or swap space
#   The process is running with CompressedOops enabled, and the Java Heap may be blocking the growth of the native heap
# Possible solutions:
#   Reduce memory load on the system
#   Increase physical memory or swap space
#   Check if swap backing store is full
#   Decrease Java heap size (-Xmx/-Xms)
#   Decrease number of Java threads
#   Decrease Java thread stack sizes (-Xss)
#   Set larger code cache with -XX:ReservedCodeCacheSize=
#   JVM is running with Unscaled Compressed Oops mode in which the Java heap is
#     placed in the first 4GB address space. The Java Heap base address is the
#     maximum limit for the native heap growth. Please use -XX:HeapBaseMinAddress
#     to set the Java Heap base and to place the Java Heap above 4GB virtual address.
# This output file may be truncated or incomplete.
#
#  Out of Memory Error (arena.cpp:189), pid=36460, tid=46720
#
# JRE version: Java(TM) SE Runtime Environment (17.0.2+8) (build 17.0.2+8-LTS-86)
# Java VM: Java HotSpot(TM) 64-Bit Server VM (17.0.2+8-LTS-86, mixed mode, sharing, tiered, compressed oops, compressed class ptrs, g1 gc, windows-amd64)
# No core dump will be written. Minidumps are not enabled by default on client versions of Windows
#

---------------  S U M M A R Y ------------

Command Line: --add-opens=java.base/java.util=ALL-UNNAMED --add-opens=java.base/java.lang=ALL-UNNAMED --add-opens=java.base/java.lang.invoke=ALL-UNNAMED --add-opens=java.prefs/java.util.prefs=ALL-UNNAMED --add-exports=jdk.compiler/com.sun.tools.javac.api=ALL-UNNAMED --add-exports=jdk.compiler/com.sun.tools.javac.util=ALL-UNNAMED --add-opens=java.base/java.nio.charset=ALL-UNNAMED --add-opens=java.base/java.net=ALL-UNNAMED --add-opens=java.base/java.util.concurrent.atomic=ALL-UNNAMED -XX:MaxMetaspaceSize=384m -XX:+HeapDumpOnOutOfMemoryError -Xms256m -Xmx512m -Dfile.encoding=UTF-8 -Duser.country=KR -Duser.language=ko -Duser.variant -javaagent:C:\Users\s5763\.gradle\wrapper\dists\gradle-8.10.1-bin\e90i968nv55tch01zkse4avv3\gradle-8.10.1\lib\agents\gradle-instrumentation-agent-8.10.1.jar org.gradle.launcher.daemon.bootstrap.GradleDaemon 8.10.1

Host: 11th Gen Intel(R) Core(TM) i5-1135G7 @ 2.40GHz, 8 cores, 15G,  Windows 11 , 64 bit Build 22621 (10.0.22621.3958)
Time: Thu Oct 17 20:33:12 2024  Windows 11 , 64 bit Build 22621 (10.0.22621.3958) elapsed time: 379.411716 seconds (0d 0h 6m 19s)

---------------  T H R E A D  ---------------

Current thread (0x0000026ba46f4870):  JavaThread "C2 CompilerThread0" daemon [_thread_in_native, id=46720, stack(0x0000007ebfe00000,0x0000007ebff00000)]


Current CompileTask:
C2: 379421 3250       4       jdk.internal.org.objectweb.asm.Frame::execute (2305 bytes)

Stack: [0x0000007ebfe00000,0x0000007ebff00000]
Native frames: (J=compiled Java code, j=interpreted, Vv=VM code, C=native code)
V  [jvm.dll+0x670baa]
V  [jvm.dll+0x7cfcb4]
V  [jvm.dll+0x7d145e]
V  [jvm.dll+0x7d1ac3]
V  [jvm.dll+0x242bc5]
V  [jvm.dll+0xaa57b]
V  [jvm.dll+0xaab0c]
V  [jvm.dll+0x11baf7]
V  [jvm.dll+0x604205]
V  [jvm.dll+0x6028d4]
V  [jvm.dll+0x215b08]
V  [jvm.dll+0x2150b1]
V  [jvm.dll+0x1a1bbd]
V  [jvm.dll+0x224908]
V  [jvm.dll+0x222a6c]
V  [jvm.dll+0x7859bb]
V  [jvm.dll+0x77ff7a]
V  [jvm.dll+0x66fa35]
C  [ucrtbase.dll+0x29333]
C  [KERNEL32.DLL+0x1257d]
C  [ntdll.dll+0x5af08]


---------------  P R O C E S S  ---------------

Threads class SMR info:
_java_thread_list=0x0000026ba7a20b30, length=32, elements={
0x0000026b89e383b0, 0x0000026ba46cfdf0, 0x0000026ba46d09a0, 0x0000026ba46edc60,
0x0000026ba46ee810, 0x0000026ba46f11d0, 0x0000026ba46f3b90, 0x0000026ba46f4870,
0x0000026ba46f5b20, 0x0000026ba4734ec0, 0x0000026ba509ca10, 0x0000026ba51816a0,
0x0000026ba66bea00, 0x0000026ba5f9bc20, 0x0000026ba5c7a3a0, 0x0000026ba65e0030,
0x0000026ba627d580, 0x0000026ba627de60, 0x0000026ba56dc320, 0x0000026ba6339dc0,
0x0000026ba69fc010, 0x0000026ba5e44d20, 0x0000026ba5e44380, 0x0000026ba5e44850,
0x0000026ba5e43510, 0x0000026ba5e439e0, 0x0000026ba69673c0, 0x0000026ba6966a20,
0x0000026ba69656e0, 0x0000026ba6967890, 0x0000026ba6966ef0, 0x0000026ba6963ed0
}

Java Threads: ( => current thread )
  0x0000026b89e383b0 JavaThread "main" [_thread_blocked, id=41764, stack(0x0000007ebf100000,0x0000007ebf200000)]
  0x0000026ba46cfdf0 JavaThread "Reference Handler" daemon [_thread_blocked, id=50356, stack(0x0000007ebf800000,0x0000007ebf900000)]
  0x0000026ba46d09a0 JavaThread "Finalizer" daemon [_thread_blocked, id=35076, stack(0x0000007ebf900000,0x0000007ebfa00000)]
  0x0000026ba46edc60 JavaThread "Signal Dispatcher" daemon [_thread_blocked, id=7612, stack(0x0000007ebfa00000,0x0000007ebfb00000)]
  0x0000026ba46ee810 JavaThread "Attach Listener" daemon [_thread_blocked, id=52864, stack(0x0000007ebfb00000,0x0000007ebfc00000)]
  0x0000026ba46f11d0 JavaThread "Service Thread" daemon [_thread_blocked, id=16720, stack(0x0000007ebfc00000,0x0000007ebfd00000)]
  0x0000026ba46f3b90 JavaThread "Monitor Deflation Thread" daemon [_thread_blocked, id=42956, stack(0x0000007ebfd00000,0x0000007ebfe00000)]
=>0x0000026ba46f4870 JavaThread "C2 CompilerThread0" daemon [_thread_in_native, id=46720, stack(0x0000007ebfe00000,0x0000007ebff00000)]
  0x0000026ba46f5b20 JavaThread "C1 CompilerThread0" daemon [_thread_blocked, id=46788, stack(0x0000007ebff00000,0x0000007ec0000000)]
  0x0000026ba4734ec0 JavaThread "Sweeper thread" daemon [_thread_blocked, id=46536, stack(0x0000007ec0000000,0x0000007ec0100000)]
  0x0000026ba509ca10 JavaThread "Common-Cleaner" daemon [_thread_blocked, id=43508, stack(0x0000007ec0100000,0x0000007ec0200000)]
  0x0000026ba51816a0 JavaThread "Notification Thread" daemon [_thread_blocked, id=53084, stack(0x0000007ec0200000,0x0000007ec0300000)]
  0x0000026ba66bea00 JavaThread "Daemon health stats" [_thread_blocked, id=34944, stack(0x0000007ec0700000,0x0000007ec0800000)]
  0x0000026ba5f9bc20 JavaThread "Incoming local TCP Connector on port 50497" [_thread_in_native, id=3276, stack(0x0000007ec0800000,0x0000007ec0900000)]
  0x0000026ba5c7a3a0 JavaThread "Daemon periodic checks" [_thread_blocked, id=51360, stack(0x0000007ec0900000,0x0000007ec0a00000)]
  0x0000026ba65e0030 JavaThread "Daemon" [_thread_blocked, id=44300, stack(0x0000007ec0e00000,0x0000007ec0f00000)]
  0x0000026ba627d580 JavaThread "Handler for socket connection from /127.0.0.1:50497 to /127.0.0.1:50510" [_thread_in_native, id=51772, stack(0x0000007ec0f00000,0x0000007ec1000000)]
  0x0000026ba627de60 JavaThread "Cancel handler" [_thread_blocked, id=28032, stack(0x0000007ec1000000,0x0000007ec1100000)]
  0x0000026ba56dc320 JavaThread "Daemon worker" [_thread_in_native, id=54516, stack(0x0000007ec0a00000,0x0000007ec0b00000)]
  0x0000026ba6339dc0 JavaThread "Asynchronous log dispatcher for DefaultDaemonConnection: socket connection from /127.0.0.1:50497 to /127.0.0.1:50510" [_thread_blocked, id=54640, stack(0x0000007ec0c00000,0x0000007ec0d00000)]
  0x0000026ba69fc010 JavaThread "Stdin handler" [_thread_blocked, id=54652, stack(0x0000007ec0d00000,0x0000007ec0e00000)]
  0x0000026ba5e44d20 JavaThread "Daemon client event forwarder" [_thread_blocked, id=54656, stack(0x0000007ec1100000,0x0000007ec1200000)]
  0x0000026ba5e44380 JavaThread "Cache worker for journal cache (C:\Users\s5763\.gradle\caches\journal-1)" [_thread_blocked, id=55012, stack(0x0000007ec1200000,0x0000007ec1300000)]
  0x0000026ba5e44850 JavaThread "File lock request listener" [_thread_in_native, id=55028, stack(0x0000007ec1300000,0x0000007ec1400000)]
  0x0000026ba5e43510 JavaThread "Cache worker for file hash cache (C:\Users\s5763\.gradle\caches\8.10.1\fileHashes)" [_thread_blocked, id=55132, stack(0x0000007ec1400000,0x0000007ec1500000)]
  0x0000026ba5e439e0 JavaThread "File lock release action executor" [_thread_blocked, id=55184, stack(0x0000007ec1500000,0x0000007ec1600000)]
  0x0000026ba69673c0 JavaThread "Cache worker for file hash cache (F:\bootcamp\DaeChamSa\msa_\with-the-developer-post-service\.gradle\8.10.1\fileHashes)" [_thread_blocked, id=39712, stack(0x0000007ec1600000,0x0000007ec1700000)]
  0x0000026ba6966a20 JavaThread "Cache worker for Build Output Cleanup Cache (F:\bootcamp\DaeChamSa\msa_\with-the-developer-post-service\.gradle\buildOutputCleanup)" [_thread_blocked, id=54008, stack(0x0000007ec1700000,0x0000007ec1800000)]
  0x0000026ba69656e0 JavaThread "File watcher server" daemon [_thread_in_native, id=13340, stack(0x0000007ec1b00000,0x0000007ec1c00000)]
  0x0000026ba6967890 JavaThread "File watcher consumer" daemon [_thread_blocked, id=55092, stack(0x0000007ec1c00000,0x0000007ec1d00000)]
  0x0000026ba6966ef0 JavaThread "Cache worker for checksums cache (F:\bootcamp\DaeChamSa\msa_\with-the-developer-post-service\.gradle\8.10.1\checksums)" [_thread_blocked, id=54860, stack(0x0000007ec1d00000,0x0000007ec1e00000)]
  0x0000026ba6963ed0 JavaThread "Cache worker for file content cache (C:\Users\s5763\.gradle\caches\8.10.1\fileContent)" [_thread_blocked, id=54864, stack(0x0000007ec1f00000,0x0000007ec2000000)]

Other Threads:
  0x0000026ba46ca7b0 VMThread "VM Thread" [stack: 0x0000007ebf700000,0x0000007ebf800000] [id=46028]
  0x0000026b89e39220 WatcherThread [stack: 0x0000007ec0300000,0x0000007ec0400000] [id=12200]
  0x0000026b89e61330 GCTaskThread "GC Thread#0" [stack: 0x0000007ebf200000,0x0000007ebf300000] [id=41464]
  0x0000026ba533c920 GCTaskThread "GC Thread#1" [stack: 0x0000007ebee00000,0x0000007ebef00000] [id=31076]
  0x0000026ba54a06f0 GCTaskThread "GC Thread#2" [stack: 0x0000007ebef00000,0x0000007ebf000000] [id=39752]
  0x0000026ba5333150 GCTaskThread "GC Thread#3" [stack: 0x0000007ebf000000,0x0000007ebf100000] [id=33340]
  0x0000026ba54f9d00 GCTaskThread "GC Thread#4" [stack: 0x0000007ec0400000,0x0000007ec0500000] [id=49852]
  0x0000026ba54f9fb0 GCTaskThread "GC Thread#5" [stack: 0x0000007ec0500000,0x0000007ec0600000] [id=18220]
  0x0000026ba77fed00 GCTaskThread "GC Thread#6" [stack: 0x0000007ec1800000,0x0000007ec1900000] [id=54824]
  0x0000026ba7800280 GCTaskThread "GC Thread#7" [stack: 0x0000007ec1900000,0x0000007ec1a00000] [id=54968]
  0x0000026b89e66270 ConcurrentGCThread "G1 Main Marker" [stack: 0x0000007ebf300000,0x0000007ebf400000] [id=41772]
  0x0000026b89e66c80 ConcurrentGCThread "G1 Conc#0" [stack: 0x0000007ebf400000,0x0000007ebf500000] [id=51016]
  0x0000026ba7800530 ConcurrentGCThread "G1 Conc#1" [stack: 0x0000007ec1a00000,0x0000007ec1b00000] [id=54996]
  0x0000026ba45924d0 ConcurrentGCThread "G1 Refine#0" [stack: 0x0000007ebf500000,0x0000007ebf600000] [id=38788]
  0x0000026ba58e3410 ConcurrentGCThread "G1 Refine#1" [stack: 0x0000007ec0600000,0x0000007ec0700000] [id=45452]
  0x0000026ba4592ef0 ConcurrentGCThread "G1 Service" [stack: 0x0000007ebf600000,0x0000007ebf700000] [id=46292]

Threads with active compile tasks:
C2 CompilerThread0   385589 3250       4       jdk.internal.org.objectweb.asm.Frame::execute (2305 bytes)

VM state: not at safepoint (normal execution)

VM Mutex/Monitor currently owned by a thread: None

Heap address: 0x00000000e0000000, size: 512 MB, Compressed Oops mode: 32-bit

CDS archive(s) mapped at: [0x0000000800000000-0x0000000800bc0000-0x0000000800bc0000), size 12320768, SharedBaseAddress: 0x0000000800000000, ArchiveRelocationMode: 0.
Compressed class space mapped at: 0x0000000800c00000-0x0000000814000000, reserved size: 322961408
Narrow klass base: 0x0000000800000000, Narrow klass shift: 0, Narrow klass range: 0x100000000

GC Precious Log:
 CPUs: 8 total, 8 available
 Memory: 16057M
 Large Page Support: Disabled
 NUMA Support: Disabled
 Compressed Oops: Enabled (32-bit)
 Heap Region Size: 1M
 Heap Min Capacity: 256M
 Heap Initial Capacity: 256M
 Heap Max Capacity: 512M
 Pre-touch: Disabled
 Parallel Workers: 8
 Concurrent Workers: 2
 Concurrent Refinement Workers: 8
 Periodic GC: Disabled

Heap:
 garbage-first heap   total 262144K, used 50601K [0x00000000e0000000, 0x0000000100000000)
  region size 1024K, 41 young (41984K), 14 survivors (14336K)
 Metaspace       used 23993K, committed 24384K, reserved 339968K
  class space    used 3545K, committed 3712K, reserved 315392K

Heap Regions: E=young(eden), S=young(survivor), O=old, HS=humongous(starts), HC=humongous(continues), CS=collection set, F=free, OA=open archive, CA=closed archive, TAMS=top-at-mark-start (previous, next)
|   0|0x00000000e0000000, 0x00000000e0100000, 0x00000000e0100000|100%| O|  |TAMS 0x00000000e0100000, 0x00000000e0000000| Untracked 
|   1|0x00000000e0100000, 0x00000000e0200000, 0x00000000e0200000|100%| O|  |TAMS 0x00000000e0200000, 0x00000000e0100000| Untracked 
|   2|0x00000000e0200000, 0x00000000e0300000, 0x00000000e0300000|100%|HS|  |TAMS 0x00000000e0300000, 0x00000000e0200000| Complete 
|   3|0x00000000e0300000, 0x00000000e0400000, 0x00000000e0400000|100%|HC|  |TAMS 0x00000000e0400000, 0x00000000e0300000| Complete 
|   4|0x00000000e0400000, 0x00000000e0500000, 0x00000000e0500000|100%|HC|  |TAMS 0x00000000e0500000, 0x00000000e0400000| Complete 
|   5|0x00000000e0500000, 0x00000000e0600000, 0x00000000e0600000|100%|HC|  |TAMS 0x00000000e0600000, 0x00000000e0500000| Complete 
|   6|0x00000000e0600000, 0x00000000e0700000, 0x00000000e0700000|100%| O|  |TAMS 0x00000000e0700000, 0x00000000e0600000| Untracked 
|   7|0x00000000e0700000, 0x00000000e0800000, 0x00000000e0800000|100%|HS|  |TAMS 0x00000000e0800000, 0x00000000e0700000| Complete 
|   8|0x00000000e0800000, 0x00000000e0800000, 0x00000000e0900000|  0%| F|  |TAMS 0x00000000e0800000, 0x00000000e0800000| Untracked 
|   9|0x00000000e0900000, 0x00000000e0a00000, 0x00000000e0a00000|100%| O|  |TAMS 0x00000000e0a00000, 0x00000000e0900000| Untracked 
|  10|0x00000000e0a00000, 0x00000000e0b00000, 0x00000000e0b00000|100%| O|  |TAMS 0x00000000e0b00000, 0x00000000e0a00000| Untracked 
|  11|0x00000000e0b00000, 0x00000000e0c00000, 0x00000000e0c00000|100%| O|  |TAMS 0x00000000e0c00000, 0x00000000e0b00000| Untracked 
|  12|0x00000000e0c00000, 0x00000000e0c2b800, 0x00000000e0d00000| 16%| O|  |TAMS 0x00000000e0c2b800, 0x00000000e0c00000| Untracked 
|  13|0x00000000e0d00000, 0x00000000e0d00000, 0x00000000e0e00000|  0%| F|  |TAMS 0x00000000e0d00000, 0x00000000e0d00000| Untracked 
|  14|0x00000000e0e00000, 0x00000000e0e00000, 0x00000000e0f00000|  0%| F|  |TAMS 0x00000000e0e00000, 0x00000000e0e00000| Untracked 
|  15|0x00000000e0f00000, 0x00000000e0f00000, 0x00000000e1000000|  0%| F|  |TAMS 0x00000000e0f00000, 0x00000000e0f00000| Untracked 
|  16|0x00000000e1000000, 0x00000000e1000000, 0x00000000e1100000|  0%| F|  |TAMS 0x00000000e1000000, 0x00000000e1000000| Untracked 
|  17|0x00000000e1100000, 0x00000000e1100000, 0x00000000e1200000|  0%| F|  |TAMS 0x00000000e1100000, 0x00000000e1100000| Untracked 
|  18|0x00000000e1200000, 0x00000000e1200000, 0x00000000e1300000|  0%| F|  |TAMS 0x00000000e1200000, 0x00000000e1200000| Untracked 
|  19|0x00000000e1300000, 0x00000000e1300000, 0x00000000e1400000|  0%| F|  |TAMS 0x00000000e1300000, 0x00000000e1300000| Untracked 
|  20|0x00000000e1400000, 0x00000000e1400000, 0x00000000e1500000|  0%| F|  |TAMS 0x00000000e1400000, 0x00000000e1400000| Untracked 
|  21|0x00000000e1500000, 0x00000000e1500000, 0x00000000e1600000|  0%| F|  |TAMS 0x00000000e1500000, 0x00000000e1500000| Untracked 
|  22|0x00000000e1600000, 0x00000000e1600000, 0x00000000e1700000|  0%| F|  |TAMS 0x00000000e1600000, 0x00000000e1600000| Untracked 
|  23|0x00000000e1700000, 0x00000000e1700000, 0x00000000e1800000|  0%| F|  |TAMS 0x00000000e1700000, 0x00000000e1700000| Untracked 
|  24|0x00000000e1800000, 0x00000000e1800000, 0x00000000e1900000|  0%| F|  |TAMS 0x00000000e1800000, 0x00000000e1800000| Untracked 
|  25|0x00000000e1900000, 0x00000000e1900000, 0x00000000e1a00000|  0%| F|  |TAMS 0x00000000e1900000, 0x00000000e1900000| Untracked 
|  26|0x00000000e1a00000, 0x00000000e1a00000, 0x00000000e1b00000|  0%| F|  |TAMS 0x00000000e1a00000, 0x00000000e1a00000| Untracked 
|  27|0x00000000e1b00000, 0x00000000e1b00000, 0x00000000e1c00000|  0%| F|  |TAMS 0x00000000e1b00000, 0x00000000e1b00000| Untracked 
|  28|0x00000000e1c00000, 0x00000000e1c00000, 0x00000000e1d00000|  0%| F|  |TAMS 0x00000000e1c00000, 0x00000000e1c00000| Untracked 
|  29|0x00000000e1d00000, 0x00000000e1d00000, 0x00000000e1e00000|  0%| F|  |TAMS 0x00000000e1d00000, 0x00000000e1d00000| Untracked 
|  30|0x00000000e1e00000, 0x00000000e1e00000, 0x00000000e1f00000|  0%| F|  |TAMS 0x00000000e1e00000, 0x00000000e1e00000| Untracked 
|  31|0x00000000e1f00000, 0x00000000e1f00000, 0x00000000e2000000|  0%| F|  |TAMS 0x00000000e1f00000, 0x00000000e1f00000| Untracked 
|  32|0x00000000e2000000, 0x00000000e2000000, 0x00000000e2100000|  0%| F|  |TAMS 0x00000000e2000000, 0x00000000e2000000| Untracked 
|  33|0x00000000e2100000, 0x00000000e2100000, 0x00000000e2200000|  0%| F|  |TAMS 0x00000000e2100000, 0x00000000e2100000| Untracked 
|  34|0x00000000e2200000, 0x00000000e2200000, 0x00000000e2300000|  0%| F|  |TAMS 0x00000000e2200000, 0x00000000e2200000| Untracked 
|  35|0x00000000e2300000, 0x00000000e2300000, 0x00000000e2400000|  0%| F|  |TAMS 0x00000000e2300000, 0x00000000e2300000| Untracked 
|  36|0x00000000e2400000, 0x00000000e2400000, 0x00000000e2500000|  0%| F|  |TAMS 0x00000000e2400000, 0x00000000e2400000| Untracked 
|  37|0x00000000e2500000, 0x00000000e2500000, 0x00000000e2600000|  0%| F|  |TAMS 0x00000000e2500000, 0x00000000e2500000| Untracked 
|  38|0x00000000e2600000, 0x00000000e2600000, 0x00000000e2700000|  0%| F|  |TAMS 0x00000000e2600000, 0x00000000e2600000| Untracked 
|  39|0x00000000e2700000, 0x00000000e2700000, 0x00000000e2800000|  0%| F|  |TAMS 0x00000000e2700000, 0x00000000e2700000| Untracked 
|  40|0x00000000e2800000, 0x00000000e2800000, 0x00000000e2900000|  0%| F|  |TAMS 0x00000000e2800000, 0x00000000e2800000| Untracked 
|  41|0x00000000e2900000, 0x00000000e2900000, 0x00000000e2a00000|  0%| F|  |TAMS 0x00000000e2900000, 0x00000000e2900000| Untracked 
|  42|0x00000000e2a00000, 0x00000000e2a00000, 0x00000000e2b00000|  0%| F|  |TAMS 0x00000000e2a00000, 0x00000000e2a00000| Untracked 
|  43|0x00000000e2b00000, 0x00000000e2b00000, 0x00000000e2c00000|  0%| F|  |TAMS 0x00000000e2b00000, 0x00000000e2b00000| Untracked 
|  44|0x00000000e2c00000, 0x00000000e2c00000, 0x00000000e2d00000|  0%| F|  |TAMS 0x00000000e2c00000, 0x00000000e2c00000| Untracked 
|  45|0x00000000e2d00000, 0x00000000e2d00000, 0x00000000e2e00000|  0%| F|  |TAMS 0x00000000e2d00000, 0x00000000e2d00000| Untracked 
|  46|0x00000000e2e00000, 0x00000000e2e00000, 0x00000000e2f00000|  0%| F|  |TAMS 0x00000000e2e00000, 0x00000000e2e00000| Untracked 
|  47|0x00000000e2f00000, 0x00000000e2f00000, 0x00000000e3000000|  0%| F|  |TAMS 0x00000000e2f00000, 0x00000000e2f00000| Untracked 
|  48|0x00000000e3000000, 0x00000000e3000000, 0x00000000e3100000|  0%| F|  |TAMS 0x00000000e3000000, 0x00000000e3000000| Untracked 
|  49|0x00000000e3100000, 0x00000000e3100000, 0x00000000e3200000|  0%| F|  |TAMS 0x00000000e3100000, 0x00000000e3100000| Untracked 
|  50|0x00000000e3200000, 0x00000000e3200000, 0x00000000e3300000|  0%| F|  |TAMS 0x00000000e3200000, 0x00000000e3200000| Untracked 
|  51|0x00000000e3300000, 0x00000000e3300000, 0x00000000e3400000|  0%| F|  |TAMS 0x00000000e3300000, 0x00000000e3300000| Untracked 
|  52|0x00000000e3400000, 0x00000000e3400000, 0x00000000e3500000|  0%| F|  |TAMS 0x00000000e3400000, 0x00000000e3400000| Untracked 
|  53|0x00000000e3500000, 0x00000000e3500000, 0x00000000e3600000|  0%| F|  |TAMS 0x00000000e3500000, 0x00000000e3500000| Untracked 
|  54|0x00000000e3600000, 0x00000000e3600000, 0x00000000e3700000|  0%| F|  |TAMS 0x00000000e3600000, 0x00000000e3600000| Untracked 
|  55|0x00000000e3700000, 0x00000000e3700000, 0x00000000e3800000|  0%| F|  |TAMS 0x00000000e3700000, 0x00000000e3700000| Untracked 
|  56|0x00000000e3800000, 0x00000000e3800000, 0x00000000e3900000|  0%| F|  |TAMS 0x00000000e3800000, 0x00000000e3800000| Untracked 
|  57|0x00000000e3900000, 0x00000000e3900000, 0x00000000e3a00000|  0%| F|  |TAMS 0x00000000e3900000, 0x00000000e3900000| Untracked 
|  58|0x00000000e3a00000, 0x00000000e3a00000, 0x00000000e3b00000|  0%| F|  |TAMS 0x00000000e3a00000, 0x00000000e3a00000| Untracked 
|  59|0x00000000e3b00000, 0x00000000e3b00000, 0x00000000e3c00000|  0%| F|  |TAMS 0x00000000e3b00000, 0x00000000e3b00000| Untracked 
|  60|0x00000000e3c00000, 0x00000000e3c00000, 0x00000000e3d00000|  0%| F|  |TAMS 0x00000000e3c00000, 0x00000000e3c00000| Untracked 
|  61|0x00000000e3d00000, 0x00000000e3d00000, 0x00000000e3e00000|  0%| F|  |TAMS 0x00000000e3d00000, 0x00000000e3d00000| Untracked 
|  62|0x00000000e3e00000, 0x00000000e3e00000, 0x00000000e3f00000|  0%| F|  |TAMS 0x00000000e3e00000, 0x00000000e3e00000| Untracked 
|  63|0x00000000e3f00000, 0x00000000e3f00000, 0x00000000e4000000|  0%| F|  |TAMS 0x00000000e3f00000, 0x00000000e3f00000| Untracked 
|  64|0x00000000e4000000, 0x00000000e4000000, 0x00000000e4100000|  0%| F|  |TAMS 0x00000000e4000000, 0x00000000e4000000| Untracked 
|  65|0x00000000e4100000, 0x00000000e4100000, 0x00000000e4200000|  0%| F|  |TAMS 0x00000000e4100000, 0x00000000e4100000| Untracked 
|  66|0x00000000e4200000, 0x00000000e4200000, 0x00000000e4300000|  0%| F|  |TAMS 0x00000000e4200000, 0x00000000e4200000| Untracked 
|  67|0x00000000e4300000, 0x00000000e4300000, 0x00000000e4400000|  0%| F|  |TAMS 0x00000000e4300000, 0x00000000e4300000| Untracked 
|  68|0x00000000e4400000, 0x00000000e4400000, 0x00000000e4500000|  0%| F|  |TAMS 0x00000000e4400000, 0x00000000e4400000| Untracked 
|  69|0x00000000e4500000, 0x00000000e4500000, 0x00000000e4600000|  0%| F|  |TAMS 0x00000000e4500000, 0x00000000e4500000| Untracked 
|  70|0x00000000e4600000, 0x00000000e4600000, 0x00000000e4700000|  0%| F|  |TAMS 0x00000000e4600000, 0x00000000e4600000| Untracked 
|  71|0x00000000e4700000, 0x00000000e4700000, 0x00000000e4800000|  0%| F|  |TAMS 0x00000000e4700000, 0x00000000e4700000| Untracked 
|  72|0x00000000e4800000, 0x00000000e4800000, 0x00000000e4900000|  0%| F|  |TAMS 0x00000000e4800000, 0x00000000e4800000| Untracked 
|  73|0x00000000e4900000, 0x00000000e4900000, 0x00000000e4a00000|  0%| F|  |TAMS 0x00000000e4900000, 0x00000000e4900000| Untracked 
|  74|0x00000000e4a00000, 0x00000000e4a00000, 0x00000000e4b00000|  0%| F|  |TAMS 0x00000000e4a00000, 0x00000000e4a00000| Untracked 
|  75|0x00000000e4b00000, 0x00000000e4b00000, 0x00000000e4c00000|  0%| F|  |TAMS 0x00000000e4b00000, 0x00000000e4b00000| Untracked 
|  76|0x00000000e4c00000, 0x00000000e4c00000, 0x00000000e4d00000|  0%| F|  |TAMS 0x00000000e4c00000, 0x00000000e4c00000| Untracked 
|  77|0x00000000e4d00000, 0x00000000e4d00000, 0x00000000e4e00000|  0%| F|  |TAMS 0x00000000e4d00000, 0x00000000e4d00000| Untracked 
|  78|0x00000000e4e00000, 0x00000000e4e00000, 0x00000000e4f00000|  0%| F|  |TAMS 0x00000000e4e00000, 0x00000000e4e00000| Untracked 
|  79|0x00000000e4f00000, 0x00000000e4f00000, 0x00000000e5000000|  0%| F|  |TAMS 0x00000000e4f00000, 0x00000000e4f00000| Untracked 
|  80|0x00000000e5000000, 0x00000000e5000000, 0x00000000e5100000|  0%| F|  |TAMS 0x00000000e5000000, 0x00000000e5000000| Untracked 
|  81|0x00000000e5100000, 0x00000000e5100000, 0x00000000e5200000|  0%| F|  |TAMS 0x00000000e5100000, 0x00000000e5100000| Untracked 
|  82|0x00000000e5200000, 0x00000000e5200000, 0x00000000e5300000|  0%| F|  |TAMS 0x00000000e5200000, 0x00000000e5200000| Untracked 
|  83|0x00000000e5300000, 0x00000000e5300000, 0x00000000e5400000|  0%| F|  |TAMS 0x00000000e5300000, 0x00000000e5300000| Untracked 
|  84|0x00000000e5400000, 0x00000000e5400000, 0x00000000e5500000|  0%| F|  |TAMS 0x00000000e5400000, 0x00000000e5400000| Untracked 
|  85|0x00000000e5500000, 0x00000000e5500000, 0x00000000e5600000|  0%| F|  |TAMS 0x00000000e5500000, 0x00000000e5500000| Untracked 
|  86|0x00000000e5600000, 0x00000000e5600000, 0x00000000e5700000|  0%| F|  |TAMS 0x00000000e5600000, 0x00000000e5600000| Untracked 
|  87|0x00000000e5700000, 0x00000000e5700000, 0x00000000e5800000|  0%| F|  |TAMS 0x00000000e5700000, 0x00000000e5700000| Untracked 
|  88|0x00000000e5800000, 0x00000000e5800000, 0x00000000e5900000|  0%| F|  |TAMS 0x00000000e5800000, 0x00000000e5800000| Untracked 
|  89|0x00000000e5900000, 0x00000000e5900000, 0x00000000e5a00000|  0%| F|  |TAMS 0x00000000e5900000, 0x00000000e5900000| Untracked 
|  90|0x00000000e5a00000, 0x00000000e5a00000, 0x00000000e5b00000|  0%| F|  |TAMS 0x00000000e5a00000, 0x00000000e5a00000| Untracked 
|  91|0x00000000e5b00000, 0x00000000e5b00000, 0x00000000e5c00000|  0%| F|  |TAMS 0x00000000e5b00000, 0x00000000e5b00000| Untracked 
|  92|0x00000000e5c00000, 0x00000000e5c00000, 0x00000000e5d00000|  0%| F|  |TAMS 0x00000000e5c00000, 0x00000000e5c00000| Untracked 
|  93|0x00000000e5d00000, 0x00000000e5d00000, 0x00000000e5e00000|  0%| F|  |TAMS 0x00000000e5d00000, 0x00000000e5d00000| Untracked 
|  94|0x00000000e5e00000, 0x00000000e5e00000, 0x00000000e5f00000|  0%| F|  |TAMS 0x00000000e5e00000, 0x00000000e5e00000| Untracked 
|  95|0x00000000e5f00000, 0x00000000e5f00000, 0x00000000e6000000|  0%| F|  |TAMS 0x00000000e5f00000, 0x00000000e5f00000| Untracked 
|  96|0x00000000e6000000, 0x00000000e6000000, 0x00000000e6100000|  0%| F|  |TAMS 0x00000000e6000000, 0x00000000e6000000| Untracked 
|  97|0x00000000e6100000, 0x00000000e6100000, 0x00000000e6200000|  0%| F|  |TAMS 0x00000000e6100000, 0x00000000e6100000| Untracked 
|  98|0x00000000e6200000, 0x00000000e6200000, 0x00000000e6300000|  0%| F|  |TAMS 0x00000000e6200000, 0x00000000e6200000| Untracked 
|  99|0x00000000e6300000, 0x00000000e6300000, 0x00000000e6400000|  0%| F|  |TAMS 0x00000000e6300000, 0x00000000e6300000| Untracked 
| 100|0x00000000e6400000, 0x00000000e6400000, 0x00000000e6500000|  0%| F|  |TAMS 0x00000000e6400000, 0x00000000e6400000| Untracked 
| 101|0x00000000e6500000, 0x00000000e6500000, 0x00000000e6600000|  0%| F|  |TAMS 0x00000000e6500000, 0x00000000e6500000| Untracked 
| 102|0x00000000e6600000, 0x00000000e6600000, 0x00000000e6700000|  0%| F|  |TAMS 0x00000000e6600000, 0x00000000e6600000| Untracked 
| 103|0x00000000e6700000, 0x00000000e6700000, 0x00000000e6800000|  0%| F|  |TAMS 0x00000000e6700000, 0x00000000e6700000| Untracked 
| 104|0x00000000e6800000, 0x00000000e6800000, 0x00000000e6900000|  0%| F|  |TAMS 0x00000000e6800000, 0x00000000e6800000| Untracked 
| 105|0x00000000e6900000, 0x00000000e6900000, 0x00000000e6a00000|  0%| F|  |TAMS 0x00000000e6900000, 0x00000000e6900000| Untracked 
| 106|0x00000000e6a00000, 0x00000000e6a00000, 0x00000000e6b00000|  0%| F|  |TAMS 0x00000000e6a00000, 0x00000000e6a00000| Untracked 
| 107|0x00000000e6b00000, 0x00000000e6b00000, 0x00000000e6c00000|  0%| F|  |TAMS 0x00000000e6b00000, 0x00000000e6b00000| Untracked 
| 108|0x00000000e6c00000, 0x00000000e6c00000, 0x00000000e6d00000|  0%| F|  |TAMS 0x00000000e6c00000, 0x00000000e6c00000| Untracked 
| 109|0x00000000e6d00000, 0x00000000e6d00000, 0x00000000e6e00000|  0%| F|  |TAMS 0x00000000e6d00000, 0x00000000e6d00000| Untracked 
| 110|0x00000000e6e00000, 0x00000000e6e00000, 0x00000000e6f00000|  0%| F|  |TAMS 0x00000000e6e00000, 0x00000000e6e00000| Untracked 
| 111|0x00000000e6f00000, 0x00000000e6f00000, 0x00000000e7000000|  0%| F|  |TAMS 0x00000000e6f00000, 0x00000000e6f00000| Untracked 
| 112|0x00000000e7000000, 0x00000000e7000000, 0x00000000e7100000|  0%| F|  |TAMS 0x00000000e7000000, 0x00000000e7000000| Untracked 
| 113|0x00000000e7100000, 0x00000000e7100000, 0x00000000e7200000|  0%| F|  |TAMS 0x00000000e7100000, 0x00000000e7100000| Untracked 
| 114|0x00000000e7200000, 0x00000000e7200000, 0x00000000e7300000|  0%| F|  |TAMS 0x00000000e7200000, 0x00000000e7200000| Untracked 
| 115|0x00000000e7300000, 0x00000000e7300000, 0x00000000e7400000|  0%| F|  |TAMS 0x00000000e7300000, 0x00000000e7300000| Untracked 
| 116|0x00000000e7400000, 0x00000000e7400000, 0x00000000e7500000|  0%| F|  |TAMS 0x00000000e7400000, 0x00000000e7400000| Untracked 
| 117|0x00000000e7500000, 0x00000000e7500000, 0x00000000e7600000|  0%| F|  |TAMS 0x00000000e7500000, 0x00000000e7500000| Untracked 
| 118|0x00000000e7600000, 0x00000000e7600000, 0x00000000e7700000|  0%| F|  |TAMS 0x00000000e7600000, 0x00000000e7600000| Untracked 
| 119|0x00000000e7700000, 0x00000000e7700000, 0x00000000e7800000|  0%| F|  |TAMS 0x00000000e7700000, 0x00000000e7700000| Untracked 
| 120|0x00000000e7800000, 0x00000000e7800000, 0x00000000e7900000|  0%| F|  |TAMS 0x00000000e7800000, 0x00000000e7800000| Untracked 
| 121|0x00000000e7900000, 0x00000000e7900000, 0x00000000e7a00000|  0%| F|  |TAMS 0x00000000e7900000, 0x00000000e7900000| Untracked 
| 122|0x00000000e7a00000, 0x00000000e7a00000, 0x00000000e7b00000|  0%| F|  |TAMS 0x00000000e7a00000, 0x00000000e7a00000| Untracked 
| 123|0x00000000e7b00000, 0x00000000e7b00000, 0x00000000e7c00000|  0%| F|  |TAMS 0x00000000e7b00000, 0x00000000e7b00000| Untracked 
| 124|0x00000000e7c00000, 0x00000000e7c3eda0, 0x00000000e7d00000| 24%| S|CS|TAMS 0x00000000e7c00000, 0x00000000e7c00000| Complete 
| 125|0x00000000e7d00000, 0x00000000e7e00000, 0x00000000e7e00000|100%| S|CS|TAMS 0x00000000e7d00000, 0x00000000e7d00000| Complete 
| 126|0x00000000e7e00000, 0x00000000e7f00000, 0x00000000e7f00000|100%| S|CS|TAMS 0x00000000e7e00000, 0x00000000e7e00000| Complete 
| 127|0x00000000e7f00000, 0x00000000e8000000, 0x00000000e8000000|100%| S|CS|TAMS 0x00000000e7f00000, 0x00000000e7f00000| Complete 
| 128|0x00000000e8000000, 0x00000000e8100000, 0x00000000e8100000|100%| S|CS|TAMS 0x00000000e8000000, 0x00000000e8000000| Complete 
| 129|0x00000000e8100000, 0x00000000e8200000, 0x00000000e8200000|100%| S|CS|TAMS 0x00000000e8100000, 0x00000000e8100000| Complete 
| 130|0x00000000e8200000, 0x00000000e8300000, 0x00000000e8300000|100%| S|CS|TAMS 0x00000000e8200000, 0x00000000e8200000| Complete 
| 131|0x00000000e8300000, 0x00000000e8400000, 0x00000000e8400000|100%| S|CS|TAMS 0x00000000e8300000, 0x00000000e8300000| Complete 
| 132|0x00000000e8400000, 0x00000000e8500000, 0x00000000e8500000|100%| S|CS|TAMS 0x00000000e8400000, 0x00000000e8400000| Complete 
| 133|0x00000000e8500000, 0x00000000e8600000, 0x00000000e8600000|100%| S|CS|TAMS 0x00000000e8500000, 0x00000000e8500000| Complete 
| 134|0x00000000e8600000, 0x00000000e8700000, 0x00000000e8700000|100%| S|CS|TAMS 0x00000000e8600000, 0x00000000e8600000| Complete 
| 135|0x00000000e8700000, 0x00000000e8800000, 0x00000000e8800000|100%| S|CS|TAMS 0x00000000e8700000, 0x00000000e8700000| Complete 
| 136|0x00000000e8800000, 0x00000000e8900000, 0x00000000e8900000|100%| S|CS|TAMS 0x00000000e8800000, 0x00000000e8800000| Complete 
| 137|0x00000000e8900000, 0x00000000e8a00000, 0x00000000e8a00000|100%| S|CS|TAMS 0x00000000e8900000, 0x00000000e8900000| Complete 
| 138|0x00000000e8a00000, 0x00000000e8a00000, 0x00000000e8b00000|  0%| F|  |TAMS 0x00000000e8a00000, 0x00000000e8a00000| Untracked 
| 139|0x00000000e8b00000, 0x00000000e8b00000, 0x00000000e8c00000|  0%| F|  |TAMS 0x00000000e8b00000, 0x00000000e8b00000| Untracked 
| 140|0x00000000e8c00000, 0x00000000e8c00000, 0x00000000e8d00000|  0%| F|  |TAMS 0x00000000e8c00000, 0x00000000e8c00000| Untracked 
| 141|0x00000000e8d00000, 0x00000000e8d00000, 0x00000000e8e00000|  0%| F|  |TAMS 0x00000000e8d00000, 0x00000000e8d00000| Untracked 
| 142|0x00000000e8e00000, 0x00000000e8e00000, 0x00000000e8f00000|  0%| F|  |TAMS 0x00000000e8e00000, 0x00000000e8e00000| Untracked 
| 143|0x00000000e8f00000, 0x00000000e8f00000, 0x00000000e9000000|  0%| F|  |TAMS 0x00000000e8f00000, 0x00000000e8f00000| Untracked 
| 144|0x00000000e9000000, 0x00000000e9000000, 0x00000000e9100000|  0%| F|  |TAMS 0x00000000e9000000, 0x00000000e9000000| Untracked 
| 145|0x00000000e9100000, 0x00000000e9100000, 0x00000000e9200000|  0%| F|  |TAMS 0x00000000e9100000, 0x00000000e9100000| Untracked 
| 146|0x00000000e9200000, 0x00000000e9200000, 0x00000000e9300000|  0%| F|  |TAMS 0x00000000e9200000, 0x00000000e9200000| Untracked 
| 147|0x00000000e9300000, 0x00000000e9300000, 0x00000000e9400000|  0%| F|  |TAMS 0x00000000e9300000, 0x00000000e9300000| Untracked 
| 148|0x00000000e9400000, 0x00000000e9400000, 0x00000000e9500000|  0%| F|  |TAMS 0x00000000e9400000, 0x00000000e9400000| Untracked 
| 149|0x00000000e9500000, 0x00000000e9500000, 0x00000000e9600000|  0%| F|  |TAMS 0x00000000e9500000, 0x00000000e9500000| Untracked 
| 150|0x00000000e9600000, 0x00000000e9600000, 0x00000000e9700000|  0%| F|  |TAMS 0x00000000e9600000, 0x00000000e9600000| Untracked 
| 151|0x00000000e9700000, 0x00000000e9700000, 0x00000000e9800000|  0%| F|  |TAMS 0x00000000e9700000, 0x00000000e9700000| Untracked 
| 152|0x00000000e9800000, 0x00000000e9800000, 0x00000000e9900000|  0%| F|  |TAMS 0x00000000e9800000, 0x00000000e9800000| Untracked 
| 153|0x00000000e9900000, 0x00000000e9900000, 0x00000000e9a00000|  0%| F|  |TAMS 0x00000000e9900000, 0x00000000e9900000| Untracked 
| 154|0x00000000e9a00000, 0x00000000e9a00000, 0x00000000e9b00000|  0%| F|  |TAMS 0x00000000e9a00000, 0x00000000e9a00000| Untracked 
| 155|0x00000000e9b00000, 0x00000000e9b00000, 0x00000000e9c00000|  0%| F|  |TAMS 0x00000000e9b00000, 0x00000000e9b00000| Untracked 
| 156|0x00000000e9c00000, 0x00000000e9c00000, 0x00000000e9d00000|  0%| F|  |TAMS 0x00000000e9c00000, 0x00000000e9c00000| Untracked 
| 157|0x00000000e9d00000, 0x00000000e9d00000, 0x00000000e9e00000|  0%| F|  |TAMS 0x00000000e9d00000, 0x00000000e9d00000| Untracked 
| 158|0x00000000e9e00000, 0x00000000e9e00000, 0x00000000e9f00000|  0%| F|  |TAMS 0x00000000e9e00000, 0x00000000e9e00000| Untracked 
| 159|0x00000000e9f00000, 0x00000000e9f00000, 0x00000000ea000000|  0%| F|  |TAMS 0x00000000e9f00000, 0x00000000e9f00000| Untracked 
| 160|0x00000000ea000000, 0x00000000ea000000, 0x00000000ea100000|  0%| F|  |TAMS 0x00000000ea000000, 0x00000000ea000000| Untracked 
| 161|0x00000000ea100000, 0x00000000ea100000, 0x00000000ea200000|  0%| F|  |TAMS 0x00000000ea100000, 0x00000000ea100000| Untracked 
| 162|0x00000000ea200000, 0x00000000ea200000, 0x00000000ea300000|  0%| F|  |TAMS 0x00000000ea200000, 0x00000000ea200000| Untracked 
| 163|0x00000000ea300000, 0x00000000ea300000, 0x00000000ea400000|  0%| F|  |TAMS 0x00000000ea300000, 0x00000000ea300000| Untracked 
| 164|0x00000000ea400000, 0x00000000ea400000, 0x00000000ea500000|  0%| F|  |TAMS 0x00000000ea400000, 0x00000000ea400000| Untracked 
| 165|0x00000000ea500000, 0x00000000ea500000, 0x00000000ea600000|  0%| F|  |TAMS 0x00000000ea500000, 0x00000000ea500000| Untracked 
| 166|0x00000000ea600000, 0x00000000ea600000, 0x00000000ea700000|  0%| F|  |TAMS 0x00000000ea600000, 0x00000000ea600000| Untracked 
| 167|0x00000000ea700000, 0x00000000ea700000, 0x00000000ea800000|  0%| F|  |TAMS 0x00000000ea700000, 0x00000000ea700000| Untracked 
| 168|0x00000000ea800000, 0x00000000ea800000, 0x00000000ea900000|  0%| F|  |TAMS 0x00000000ea800000, 0x00000000ea800000| Untracked 
| 169|0x00000000ea900000, 0x00000000ea900000, 0x00000000eaa00000|  0%| F|  |TAMS 0x00000000ea900000, 0x00000000ea900000| Untracked 
| 170|0x00000000eaa00000, 0x00000000eaa00000, 0x00000000eab00000|  0%| F|  |TAMS 0x00000000eaa00000, 0x00000000eaa00000| Untracked 
| 171|0x00000000eab00000, 0x00000000eab00000, 0x00000000eac00000|  0%| F|  |TAMS 0x00000000eab00000, 0x00000000eab00000| Untracked 
| 172|0x00000000eac00000, 0x00000000eac00000, 0x00000000ead00000|  0%| F|  |TAMS 0x00000000eac00000, 0x00000000eac00000| Untracked 
| 173|0x00000000ead00000, 0x00000000ead00000, 0x00000000eae00000|  0%| F|  |TAMS 0x00000000ead00000, 0x00000000ead00000| Untracked 
| 174|0x00000000eae00000, 0x00000000eae00000, 0x00000000eaf00000|  0%| F|  |TAMS 0x00000000eae00000, 0x00000000eae00000| Untracked 
| 175|0x00000000eaf00000, 0x00000000eaf00000, 0x00000000eb000000|  0%| F|  |TAMS 0x00000000eaf00000, 0x00000000eaf00000| Untracked 
| 176|0x00000000eb000000, 0x00000000eb000000, 0x00000000eb100000|  0%| F|  |TAMS 0x00000000eb000000, 0x00000000eb000000| Untracked 
| 177|0x00000000eb100000, 0x00000000eb100000, 0x00000000eb200000|  0%| F|  |TAMS 0x00000000eb100000, 0x00000000eb100000| Untracked 
| 178|0x00000000eb200000, 0x00000000eb200000, 0x00000000eb300000|  0%| F|  |TAMS 0x00000000eb200000, 0x00000000eb200000| Untracked 
| 179|0x00000000eb300000, 0x00000000eb300000, 0x00000000eb400000|  0%| F|  |TAMS 0x00000000eb300000, 0x00000000eb300000| Untracked 
| 180|0x00000000eb400000, 0x00000000eb400000, 0x00000000eb500000|  0%| F|  |TAMS 0x00000000eb400000, 0x00000000eb400000| Untracked 
| 181|0x00000000eb500000, 0x00000000eb500000, 0x00000000eb600000|  0%| F|  |TAMS 0x00000000eb500000, 0x00000000eb500000| Untracked 
| 182|0x00000000eb600000, 0x00000000eb600000, 0x00000000eb700000|  0%| F|  |TAMS 0x00000000eb600000, 0x00000000eb600000| Untracked 
| 183|0x00000000eb700000, 0x00000000eb700000, 0x00000000eb800000|  0%| F|  |TAMS 0x00000000eb700000, 0x00000000eb700000| Untracked 
| 184|0x00000000eb800000, 0x00000000eb800000, 0x00000000eb900000|  0%| F|  |TAMS 0x00000000eb800000, 0x00000000eb800000| Untracked 
| 185|0x00000000eb900000, 0x00000000eb900000, 0x00000000eba00000|  0%| F|  |TAMS 0x00000000eb900000, 0x00000000eb900000| Untracked 
| 186|0x00000000eba00000, 0x00000000eba00000, 0x00000000ebb00000|  0%| F|  |TAMS 0x00000000eba00000, 0x00000000eba00000| Untracked 
| 187|0x00000000ebb00000, 0x00000000ebb00000, 0x00000000ebc00000|  0%| F|  |TAMS 0x00000000ebb00000, 0x00000000ebb00000| Untracked 
| 188|0x00000000ebc00000, 0x00000000ebc00000, 0x00000000ebd00000|  0%| F|  |TAMS 0x00000000ebc00000, 0x00000000ebc00000| Untracked 
| 189|0x00000000ebd00000, 0x00000000ebd00000, 0x00000000ebe00000|  0%| F|  |TAMS 0x00000000ebd00000, 0x00000000ebd00000| Untracked 
| 190|0x00000000ebe00000, 0x00000000ebe00000, 0x00000000ebf00000|  0%| F|  |TAMS 0x00000000ebe00000, 0x00000000ebe00000| Untracked 
| 191|0x00000000ebf00000, 0x00000000ebf00000, 0x00000000ec000000|  0%| F|  |TAMS 0x00000000ebf00000, 0x00000000ebf00000| Untracked 
| 192|0x00000000ec000000, 0x00000000ec000000, 0x00000000ec100000|  0%| F|  |TAMS 0x00000000ec000000, 0x00000000ec000000| Untracked 
| 193|0x00000000ec100000, 0x00000000ec100000, 0x00000000ec200000|  0%| F|  |TAMS 0x00000000ec100000, 0x00000000ec100000| Untracked 
| 194|0x00000000ec200000, 0x00000000ec200000, 0x00000000ec300000|  0%| F|  |TAMS 0x00000000ec200000, 0x00000000ec200000| Untracked 
| 195|0x00000000ec300000, 0x00000000ec300000, 0x00000000ec400000|  0%| F|  |TAMS 0x00000000ec300000, 0x00000000ec300000| Untracked 
| 196|0x00000000ec400000, 0x00000000ec400000, 0x00000000ec500000|  0%| F|  |TAMS 0x00000000ec400000, 0x00000000ec400000| Untracked 
| 197|0x00000000ec500000, 0x00000000ec500000, 0x00000000ec600000|  0%| F|  |TAMS 0x00000000ec500000, 0x00000000ec500000| Untracked 
| 198|0x00000000ec600000, 0x00000000ec600000, 0x00000000ec700000|  0%| F|  |TAMS 0x00000000ec600000, 0x00000000ec600000| Untracked 
| 199|0x00000000ec700000, 0x00000000ec700000, 0x00000000ec800000|  0%| F|  |TAMS 0x00000000ec700000, 0x00000000ec700000| Untracked 
| 200|0x00000000ec800000, 0x00000000ec800000, 0x00000000ec900000|  0%| F|  |TAMS 0x00000000ec800000, 0x00000000ec800000| Untracked 
| 201|0x00000000ec900000, 0x00000000ec900000, 0x00000000eca00000|  0%| F|  |TAMS 0x00000000ec900000, 0x00000000ec900000| Untracked 
| 202|0x00000000eca00000, 0x00000000eca00000, 0x00000000ecb00000|  0%| F|  |TAMS 0x00000000eca00000, 0x00000000eca00000| Untracked 
| 203|0x00000000ecb00000, 0x00000000ecb00000, 0x00000000ecc00000|  0%| F|  |TAMS 0x00000000ecb00000, 0x00000000ecb00000| Untracked 
| 204|0x00000000ecc00000, 0x00000000ecc00000, 0x00000000ecd00000|  0%| F|  |TAMS 0x00000000ecc00000, 0x00000000ecc00000| Untracked 
| 205|0x00000000ecd00000, 0x00000000ecd00000, 0x00000000ece00000|  0%| F|  |TAMS 0x00000000ecd00000, 0x00000000ecd00000| Untracked 
| 206|0x00000000ece00000, 0x00000000ece00000, 0x00000000ecf00000|  0%| F|  |TAMS 0x00000000ece00000, 0x00000000ece00000| Untracked 
| 207|0x00000000ecf00000, 0x00000000ecf00000, 0x00000000ed000000|  0%| F|  |TAMS 0x00000000ecf00000, 0x00000000ecf00000| Untracked 
| 208|0x00000000ed000000, 0x00000000ed000000, 0x00000000ed100000|  0%| F|  |TAMS 0x00000000ed000000, 0x00000000ed000000| Untracked 
| 209|0x00000000ed100000, 0x00000000ed100000, 0x00000000ed200000|  0%| F|  |TAMS 0x00000000ed100000, 0x00000000ed100000| Untracked 
| 210|0x00000000ed200000, 0x00000000ed200000, 0x00000000ed300000|  0%| F|  |TAMS 0x00000000ed200000, 0x00000000ed200000| Untracked 
| 211|0x00000000ed300000, 0x00000000ed300000, 0x00000000ed400000|  0%| F|  |TAMS 0x00000000ed300000, 0x00000000ed300000| Untracked 
| 212|0x00000000ed400000, 0x00000000ed400000, 0x00000000ed500000|  0%| F|  |TAMS 0x00000000ed400000, 0x00000000ed400000| Untracked 
| 213|0x00000000ed500000, 0x00000000ed500000, 0x00000000ed600000|  0%| F|  |TAMS 0x00000000ed500000, 0x00000000ed500000| Untracked 
| 214|0x00000000ed600000, 0x00000000ed600000, 0x00000000ed700000|  0%| F|  |TAMS 0x00000000ed600000, 0x00000000ed600000| Untracked 
| 215|0x00000000ed700000, 0x00000000ed700000, 0x00000000ed800000|  0%| F|  |TAMS 0x00000000ed700000, 0x00000000ed700000| Untracked 
| 216|0x00000000ed800000, 0x00000000ed800000, 0x00000000ed900000|  0%| F|  |TAMS 0x00000000ed800000, 0x00000000ed800000| Untracked 
| 217|0x00000000ed900000, 0x00000000ed900000, 0x00000000eda00000|  0%| F|  |TAMS 0x00000000ed900000, 0x00000000ed900000| Untracked 
| 218|0x00000000eda00000, 0x00000000eda00000, 0x00000000edb00000|  0%| F|  |TAMS 0x00000000eda00000, 0x00000000eda00000| Untracked 
| 219|0x00000000edb00000, 0x00000000edb00000, 0x00000000edc00000|  0%| F|  |TAMS 0x00000000edb00000, 0x00000000edb00000| Untracked 
| 220|0x00000000edc00000, 0x00000000edc00000, 0x00000000edd00000|  0%| F|  |TAMS 0x00000000edc00000, 0x00000000edc00000| Untracked 
| 221|0x00000000edd00000, 0x00000000edd00000, 0x00000000ede00000|  0%| F|  |TAMS 0x00000000edd00000, 0x00000000edd00000| Untracked 
| 222|0x00000000ede00000, 0x00000000ede00000, 0x00000000edf00000|  0%| F|  |TAMS 0x00000000ede00000, 0x00000000ede00000| Untracked 
| 223|0x00000000edf00000, 0x00000000edf00000, 0x00000000ee000000|  0%| F|  |TAMS 0x00000000edf00000, 0x00000000edf00000| Untracked 
| 224|0x00000000ee000000, 0x00000000ee000000, 0x00000000ee100000|  0%| F|  |TAMS 0x00000000ee000000, 0x00000000ee000000| Untracked 
| 225|0x00000000ee100000, 0x00000000ee100000, 0x00000000ee200000|  0%| F|  |TAMS 0x00000000ee100000, 0x00000000ee100000| Untracked 
| 226|0x00000000ee200000, 0x00000000ee300000, 0x00000000ee300000|100%| E|  |TAMS 0x00000000ee200000, 0x00000000ee200000| Complete 
| 227|0x00000000ee300000, 0x00000000ee400000, 0x00000000ee400000|100%| E|CS|TAMS 0x00000000ee300000, 0x00000000ee300000| Complete 
| 228|0x00000000ee400000, 0x00000000ee500000, 0x00000000ee500000|100%| E|CS|TAMS 0x00000000ee400000, 0x00000000ee400000| Complete 
| 229|0x00000000ee500000, 0x00000000ee600000, 0x00000000ee600000|100%| E|CS|TAMS 0x00000000ee500000, 0x00000000ee500000| Complete 
| 230|0x00000000ee600000, 0x00000000ee700000, 0x00000000ee700000|100%| E|CS|TAMS 0x00000000ee600000, 0x00000000ee600000| Complete 
| 231|0x00000000ee700000, 0x00000000ee800000, 0x00000000ee800000|100%| E|CS|TAMS 0x00000000ee700000, 0x00000000ee700000| Complete 
| 232|0x00000000ee800000, 0x00000000ee900000, 0x00000000ee900000|100%| E|CS|TAMS 0x00000000ee800000, 0x00000000ee800000| Complete 
| 233|0x00000000ee900000, 0x00000000eea00000, 0x00000000eea00000|100%| E|CS|TAMS 0x00000000ee900000, 0x00000000ee900000| Complete 
| 234|0x00000000eea00000, 0x00000000eeb00000, 0x00000000eeb00000|100%| E|CS|TAMS 0x00000000eea00000, 0x00000000eea00000| Complete 
| 235|0x00000000eeb00000, 0x00000000eec00000, 0x00000000eec00000|100%| E|CS|TAMS 0x00000000eeb00000, 0x00000000eeb00000| Complete 
| 236|0x00000000eec00000, 0x00000000eed00000, 0x00000000eed00000|100%| E|CS|TAMS 0x00000000eec00000, 0x00000000eec00000| Complete 
| 237|0x00000000eed00000, 0x00000000eee00000, 0x00000000eee00000|100%| E|CS|TAMS 0x00000000eed00000, 0x00000000eed00000| Complete 
| 238|0x00000000eee00000, 0x00000000eef00000, 0x00000000eef00000|100%| E|CS|TAMS 0x00000000eee00000, 0x00000000eee00000| Complete 
| 239|0x00000000eef00000, 0x00000000ef000000, 0x00000000ef000000|100%| E|CS|TAMS 0x00000000eef00000, 0x00000000eef00000| Complete 
| 240|0x00000000ef000000, 0x00000000ef100000, 0x00000000ef100000|100%| E|CS|TAMS 0x00000000ef000000, 0x00000000ef000000| Complete 
| 241|0x00000000ef100000, 0x00000000ef200000, 0x00000000ef200000|100%| E|CS|TAMS 0x00000000ef100000, 0x00000000ef100000| Complete 
| 242|0x00000000ef200000, 0x00000000ef300000, 0x00000000ef300000|100%| E|CS|TAMS 0x00000000ef200000, 0x00000000ef200000| Complete 
| 243|0x00000000ef300000, 0x00000000ef400000, 0x00000000ef400000|100%| E|CS|TAMS 0x00000000ef300000, 0x00000000ef300000| Complete 
| 244|0x00000000ef400000, 0x00000000ef500000, 0x00000000ef500000|100%| E|CS|TAMS 0x00000000ef400000, 0x00000000ef400000| Complete 
| 245|0x00000000ef500000, 0x00000000ef600000, 0x00000000ef600000|100%| E|CS|TAMS 0x00000000ef500000, 0x00000000ef500000| Complete 
| 246|0x00000000ef600000, 0x00000000ef700000, 0x00000000ef700000|100%| E|CS|TAMS 0x00000000ef600000, 0x00000000ef600000| Complete 
| 247|0x00000000ef700000, 0x00000000ef800000, 0x00000000ef800000|100%| E|  |TAMS 0x00000000ef700000, 0x00000000ef700000| Complete 
| 248|0x00000000ef800000, 0x00000000ef900000, 0x00000000ef900000|100%| E|CS|TAMS 0x00000000ef800000, 0x00000000ef800000| Complete 
| 249|0x00000000ef900000, 0x00000000efa00000, 0x00000000efa00000|100%| E|CS|TAMS 0x00000000ef900000, 0x00000000ef900000| Complete 
| 250|0x00000000efa00000, 0x00000000efb00000, 0x00000000efb00000|100%| E|CS|TAMS 0x00000000efa00000, 0x00000000efa00000| Complete 
| 251|0x00000000efb00000, 0x00000000efc00000, 0x00000000efc00000|100%| E|CS|TAMS 0x00000000efb00000, 0x00000000efb00000| Complete 
| 252|0x00000000efc00000, 0x00000000efd00000, 0x00000000efd00000|100%| E|CS|TAMS 0x00000000efc00000, 0x00000000efc00000| Complete 
| 253|0x00000000efd00000, 0x00000000efe00000, 0x00000000efe00000|100%| E|CS|TAMS 0x00000000efd00000, 0x00000000efd00000| Complete 
| 254|0x00000000efe00000, 0x00000000eff00000, 0x00000000eff00000|100%| E|CS|TAMS 0x00000000efe00000, 0x00000000efe00000| Complete 
| 255|0x00000000eff00000, 0x00000000f0000000, 0x00000000f0000000|100%| E|CS|TAMS 0x00000000eff00000, 0x00000000eff00000| Complete 

Card table byte_map: [0x0000026ba0ac0000,0x0000026ba0bc0000] _byte_map_base: 0x0000026ba03c0000

Marking Bits (Prev, Next): (CMBitMap*) 0x0000026b89e61980, (CMBitMap*) 0x0000026b89e61940
 Prev Bits: [0x0000026ba14c0000, 0x0000026ba1cc0000)
 Next Bits: [0x0000026ba0cc0000, 0x0000026ba14c0000)

Polling page: 0x0000026b89600000

Metaspace:

Usage:
  Non-class:     20.41 MB used.
      Class:      3.53 MB used.
       Both:     23.95 MB used.

Virtual space:
  Non-class space:       24.00 MB reserved,      20.62 MB ( 86%) committed,  3 nodes.
      Class space:      308.00 MB reserved,       3.69 MB (  1%) committed,  1 nodes.
             Both:      332.00 MB reserved,      24.31 MB (  7%) committed. 

Chunk freelists:
   Non-Class:  3.11 MB
       Class:  320.00 KB
        Both:  3.42 MB

MaxMetaspaceSize: 384.00 MB
CompressedClassSpaceSize: 308.00 MB
Initial GC threshold: 21.00 MB
Current GC threshold: 35.25 MB
CDS: on
MetaspaceReclaimPolicy: balanced
 - commit_granule_bytes: 65536.
 - commit_granule_words: 8192.
 - virtual_space_node_default_size: 1048576.
 - enlarge_chunks_in_place: 1.
 - new_chunks_are_fully_committed: 0.
 - uncommit_free_chunks: 1.
 - use_allocation_guard: 0.
 - handle_deallocations: 1.


Internal statistics:

num_allocs_failed_limit: 3.
num_arena_births: 322.
num_arena_deaths: 0.
num_vsnodes_births: 4.
num_vsnodes_deaths: 0.
num_space_committed: 389.
num_space_uncommitted: 0.
num_chunks_returned_to_freelist: 3.
num_chunks_taken_from_freelist: 1243.
num_chunk_merges: 0.
num_chunk_splits: 825.
num_chunks_enlarged: 582.
num_purges: 0.
num_inconsistent_stats: 0.

CodeHeap 'non-profiled nmethods': size=120000Kb used=1788Kb max_used=1788Kb free=118211Kb
 bounds [0x0000026b99150000, 0x0000026b993c0000, 0x0000026ba0680000]
CodeHeap 'profiled nmethods': size=120000Kb used=7194Kb max_used=7194Kb free=112805Kb
 bounds [0x0000026b91c20000, 0x0000026b92330000, 0x0000026b99150000]
CodeHeap 'non-nmethods': size=5760Kb used=1257Kb max_used=1298Kb free=4502Kb
 bounds [0x0000026b91680000, 0x0000026b918f0000, 0x0000026b91c20000]
 total_blobs=4016 nmethods=3463 adapters=465
 compilation: enabled
              stopped_count=0, restarted_count=0
 full_count=0

Compilation events (20 events):
Event: 379.007 Thread 0x0000026ba46f5b20 nmethod 3242 0x0000026b9228a410 code [0x0000026b9228a600, 0x0000026b9228acc8]
Event: 379.007 Thread 0x0000026ba46f5b20 3243       3       java.lang.ref.ReferenceQueue::reallyPoll (65 bytes)
Event: 379.007 Thread 0x0000026ba46f5b20 nmethod 3243 0x0000026b9228ae90 code [0x0000026b9228b060, 0x0000026b9228b598]
Event: 379.008 Thread 0x0000026ba46f5b20 3244   !   3       java.lang.ref.ReferenceQueue::remove (125 bytes)
Event: 379.008 Thread 0x0000026ba46f5b20 nmethod 3244 0x0000026b9228b690 code [0x0000026b9228b8a0, 0x0000026b9228c038]
Event: 379.019 Thread 0x0000026ba46f5b20 3245   !   3       java.util.concurrent.ConcurrentHashMap::replaceNode (437 bytes)
Event: 379.021 Thread 0x0000026ba46f5b20 nmethod 3245 0x0000026b9228c390 code [0x0000026b9228c6e0, 0x0000026b9228dfd8]
Event: 379.021 Thread 0x0000026ba46f5b20 3246       3       java.util.concurrent.ConcurrentHashMap::remove (8 bytes)
Event: 379.021 Thread 0x0000026ba46f5b20 nmethod 3246 0x0000026b9228ed10 code [0x0000026b9228eec0, 0x0000026b9228f008]
Event: 379.022 Thread 0x0000026ba46f4870 3247       4       jdk.internal.org.objectweb.asm.SymbolTable::get (13 bytes)
Event: 379.023 Thread 0x0000026ba46f4870 nmethod 3247 0x0000026b992f8690 code [0x0000026b992f8800, 0x0000026b992f88d8]
Event: 379.105 Thread 0x0000026ba46f5b20 3248   !   3       org.gradle.internal.service.ReflectionBasedServiceMethod::invoke (16 bytes)
Event: 379.105 Thread 0x0000026ba46f5b20 nmethod 3248 0x0000026b9228f090 code [0x0000026b9228f240, 0x0000026b9228f3d8]
Event: 379.105 Thread 0x0000026ba46f5b20 3249   !   3       org.gradle.internal.reflect.JavaMethod::invoke (74 bytes)
Event: 379.108 Thread 0x0000026ba46f5b20 nmethod 3249 0x0000026b9228f510 code [0x0000026b9228f860, 0x0000026b92290ea8]
Event: 379.152 Thread 0x0000026ba46f4870 3250       4       jdk.internal.org.objectweb.asm.Frame::execute (2305 bytes)
Event: 379.158 Thread 0x0000026ba46f5b20 3251       3       com.google.common.collect.ImmutableCollection::<init> (5 bytes)
Event: 379.158 Thread 0x0000026ba46f5b20 nmethod 3251 0x0000026b92291810 code [0x0000026b922919c0, 0x0000026b92291b78]
Event: 379.159 Thread 0x0000026ba46f5b20 3252       3       java.lang.reflect.ProxyGenerator::typeNames (61 bytes)
Event: 379.159 Thread 0x0000026ba46f5b20 nmethod 3252 0x0000026b92291c90 code [0x0000026b92291ec0, 0x0000026b92292848]

GC Heap History (8 events):
Event: 75.913 GC heap before
{Heap before GC invocations=0 (full 0):
 garbage-first heap   total 262144K, used 22528K [0x00000000e0000000, 0x0000000100000000)
  region size 1024K, 23 young (23552K), 0 survivors (0K)
 Metaspace       used 1125K, committed 1280K, reserved 323584K
  class space    used 77K, committed 128K, reserved 315392K
}
Event: 76.049 GC heap after
{Heap after GC invocations=1 (full 0):
 garbage-first heap   total 262144K, used 4768K [0x00000000e0000000, 0x0000000100000000)
  region size 1024K, 3 young (3072K), 3 survivors (3072K)
 Metaspace       used 1125K, committed 1280K, reserved 323584K
  class space    used 77K, committed 128K, reserved 315392K
}
Event: 131.905 GC heap before
{Heap before GC invocations=1 (full 0):
 garbage-first heap   total 262144K, used 38560K [0x00000000e0000000, 0x0000000100000000)
  region size 1024K, 33 young (33792K), 3 survivors (3072K)
 Metaspace       used 4385K, committed 4544K, reserved 323584K
  class space    used 545K, committed 640K, reserved 315392K
}
Event: 131.919 GC heap after
{Heap after GC invocations=2 (full 0):
 garbage-first heap   total 262144K, used 12084K [0x00000000e0000000, 0x0000000100000000)
  region size 1024K, 5 young (5120K), 5 survivors (5120K)
 Metaspace       used 4385K, committed 4544K, reserved 323584K
  class space    used 545K, committed 640K, reserved 315392K
}
Event: 194.719 GC heap before
{Heap before GC invocations=2 (full 0):
 garbage-first heap   total 262144K, used 55092K [0x00000000e0000000, 0x0000000100000000)
  region size 1024K, 45 young (46080K), 5 survivors (5120K)
 Metaspace       used 4504K, committed 4672K, reserved 323584K
  class space    used 549K, committed 640K, reserved 315392K
}
Event: 194.727 GC heap after
{Heap after GC invocations=3 (full 0):
 garbage-first heap   total 262144K, used 17582K [0x00000000e0000000, 0x0000000100000000)
  region size 1024K, 6 young (6144K), 6 survivors (6144K)
 Metaspace       used 4504K, committed 4672K, reserved 323584K
  class space    used 549K, committed 640K, reserved 315392K
}
Event: 378.968 GC heap before
{Heap before GC invocations=3 (full 0):
 garbage-first heap   total 262144K, used 131246K [0x00000000e0000000, 0x0000000100000000)
  region size 1024K, 118 young (120832K), 6 survivors (6144K)
 Metaspace       used 21186K, committed 21504K, reserved 339968K
  class space    used 3069K, committed 3264K, reserved 315392K
}
Event: 379.004 GC heap after
{Heap after GC invocations=4 (full 0):
 garbage-first heap   total 262144K, used 25001K [0x00000000e0000000, 0x0000000100000000)
  region size 1024K, 14 young (14336K), 14 survivors (14336K)
 Metaspace       used 21186K, committed 21504K, reserved 339968K
  class space    used 3069K, committed 3264K, reserved 315392K
}

Deoptimization events (20 events):
Event: 365.153 Thread 0x0000026ba56dc320 Uncommon trap: trap_request=0xffffffcc fr.pc=0x0000026b992b3bec relative=0x000000000000034c
Event: 365.153 Thread 0x0000026ba56dc320 Uncommon trap: reason=intrinsic_or_type_checked_inlining action=make_not_entrant pc=0x0000026b992b3bec method=java.util.Arrays.copyOf([Ljava/lang/Object;ILjava/lang/Class;)[Ljava/lang/Object; @ 35 c2
Event: 365.153 Thread 0x0000026ba56dc320 DEOPT PACKING pc=0x0000026b992b3bec sp=0x0000007ec0afd2a0
Event: 365.153 Thread 0x0000026ba56dc320 DEOPT UNPACKING pc=0x0000026b916d5c23 sp=0x0000007ec0afd230 mode 2
Event: 371.484 Thread 0x0000026ba56dc320 Uncommon trap: trap_request=0xffffff45 fr.pc=0x0000026b992cb794 relative=0x00000000000003d4
Event: 371.484 Thread 0x0000026ba56dc320 Uncommon trap: reason=unstable_if action=reinterpret pc=0x0000026b992cb794 method=java.util.HashMap.getNode(Ljava/lang/Object;)Ljava/util/HashMap$Node; @ 131 c2
Event: 371.484 Thread 0x0000026ba56dc320 DEOPT PACKING pc=0x0000026b992cb794 sp=0x0000007ec0afab00
Event: 371.484 Thread 0x0000026ba56dc320 DEOPT UNPACKING pc=0x0000026b916d5c23 sp=0x0000007ec0afaa20 mode 2
Event: 371.484 Thread 0x0000026ba56dc320 Uncommon trap: trap_request=0xffffff45 fr.pc=0x0000026b992b690c relative=0x00000000000007ac
Event: 371.484 Thread 0x0000026ba56dc320 Uncommon trap: reason=unstable_if action=reinterpret pc=0x0000026b992b690c method=java.util.HashMap.putVal(ILjava/lang/Object;Ljava/lang/Object;ZZ)Ljava/lang/Object; @ 206 c2
Event: 371.484 Thread 0x0000026ba56dc320 DEOPT PACKING pc=0x0000026b992b690c sp=0x0000007ec0afaac0
Event: 371.484 Thread 0x0000026ba56dc320 DEOPT UNPACKING pc=0x0000026b916d5c23 sp=0x0000007ec0afaa00 mode 2
Event: 371.484 Thread 0x0000026ba56dc320 Uncommon trap: trap_request=0xffffff45 fr.pc=0x0000026b992b53c4 relative=0x0000000000000764
Event: 371.484 Thread 0x0000026ba56dc320 Uncommon trap: reason=unstable_if action=reinterpret pc=0x0000026b992b53c4 method=java.util.HashMap.putVal(ILjava/lang/Object;Ljava/lang/Object;ZZ)Ljava/lang/Object; @ 206 c2
Event: 371.484 Thread 0x0000026ba56dc320 DEOPT PACKING pc=0x0000026b992b53c4 sp=0x0000007ec0afaa30
Event: 371.484 Thread 0x0000026ba56dc320 DEOPT UNPACKING pc=0x0000026b916d5c23 sp=0x0000007ec0afa9f8 mode 2
Event: 377.478 Thread 0x0000026ba56dc320 Uncommon trap: trap_request=0xffffff45 fr.pc=0x0000026b9928ca2c relative=0x00000000000075cc
Event: 377.478 Thread 0x0000026ba56dc320 Uncommon trap: reason=unstable_if action=reinterpret pc=0x0000026b9928ca2c method=jdk.internal.org.objectweb.asm.Frame.execute(IILjdk/internal/org/objectweb/asm/Symbol;Ljdk/internal/org/objectweb/asm/SymbolTable;)V @ 1 c2
Event: 377.478 Thread 0x0000026ba56dc320 DEOPT PACKING pc=0x0000026b9928ca2c sp=0x0000007ec0af9710
Event: 377.479 Thread 0x0000026ba56dc320 DEOPT UNPACKING pc=0x0000026b916d5c23 sp=0x0000007ec0af96c8 mode 2

Classes unloaded (0 events):
No events

Classes redefined (0 events):
No events

Internal exceptions (20 events):
Event: 371.983 Thread 0x0000026ba56dc320 Exception <a 'java/lang/NoSuchMethodError'{0x00000000e9b53408}: 'java.lang.Object java.lang.invoke.Invokers$Holder.linkToTargetMethod(java.lang.Object, java.lang.Object, java.lang.Object, java.lang.Object, java.lang.Object, java.lang.Object, java.lang.Object)'> (0x00000000e9b53408) 
thrown [t:\workspace\open\src\hotspot\share\interpreter\linkResolver.cpp, line 766]
Event: 377.450 Thread 0x0000026ba56dc320 Exception <a 'java/lang/NoSuchMethodError'{0x00000000e9275620}: 'java.lang.Object java.lang.invoke.DelegatingMethodHandle$Holder.reinvoke_L(java.lang.Object, java.lang.Object, java.lang.Object, java.lang.Object, java.lang.Object, java.lang.Object, java.lang.Object, java.lang.Object, java.lang.Object, java.lang.Object, java.lang.Object, java.lang.Object, java.lang.Object, java.lang.Object, java.lang.Object, java.lang.Object, java.lang.Object, java.lang.Object, java.lang.Object, java.lang.Object, java.lang.O
Event: 377.456 Thread 0x0000026ba56dc320 Exception <a 'java/lang/NoSuchMethodError'{0x00000000e9101400}: 'java.lang.Object java.lang.invoke.DirectMethodHandle$Holder.invokeSpecial(java.lang.Object, java.lang.Object, java.lang.Object, java.lang.Object, java.lang.Object, java.lang.Object, java.lang.Object, java.lang.Object, java.lang.Object, java.lang.Object, java.lang.Object, java.lang.Object, java.lang.Object, java.lang.Object, java.lang.Object, java.lang.Object, java.lang.Object, java.lang.Object, java.lang.Object, java.lang.Object, java.lang.Ob
Event: 377.456 Thread 0x0000026ba56dc320 Exception <a 'java/lang/NoSuchMethodError'{0x00000000e9107088}: 'java.lang.Object java.lang.invoke.Invokers$Holder.invoker(java.lang.Object, java.lang.Object, java.lang.Object, java.lang.Object, java.lang.Object, java.lang.Object, java.lang.Object, java.lang.Object, java.lang.Object, java.lang.Object, java.lang.Object, java.lang.Object, java.lang.Object, java.lang.Object, java.lang.Object, java.lang.Object, java.lang.Object, java.lang.Object, java.lang.Object, java.lang.Object, java.lang.Object, java.lang.
Event: 377.457 Thread 0x0000026ba56dc320 Exception <a 'java/lang/NoSuchMethodError'{0x00000000e910dbb8}: 'java.lang.Object java.lang.invoke.DelegatingMethodHandle$Holder.delegate(java.lang.Object, java.lang.Object, java.lang.Object, java.lang.Object, java.lang.Object, java.lang.Object, java.lang.Object, java.lang.Object, java.lang.Object, java.lang.Object, java.lang.Object, java.lang.Object, java.lang.Object, java.lang.Object, java.lang.Object, java.lang.Object, java.lang.Object, java.lang.Object, java.lang.Object, java.lang.Object, java.lang.Obj
Event: 377.482 Thread 0x0000026ba56dc320 Exception <a 'java/lang/NoSuchMethodError'{0x00000000e91887f8}: 'java.lang.Object java.lang.invoke.DirectMethodHandle$Holder.invokeStatic(java.lang.Object, java.lang.Object, java.lang.Object, java.lang.Object, java.lang.Object, java.lang.Object, java.lang.Object, java.lang.Object, java.lang.Object, java.lang.Object, java.lang.Object, java.lang.Object, java.lang.Object, java.lang.Object, java.lang.Object, java.lang.Object, java.lang.Object)'> (0x00000000e91887f8) 
thrown [t:\workspace\open\src\hotspot\share
Event: 377.494 Thread 0x0000026ba56dc320 Exception <a 'java/lang/NoSuchMethodError'{0x00000000e91b1a60}: 'java.lang.Object java.lang.invoke.DirectMethodHandle$Holder.invokeStatic(java.lang.Object, java.lang.Object, java.lang.Object, java.lang.Object, java.lang.Object, java.lang.Object, java.lang.Object, java.lang.Object, java.lang.Object, java.lang.Object, java.lang.Object, java.lang.Object, java.lang.Object, java.lang.Object, java.lang.Object, java.lang.Object, java.lang.Object, java.lang.Object)'> (0x00000000e91b1a60) 
thrown [t:\workspace\open
Event: 377.551 Thread 0x0000026ba56dc320 Exception <a 'java/lang/NoSuchMethodError'{0x00000000e91dbfc8}: 'java.lang.Object java.lang.invoke.DirectMethodHandle$Holder.invokeStatic(java.lang.Object, java.lang.Object, java.lang.Object, java.lang.Object, java.lang.Object, java.lang.Object, java.lang.Object, java.lang.Object, java.lang.Object, java.lang.Object, java.lang.Object, java.lang.Object, java.lang.Object, java.lang.Object, java.lang.Object, java.lang.Object, java.lang.Object, java.lang.Object, java.lang.Object)'> (0x00000000e91dbfc8) 
thrown 
Event: 377.738 Thread 0x0000026ba56dc320 Exception <a 'java/lang/NoSuchMethodError'{0x00000000e9007e90}: 'java.lang.Object java.lang.invoke.DirectMethodHandle$Holder.invokeStatic(java.lang.Object, java.lang.Object, java.lang.Object, java.lang.Object, java.lang.Object, java.lang.Object, java.lang.Object, java.lang.Object, java.lang.Object, java.lang.Object, java.lang.Object, java.lang.Object, java.lang.Object, java.lang.Object, java.lang.Object, java.lang.Object, java.lang.Object, java.lang.Object, java.lang.Object, java.lang.Object)'> (0x00000000
Event: 377.742 Thread 0x0000026ba56dc320 Exception <a 'java/lang/NoSuchMethodError'{0x00000000e9034278}: 'java.lang.Object java.lang.invoke.DirectMethodHandle$Holder.invokeStatic(java.lang.Object, java.lang.Object, java.lang.Object, java.lang.Object, java.lang.Object, java.lang.Object, java.lang.Object, java.lang.Object, java.lang.Object, java.lang.Object, java.lang.Object, java.lang.Object, java.lang.Object, java.lang.Object, java.lang.Object, java.lang.Object, java.lang.Object, java.lang.Object, java.lang.Object, java.lang.Object, java.lang.Obj
Event: 377.750 Thread 0x0000026ba56dc320 Exception <a 'java/lang/NoSuchMethodError'{0x00000000e9061750}: 'java.lang.Object java.lang.invoke.DirectMethodHandle$Holder.invokeStatic(java.lang.Object, java.lang.Object, java.lang.Object, java.lang.Object, java.lang.Object, java.lang.Object, java.lang.Object, java.lang.Object, java.lang.Object, java.lang.Object, java.lang.Object, java.lang.Object, java.lang.Object, java.lang.Object, java.lang.Object, java.lang.Object, java.lang.Object, java.lang.Object, java.lang.Object, java.lang.Object, java.lang.Obj
Event: 377.756 Thread 0x0000026ba56dc320 Exception <a 'java/lang/NoSuchMethodError'{0x00000000e908ff10}: 'java.lang.Object java.lang.invoke.DirectMethodHandle$Holder.invokeStatic(java.lang.Object, java.lang.Object, java.lang.Object, java.lang.Object, java.lang.Object, java.lang.Object, java.lang.Object, java.lang.Object, java.lang.Object, java.lang.Object, java.lang.Object, java.lang.Object, java.lang.Object, java.lang.Object, java.lang.Object, java.lang.Object, java.lang.Object, java.lang.Object, java.lang.Object, java.lang.Object, java.lang.Obj
Event: 377.761 Thread 0x0000026ba56dc320 Exception <a 'java/lang/NoSuchMethodError'{0x00000000e90bef78}: 'java.lang.Object java.lang.invoke.DirectMethodHandle$Holder.invokeStatic(java.lang.Object, java.lang.Object, java.lang.Object, java.lang.Object, java.lang.Object, java.lang.Object, java.lang.Object, java.lang.Object, java.lang.Object, java.lang.Object, java.lang.Object, java.lang.Object, java.lang.Object, java.lang.Object, java.lang.Object, java.lang.Object, java.lang.Object, java.lang.Object, java.lang.Object, java.lang.Object, java.lang.Obj
Event: 377.767 Thread 0x0000026ba56dc320 Exception <a 'java/lang/NoSuchMethodError'{0x00000000e90efd70}: 'java.lang.Object java.lang.invoke.DirectMethodHandle$Holder.invokeStatic(java.lang.Object, java.lang.Object, java.lang.Object, java.lang.Object, java.lang.Object, java.lang.Object, java.lang.Object, java.lang.Object, java.lang.Object, java.lang.Object, java.lang.Object, java.lang.Object, java.lang.Object, java.lang.Object, java.lang.Object, java.lang.Object, java.lang.Object, java.lang.Object, java.lang.Object, java.lang.Object, java.lang.Obj
Event: 377.775 Thread 0x0000026ba56dc320 Exception <a 'java/lang/NoSuchMethodError'{0x00000000e8f22700}: 'java.lang.Object java.lang.invoke.DirectMethodHandle$Holder.invokeStatic(java.lang.Object, java.lang.Object, java.lang.Object, java.lang.Object, java.lang.Object, java.lang.Object, java.lang.Object, java.lang.Object, java.lang.Object, java.lang.Object, java.lang.Object, java.lang.Object, java.lang.Object, java.lang.Object, java.lang.Object, java.lang.Object, java.lang.Object, java.lang.Object, java.lang.Object, java.lang.Object, java.lang.Obj
Event: 378.063 Thread 0x0000026ba56dc320 Exception <a 'java/lang/NoSuchMethodError'{0x00000000e8ec8d70}: 'java.lang.Object java.lang.invoke.DirectMethodHandle$Holder.invokeStaticInit(java.lang.Object, java.lang.Object, java.lang.Object, java.lang.Object)'> (0x00000000e8ec8d70) 
thrown [t:\workspace\open\src\hotspot\share\interpreter\linkResolver.cpp, line 766]
Event: 378.190 Thread 0x0000026ba56dc320 Exception <a 'java/lang/NoSuchMethodError'{0x00000000e8c74528}: 'java.lang.Object java.lang.invoke.DirectMethodHandle$Holder.newInvokeSpecial(java.lang.Object, java.lang.Object, java.lang.Object, java.lang.Object, java.lang.Object, java.lang.Object, java.lang.Object, java.lang.Object)'> (0x00000000e8c74528) 
thrown [t:\workspace\open\src\hotspot\share\interpreter\linkResolver.cpp, line 766]
Event: 378.191 Thread 0x0000026ba56dc320 Exception <a 'java/lang/NoSuchMethodError'{0x00000000e8c79f30}: 'java.lang.Object java.lang.invoke.DirectMethodHandle$Holder.invokeSpecial(java.lang.Object, java.lang.Object, java.lang.Object, java.lang.Object, java.lang.Object, java.lang.Object, java.lang.Object, java.lang.Object, java.lang.Object)'> (0x00000000e8c79f30) 
thrown [t:\workspace\open\src\hotspot\share\interpreter\linkResolver.cpp, line 766]
Event: 378.192 Thread 0x0000026ba56dc320 Exception <a 'java/lang/NoSuchMethodError'{0x00000000e8c7f2e0}: 'java.lang.Object java.lang.invoke.Invokers$Holder.linkToTargetMethod(java.lang.Object, java.lang.Object, java.lang.Object, java.lang.Object, java.lang.Object, java.lang.Object, java.lang.Object, java.lang.Object)'> (0x00000000e8c7f2e0) 
thrown [t:\workspace\open\src\hotspot\share\interpreter\linkResolver.cpp, line 766]
Event: 378.205 Thread 0x0000026ba56dc320 Exception <a 'java/lang/NoSuchMethodError'{0x00000000e8ccaaf8}: 'void java.lang.invoke.DirectMethodHandle$Holder.invokeStatic(java.lang.Object, java.lang.Object, java.lang.Object, java.lang.Object)'> (0x00000000e8ccaaf8) 
thrown [t:\workspace\open\src\hotspot\share\interpreter\linkResolver.cpp, line 766]

VM Operations (20 events):
Event: 371.469 Executing VM operation: HandshakeAllThreads
Event: 371.485 Executing VM operation: HandshakeAllThreads done
Event: 372.496 Executing VM operation: Cleanup
Event: 372.496 Executing VM operation: Cleanup done
Event: 373.506 Executing VM operation: Cleanup
Event: 374.660 Executing VM operation: Cleanup done
Event: 375.669 Executing VM operation: Cleanup
Event: 375.671 Executing VM operation: Cleanup done
Event: 376.679 Executing VM operation: Cleanup
Event: 376.679 Executing VM operation: Cleanup done
Event: 377.685 Executing VM operation: Cleanup
Event: 377.732 Executing VM operation: Cleanup done
Event: 378.740 Executing VM operation: Cleanup
Event: 378.803 Executing VM operation: Cleanup done
Event: 378.968 Executing VM operation: CollectForMetadataAllocation
Event: 379.005 Executing VM operation: CollectForMetadataAllocation done
Event: 379.075 Executing VM operation: G1Concurrent
Event: 379.081 Executing VM operation: G1Concurrent done
Event: 379.084 Executing VM operation: G1Concurrent
Event: 379.085 Executing VM operation: G1Concurrent done

Events (20 events):
Event: 377.477 loading class java/lang/invoke/BoundMethodHandle$Species_LLLLLLLLLLLLLL
Event: 377.477 loading class java/lang/invoke/BoundMethodHandle$Species_LLLLLLLLLLLLLL done
Event: 377.491 loading class java/lang/invoke/BoundMethodHandle$Species_LLLLLLLLLLLLLLL
Event: 377.491 loading class java/lang/invoke/BoundMethodHandle$Species_LLLLLLLLLLLLLLL done
Event: 377.497 loading class java/lang/invoke/BoundMethodHandle$Species_LLLLLLLLLLLLLLLL
Event: 377.497 loading class java/lang/invoke/BoundMethodHandle$Species_LLLLLLLLLLLLLLLL done
Event: 377.733 loading class java/lang/invoke/BoundMethodHandle$Species_LLLLLLLLLLLLLLLLL
Event: 377.733 loading class java/lang/invoke/BoundMethodHandle$Species_LLLLLLLLLLLLLLLLL done
Event: 377.740 loading class java/lang/invoke/BoundMethodHandle$Species_LLLLLLLLLLLLLLLLLL
Event: 377.740 loading class java/lang/invoke/BoundMethodHandle$Species_LLLLLLLLLLLLLLLLLL done
Event: 377.747 loading class java/lang/invoke/BoundMethodHandle$Species_LLLLLLLLLLLLLLLLLLL
Event: 377.747 loading class java/lang/invoke/BoundMethodHandle$Species_LLLLLLLLLLLLLLLLLLL done
Event: 377.754 loading class java/lang/invoke/BoundMethodHandle$Species_LLLLLLLLLLLLLLLLLLLL
Event: 377.754 loading class java/lang/invoke/BoundMethodHandle$Species_LLLLLLLLLLLLLLLLLLLL done
Event: 377.758 loading class java/lang/invoke/BoundMethodHandle$Species_LLLLLLLLLLLLLLLLLLLLL
Event: 377.758 loading class java/lang/invoke/BoundMethodHandle$Species_LLLLLLLLLLLLLLLLLLLLL done
Event: 377.764 loading class java/lang/invoke/BoundMethodHandle$Species_LLLLLLLLLLLLLLLLLLLLLL
Event: 377.764 loading class java/lang/invoke/BoundMethodHandle$Species_LLLLLLLLLLLLLLLLLLLLLL done
Event: 377.773 loading class java/lang/invoke/BoundMethodHandle$Species_LLLLLLLLLLLLLLLLLLLLLLL
Event: 377.773 loading class java/lang/invoke/BoundMethodHandle$Species_LLLLLLLLLLLLLLLLLLLLLLL done


Dynamic libraries:
0x00007ff6a07c0000 - 0x00007ff6a07d0000 	C:\Program Files\Java\jdk-17.0.2\bin\java.exe
0x00007ffeb10f0000 - 0x00007ffeb1307000 	C:\WINDOWS\SYSTEM32\ntdll.dll
0x00007ffeafa20000 - 0x00007ffeafae4000 	C:\WINDOWS\System32\KERNEL32.DLL
0x00007ffeae4d0000 - 0x00007ffeae887000 	C:\WINDOWS\System32\KERNELBASE.dll
0x00007ffeae9d0000 - 0x00007ffeaeae1000 	C:\WINDOWS\System32\ucrtbase.dll
0x00007ffdd9550000 - 0x00007ffdd9568000 	C:\Program Files\Java\jdk-17.0.2\bin\jli.dll
0x00007ffeaf440000 - 0x00007ffeaf4f2000 	C:\WINDOWS\System32\ADVAPI32.dll
0x00007ffeaf960000 - 0x00007ffeafa07000 	C:\WINDOWS\System32\msvcrt.dll
0x00007ffeb0410000 - 0x00007ffeb04b8000 	C:\WINDOWS\System32\sechost.dll
0x00007ffeae4a0000 - 0x00007ffeae4c8000 	C:\WINDOWS\System32\bcrypt.dll
0x00007ffeb0f90000 - 0x00007ffeb10a4000 	C:\WINDOWS\System32\RPCRT4.dll
0x00007ffeaf230000 - 0x00007ffeaf3df000 	C:\WINDOWS\System32\USER32.dll
0x00007ffeae400000 - 0x00007ffeae426000 	C:\WINDOWS\System32\win32u.dll
0x00007ffeb0250000 - 0x00007ffeb0279000 	C:\WINDOWS\System32\GDI32.dll
0x00007ffeaed00000 - 0x00007ffeaee18000 	C:\WINDOWS\System32\gdi32full.dll
0x00007ffeaec60000 - 0x00007ffeaecfa000 	C:\WINDOWS\System32\msvcp_win.dll
0x00007ffea2020000 - 0x00007ffea22b3000 	C:\WINDOWS\WinSxS\amd64_microsoft.windows.common-controls_6595b64144ccf1df_6.0.22621.3672_none_2713b9d173822955\COMCTL32.dll
0x00007ffdc2c90000 - 0x00007ffdc2caa000 	C:\Program Files\Java\jdk-17.0.2\bin\VCRUNTIME140.dll
0x00007ffea0eb0000 - 0x00007ffea0eba000 	C:\WINDOWS\SYSTEM32\VERSION.dll
0x00007ffeaf870000 - 0x00007ffeaf8a1000 	C:\WINDOWS\System32\IMM32.DLL
0x00007ffe766f0000 - 0x00007ffe766fc000 	C:\Program Files\Java\jdk-17.0.2\bin\vcruntime140_1.dll
0x00007ffdc2c00000 - 0x00007ffdc2c8d000 	C:\Program Files\Java\jdk-17.0.2\bin\msvcp140.dll
0x00007ffdc2030000 - 0x00007ffdc2bf1000 	C:\Program Files\Java\jdk-17.0.2\bin\server\jvm.dll
0x00007ffeafa10000 - 0x00007ffeafa18000 	C:\WINDOWS\System32\PSAPI.DLL
0x00007ffe77c60000 - 0x00007ffe77c69000 	C:\WINDOWS\SYSTEM32\WSOCK32.dll
0x00007ffeafd30000 - 0x00007ffeafda1000 	C:\WINDOWS\System32\WS2_32.dll
0x00007ffea1180000 - 0x00007ffea11b4000 	C:\WINDOWS\SYSTEM32\WINMM.dll
0x00007ffead490000 - 0x00007ffead4a8000 	C:\WINDOWS\SYSTEM32\kernel.appcore.dll
0x00007ffe76640000 - 0x00007ffe7664a000 	C:\Program Files\Java\jdk-17.0.2\bin\jimage.dll
0x00007ffeabcc0000 - 0x00007ffeabef2000 	C:\WINDOWS\SYSTEM32\DBGHELP.DLL
0x00007ffeaee20000 - 0x00007ffeaf1ae000 	C:\WINDOWS\System32\combase.dll
0x00007ffeafc50000 - 0x00007ffeafd27000 	C:\WINDOWS\System32\OLEAUT32.dll
0x00007ffe9e270000 - 0x00007ffe9e2a2000 	C:\WINDOWS\SYSTEM32\dbgcore.DLL
0x00007ffeae950000 - 0x00007ffeae9cb000 	C:\WINDOWS\System32\bcryptPrimitives.dll
0x00007ffe72440000 - 0x00007ffe7244e000 	C:\Program Files\Java\jdk-17.0.2\bin\instrument.dll
0x00007ffdc2000000 - 0x00007ffdc2025000 	C:\Program Files\Java\jdk-17.0.2\bin\java.dll
0x00007ffdc1f20000 - 0x00007ffdc1ff6000 	C:\Program Files\Java\jdk-17.0.2\bin\jsvml.dll
0x00007ffeb0680000 - 0x00007ffeb0ee9000 	C:\WINDOWS\System32\SHELL32.dll
0x00007ffeac320000 - 0x00007ffeacc1f000 	C:\WINDOWS\SYSTEM32\windows.storage.dll
0x00007ffeac070000 - 0x00007ffeac1af000 	C:\WINDOWS\SYSTEM32\wintypes.dll
0x00007ffeb0580000 - 0x00007ffeb0679000 	C:\WINDOWS\System32\SHCORE.dll
0x00007ffeaf1b0000 - 0x00007ffeaf20e000 	C:\WINDOWS\System32\shlwapi.dll
0x00007ffeae330000 - 0x00007ffeae357000 	C:\WINDOWS\SYSTEM32\profapi.dll
0x00007ffdc1f00000 - 0x00007ffdc1f18000 	C:\Program Files\Java\jdk-17.0.2\bin\zip.dll
0x00007ffdc1ee0000 - 0x00007ffdc1ef9000 	C:\Program Files\Java\jdk-17.0.2\bin\net.dll
0x00007ffea4690000 - 0x00007ffea47c6000 	C:\WINDOWS\SYSTEM32\WINHTTP.dll
0x00007ffead990000 - 0x00007ffead9f9000 	C:\WINDOWS\system32\mswsock.dll
0x00007ffdc1ec0000 - 0x00007ffdc1ed6000 	C:\Program Files\Java\jdk-17.0.2\bin\nio.dll
0x00007ffe64bd0000 - 0x00007ffe64be0000 	C:\Program Files\Java\jdk-17.0.2\bin\verify.dll
0x00007ffea6a50000 - 0x00007ffea6a77000 	C:\Users\s5763\.gradle\native\c067742578af261105cb4f569cf0c3c89f3d7b1fecec35dd04571415982c5e48\windows-amd64\native-platform.dll
0x00007ffe0fae0000 - 0x00007ffe0fc24000 	C:\Users\s5763\.gradle\native\100fb08df4bc3b14c8652ba06237920a3bd2aa13389f12d3474272988ae205f9\windows-amd64\native-platform-file-events.dll
0x00007ffe9a570000 - 0x00007ffe9a579000 	C:\Program Files\Java\jdk-17.0.2\bin\management.dll
0x00007ffe919e0000 - 0x00007ffe919eb000 	C:\Program Files\Java\jdk-17.0.2\bin\management_ext.dll
0x00007ffeadc00000 - 0x00007ffeadc1b000 	C:\WINDOWS\SYSTEM32\CRYPTSP.dll
0x00007ffead3f0000 - 0x00007ffead425000 	C:\WINDOWS\system32\rsaenh.dll
0x00007ffeada80000 - 0x00007ffeadaa8000 	C:\WINDOWS\SYSTEM32\USERENV.dll
0x00007ffeadc20000 - 0x00007ffeadc2c000 	C:\WINDOWS\SYSTEM32\CRYPTBASE.dll
0x00007ffeace70000 - 0x00007ffeace9d000 	C:\WINDOWS\SYSTEM32\IPHLPAPI.DLL
0x00007ffeb0520000 - 0x00007ffeb0529000 	C:\WINDOWS\System32\NSI.dll
0x00007ffea45b0000 - 0x00007ffea45c9000 	C:\WINDOWS\SYSTEM32\dhcpcsvc6.DLL
0x00007ffea4590000 - 0x00007ffea45af000 	C:\WINDOWS\SYSTEM32\dhcpcsvc.DLL
0x00007ffeacee0000 - 0x00007ffeacfe2000 	C:\WINDOWS\SYSTEM32\DNSAPI.dll
0x00007ffe9a890000 - 0x00007ffe9a89e000 	C:\Program Files\Java\jdk-17.0.2\bin\sunmscapi.dll
0x00007ffeaeaf0000 - 0x00007ffeaec56000 	C:\WINDOWS\System32\CRYPT32.dll
0x00007ffeadda0000 - 0x00007ffeaddcd000 	C:\WINDOWS\SYSTEM32\ncrypt.dll
0x00007ffeadd60000 - 0x00007ffeadd97000 	C:\WINDOWS\SYSTEM32\NTASN1.dll
0x00007ffe19190000 - 0x00007ffe19198000 	C:\WINDOWS\system32\wshunix.dll

dbghelp: loaded successfully - version: 4.0.5 - missing functions: none
symbol engine: initialized successfully - sym options: 0x614 - pdb path: .;C:\Program Files\Java\jdk-17.0.2\bin;C:\WINDOWS\SYSTEM32;C:\WINDOWS\WinSxS\amd64_microsoft.windows.common-controls_6595b64144ccf1df_6.0.22621.3672_none_2713b9d173822955;C:\Program Files\Java\jdk-17.0.2\bin\server;C:\Users\s5763\.gradle\native\c067742578af261105cb4f569cf0c3c89f3d7b1fecec35dd04571415982c5e48\windows-amd64;C:\Users\s5763\.gradle\native\100fb08df4bc3b14c8652ba06237920a3bd2aa13389f12d3474272988ae205f9\windows-amd64

VM Arguments:
jvm_args: --add-opens=java.base/java.util=ALL-UNNAMED --add-opens=java.base/java.lang=ALL-UNNAMED --add-opens=java.base/java.lang.invoke=ALL-UNNAMED --add-opens=java.prefs/java.util.prefs=ALL-UNNAMED --add-exports=jdk.compiler/com.sun.tools.javac.api=ALL-UNNAMED --add-exports=jdk.compiler/com.sun.tools.javac.util=ALL-UNNAMED --add-opens=java.base/java.nio.charset=ALL-UNNAMED --add-opens=java.base/java.net=ALL-UNNAMED --add-opens=java.base/java.util.concurrent.atomic=ALL-UNNAMED -XX:MaxMetaspaceSize=384m -XX:+HeapDumpOnOutOfMemoryError -Xms256m -Xmx512m -Dfile.encoding=UTF-8 -Duser.country=KR -Duser.language=ko -Duser.variant -javaagent:C:\Users\s5763\.gradle\wrapper\dists\gradle-8.10.1-bin\e90i968nv55tch01zkse4avv3\gradle-8.10.1\lib\agents\gradle-instrumentation-agent-8.10.1.jar 
java_command: org.gradle.launcher.daemon.bootstrap.GradleDaemon 8.10.1
java_class_path (initial): C:\Users\s5763\.gradle\wrapper\dists\gradle-8.10.1-bin\e90i968nv55tch01zkse4avv3\gradle-8.10.1\lib\gradle-daemon-main-8.10.1.jar
Launcher Type: SUN_STANDARD

[Global flags]
     intx CICompilerCount                          = 4                                         {product} {ergonomic}
   size_t CompressedClassSpaceSize                 = 322961408                                 {product} {ergonomic}
     uint ConcGCThreads                            = 2                                         {product} {ergonomic}
     uint G1ConcRefinementThreads                  = 8                                         {product} {ergonomic}
   size_t G1HeapRegionSize                         = 1048576                                   {product} {ergonomic}
    uintx GCDrainStackTargetSize                   = 64                                        {product} {ergonomic}
     bool HeapDumpOnOutOfMemoryError               = true                                   {manageable} {command line}
   size_t InitialHeapSize                          = 268435456                                 {product} {command line}
   size_t MarkStackSize                            = 4194304                                   {product} {ergonomic}
   size_t MaxHeapSize                              = 536870912                                 {product} {command line}
   size_t MaxMetaspaceSize                         = 402653184                                 {product} {command line}
   size_t MaxNewSize                               = 321912832                                 {product} {ergonomic}
   size_t MinHeapDeltaBytes                        = 1048576                                   {product} {ergonomic}
   size_t MinHeapSize                              = 268435456                                 {product} {command line}
    uintx NonNMethodCodeHeapSize                   = 5839372                                {pd product} {ergonomic}
    uintx NonProfiledCodeHeapSize                  = 122909434                              {pd product} {ergonomic}
    uintx ProfiledCodeHeapSize                     = 122909434                              {pd product} {ergonomic}
    uintx ReservedCodeCacheSize                    = 251658240                              {pd product} {ergonomic}
     bool SegmentedCodeCache                       = true                                      {product} {ergonomic}
   size_t SoftMaxHeapSize                          = 536870912                              {manageable} {ergonomic}
     bool UseCompressedClassPointers               = true                           {product lp64_product} {ergonomic}
     bool UseCompressedOops                        = true                           {product lp64_product} {ergonomic}
     bool UseG1GC                                  = true                                      {product} {ergonomic}
     bool UseLargePagesIndividualAllocation        = false                                  {pd product} {ergonomic}

Logging:
Log output configuration:
 #0: stdout all=warning uptime,level,tags
 #1: stderr all=off uptime,level,tags

Environment Variables:
JAVA_HOME=C:\Program Files\Java\jdk-17.0.2
CLASSPATH=C:\Program Files\Java\jdk-17.0.2\lib
PATH=C:\Program Files\Eclipse Adoptium\jdk-17.0.12.7-hotspot\bin;C:\Program Files\Java\jdk-17.0.2\bin;C:\Program Files\nodejs\;C:\Users\s5763\AppData\Local\Programs\Python\Python39\Scripts\;C:\Users\s5763\AppData\Local\Programs\Python\Python39\;C:\Users\s5763\AppData\Local\Microsoft\WindowsApps;C:\Users\s5763\AppData\Local\Programs\Microsoft VS Code\bin;C:\Program Files (x86)\Dev-Cpp\MinGW64\bin;C:\Users\s5763\AppData\Roaming\TinyTeX\bin\windows;C:\Program Files\JetBrains\IntelliJ IDEA Community Edition 2024.1.4\bin;;C:\Program Files\Java\jdk-22;C:\Windows\System32\WindowsPowerShell\v1.0;;C:\Program Files\JetBrains\IntelliJ IDEA 2024.1.4\bin;;C:\Users\s5763\AppData\Roaming\npm
USERNAME=s5763
OS=Windows_NT
PROCESSOR_IDENTIFIER=Intel64 Family 6 Model 140 Stepping 1, GenuineIntel



---------------  S Y S T E M  ---------------

OS:
 Windows 11 , 64 bit Build 22621 (10.0.22621.3958)
OS uptime: 0 days 5:20 hours
Hyper-V role detected

CPU: total 8 (initial active 8) (4 cores per cpu, 2 threads per core) family 6 model 140 stepping 1 microcode 0xb4, cx8, cmov, fxsr, ht, mmx, 3dnowpref, sse, sse2, sse3, ssse3, sse4.1, sse4.2, popcnt, lzcnt, tsc, tscinvbit, avx, avx2, aes, erms, clmul, bmi1, bmi2, adx, avx512f, avx512dq, avx512cd, avx512bw, avx512vl, sha, fma, vzeroupper, avx512_vpopcntdq, avx512_vpclmulqdq, avx512_vaes, avx512_vnni, clflush, clflushopt, clwb, avx512_vbmi2, avx512_vbmi, hv

Memory: 4k page, system-wide physical 16057M (557M free)
TotalPageFile size 65209M (AvailPageFile size 57M)
current process WorkingSet (physical memory assigned to process): 231M, peak: 232M
current process commit charge ("private bytes"): 427M, peak: 429M

vm_info: Java HotSpot(TM) 64-Bit Server VM (17.0.2+8-LTS-86) for windows-amd64 JRE (17.0.2+8-LTS-86), built on Dec  7 2021 21:51:03 by "mach5one" with MS VC++ 16.8 / 16.9 (VS2019)

END.
